<?xml version="1.0" encoding="UTF-8"?>
<coverage generated="1776929732999" clover="3.2.0">
  <project timestamp="1776929732999" name="All files">
    <metrics statements="2643" coveredstatements="853" conditionals="2507" coveredconditionals="804" methods="633" coveredmethods="152" elements="5783" coveredelements="1809" complexity="0" loc="2643" ncloc="2643" packages="37" files="89" classes="89"/>
    <package name="app">
      <metrics statements="27" coveredstatements="0" conditionals="0" coveredconditionals="0" methods="6" coveredmethods="0"/>
      <file name="LandingClient.tsx" path="/Users/kriptos/crypto-signals/frontend/app/LandingClient.tsx">
        <metrics statements="10" coveredstatements="0" conditionals="0" coveredconditionals="0" methods="1" coveredmethods="0"/>
        <line num="3" count="0" type="stmt"/>
        <line num="4" count="0" type="stmt"/>
        <line num="5" count="0" type="stmt"/>
        <line num="6" count="0" type="stmt"/>
        <line num="7" count="0" type="stmt"/>
        <line num="8" count="0" type="stmt"/>
        <line num="9" count="0" type="stmt"/>
        <line num="10" count="0" type="stmt"/>
        <line num="11" count="0" type="stmt"/>
        <line num="13" count="0" type="stmt"/>
      </file>
      <file name="opengraph-image.tsx" path="/Users/kriptos/crypto-signals/frontend/app/opengraph-image.tsx">
        <metrics statements="7" coveredstatements="0" conditionals="0" coveredconditionals="0" methods="1" coveredmethods="0"/>
        <line num="1" count="0" type="stmt"/>
        <line num="3" count="0" type="stmt"/>
        <line num="5" count="0" type="stmt"/>
        <line num="6" count="0" type="stmt"/>
        <line num="8" count="0" type="stmt"/>
        <line num="10" count="0" type="stmt"/>
        <line num="11" count="0" type="stmt"/>
      </file>
      <file name="page.tsx" path="/Users/kriptos/crypto-signals/frontend/app/page.tsx">
        <metrics statements="4" coveredstatements="0" conditionals="0" coveredconditionals="0" methods="1" coveredmethods="0"/>
        <line num="2" count="0" type="stmt"/>
        <line num="4" count="0" type="stmt"/>
        <line num="26" count="0" type="stmt"/>
        <line num="27" count="0" type="stmt"/>
      </file>
      <file name="robots.ts" path="/Users/kriptos/crypto-signals/frontend/app/robots.ts">
        <metrics statements="2" coveredstatements="0" conditionals="0" coveredconditionals="0" methods="1" coveredmethods="0"/>
        <line num="3" count="0" type="stmt"/>
        <line num="4" count="0" type="stmt"/>
      </file>
      <file name="sitemap.ts" path="/Users/kriptos/crypto-signals/frontend/app/sitemap.ts">
        <metrics statements="4" coveredstatements="0" conditionals="0" coveredconditionals="0" methods="2" coveredmethods="0"/>
        <line num="3" count="0" type="stmt"/>
        <line num="5" count="0" type="stmt"/>
        <line num="6" count="0" type="stmt"/>
        <line num="31" count="0" type="stmt"/>
      </file>
    </package>
    <package name="app.about">
      <metrics statements="5" coveredstatements="0" conditionals="0" coveredconditionals="0" methods="1" coveredmethods="0"/>
      <file name="page.tsx" path="/Users/kriptos/crypto-signals/frontend/app/about/page.tsx">
        <metrics statements="5" coveredstatements="0" conditionals="0" coveredconditionals="0" methods="1" coveredmethods="0"/>
        <line num="2" count="0" type="stmt"/>
        <line num="3" count="0" type="stmt"/>
        <line num="4" count="0" type="stmt"/>
        <line num="6" count="0" type="stmt"/>
        <line num="22" count="0" type="stmt"/>
      </file>
    </package>
    <package name="app.admin">
      <metrics statements="111" coveredstatements="0" conditionals="111" coveredconditionals="0" methods="26" coveredmethods="0"/>
      <file name="page.tsx" path="/Users/kriptos/crypto-signals/frontend/app/admin/page.tsx">
        <metrics statements="111" coveredstatements="0" conditionals="111" coveredconditionals="0" methods="26" coveredmethods="0"/>
        <line num="3" count="0" type="stmt"/>
        <line num="4" count="0" type="stmt"/>
        <line num="5" count="0" type="stmt"/>
        <line num="6" count="0" type="stmt"/>
        <line num="7" count="0" type="stmt"/>
        <line num="8" count="0" type="stmt"/>
        <line num="9" count="0" type="stmt"/>
        <line num="10" count="0" type="stmt"/>
        <line num="11" count="0" type="stmt"/>
        <line num="12" count="0" type="stmt"/>
        <line num="13" count="0" type="stmt"/>
        <line num="14" count="0" type="stmt"/>
        <line num="15" count="0" type="stmt"/>
        <line num="16" count="0" type="stmt"/>
        <line num="17" count="0" type="stmt"/>
        <line num="19" count="0" type="stmt"/>
        <line num="47" count="0" type="stmt"/>
        <line num="48" count="0" type="stmt"/>
        <line num="51" count="0" type="stmt"/>
        <line num="52" count="0" type="stmt"/>
        <line num="53" count="0" type="stmt"/>
        <line num="54" count="0" type="stmt"/>
        <line num="55" count="0" type="stmt"/>
        <line num="56" count="0" type="stmt"/>
        <line num="57" count="0" type="stmt"/>
        <line num="58" count="0" type="stmt"/>
        <line num="59" count="0" type="stmt"/>
        <line num="60" count="0" type="stmt"/>
        <line num="61" count="0" type="stmt"/>
        <line num="62" count="0" type="stmt"/>
        <line num="63" count="0" type="stmt"/>
        <line num="64" count="0" type="stmt"/>
        <line num="65" count="0" type="stmt"/>
        <line num="66" count="0" type="stmt"/>
        <line num="67" count="0" type="stmt"/>
        <line num="68" count="0" type="stmt"/>
        <line num="70" count="0" type="stmt"/>
        <line num="71" count="0" type="cond" truecount="0" falsecount="4"/>
        <line num="72" count="0" type="stmt"/>
        <line num="76" count="0" type="stmt"/>
        <line num="77" count="0" type="cond" truecount="0" falsecount="2"/>
        <line num="78" count="0" type="stmt"/>
        <line num="79" count="0" type="stmt"/>
        <line num="80" count="0" type="stmt"/>
        <line num="85" count="0" type="cond" truecount="0" falsecount="4"/>
        <line num="86" count="0" type="cond" truecount="0" falsecount="2"/>
        <line num="87" count="0" type="cond" truecount="0" falsecount="2"/>
        <line num="89" count="0" type="stmt"/>
        <line num="90" count="0" type="stmt"/>
        <line num="91" count="0" type="cond" truecount="0" falsecount="2"/>
        <line num="92" count="0" type="stmt"/>
        <line num="93" count="0" type="cond" truecount="0" falsecount="2"/>
        <line num="94" count="0" type="stmt"/>
        <line num="96" count="0" type="stmt"/>
        <line num="102" count="0" type="cond" truecount="0" falsecount="2"/>
        <line num="103" count="0" type="cond" truecount="0" falsecount="2"/>
        <line num="104" count="0" type="cond" truecount="0" falsecount="2"/>
        <line num="105" count="0" type="cond" truecount="0" falsecount="2"/>
        <line num="107" count="0" type="stmt"/>
        <line num="109" count="0" type="stmt"/>
        <line num="113" count="0" type="stmt"/>
        <line num="116" count="0" type="stmt"/>
        <line num="117" count="0" type="stmt"/>
        <line num="119" count="0" type="cond" truecount="0" falsecount="2"/>
        <line num="121" count="0" type="cond" truecount="0" falsecount="2"/>
        <line num="122" count="0" type="cond" truecount="0" falsecount="2"/>
        <line num="126" count="0" type="stmt"/>
        <line num="127" count="0" type="cond" truecount="0" falsecount="2"/>
        <line num="133" count="0" type="stmt"/>
        <line num="134" count="0" type="stmt"/>
        <line num="135" count="0" type="stmt"/>
        <line num="142" count="0" type="cond" truecount="0" falsecount="2"/>
        <line num="143" count="0" type="stmt"/>
        <line num="144" count="0" type="cond" truecount="0" falsecount="2"/>
        <line num="146" count="0" type="cond" truecount="0" falsecount="2"/>
        <line num="148" count="0" type="stmt"/>
        <line num="152" count="0" type="stmt"/>
        <line num="153" count="0" type="stmt"/>
        <line num="154" count="0" type="stmt"/>
        <line num="155" count="0" type="stmt"/>
        <line num="156" count="0" type="stmt"/>
        <line num="163" count="0" type="stmt"/>
        <line num="164" count="0" type="cond" truecount="0" falsecount="4"/>
        <line num="165" count="0" type="stmt"/>
        <line num="167" count="0" type="stmt"/>
        <line num="169" count="0" type="stmt"/>
        <line num="173" count="0" type="stmt"/>
        <line num="174" count="0" type="stmt"/>
        <line num="175" count="0" type="stmt"/>
        <line num="182" count="0" type="cond" truecount="0" falsecount="2"/>
        <line num="183" count="0" type="stmt"/>
        <line num="184" count="0" type="cond" truecount="0" falsecount="2"/>
        <line num="186" count="0" type="cond" truecount="0" falsecount="2"/>
        <line num="188" count="0" type="stmt"/>
        <line num="192" count="0" type="cond" truecount="0" falsecount="4"/>
        <line num="202" count="0" type="cond" truecount="0" falsecount="2"/>
        <line num="203" count="0" type="stmt"/>
        <line num="261" count="0" type="stmt"/>
        <line num="270" count="0" type="stmt"/>
        <line num="329" count="0" type="stmt"/>
        <line num="330" count="0" type="stmt"/>
        <line num="331" count="0" type="stmt"/>
        <line num="335" count="0" type="cond" truecount="0" falsecount="2"/>
        <line num="337" count="0" type="stmt"/>
        <line num="397" count="0" type="stmt"/>
        <line num="454" count="0" type="stmt"/>
        <line num="486" count="0" type="stmt"/>
        <line num="530" count="0" type="stmt"/>
        <line num="544" count="0" type="stmt"/>
        <line num="590" count="0" type="stmt"/>
        <line num="639" count="0" type="stmt"/>
      </file>
    </package>
    <package name="app.app">
      <metrics statements="159" coveredstatements="147" conditionals="304" coveredconditionals="251" methods="22" coveredmethods="18"/>
      <file name="AppClient.tsx" path="/Users/kriptos/crypto-signals/frontend/app/app/AppClient.tsx">
        <metrics statements="155" coveredstatements="143" conditionals="304" coveredconditionals="251" methods="21" coveredmethods="17"/>
        <line num="3" count="1" type="stmt"/>
        <line num="4" count="1" type="stmt"/>
        <line num="6" count="1" type="stmt"/>
        <line num="7" count="1" type="stmt"/>
        <line num="8" count="1" type="stmt"/>
        <line num="9" count="1" type="stmt"/>
        <line num="10" count="1" type="stmt"/>
        <line num="11" count="1" type="stmt"/>
        <line num="12" count="1" type="stmt"/>
        <line num="13" count="1" type="stmt"/>
        <line num="14" count="1" type="stmt"/>
        <line num="16" count="1" type="stmt"/>
        <line num="17" count="1" type="stmt"/>
        <line num="19" count="1" type="stmt"/>
        <line num="20" count="1" type="stmt"/>
        <line num="21" count="1" type="stmt"/>
        <line num="22" count="1" type="stmt"/>
        <line num="23" count="1" type="stmt"/>
        <line num="25" count="1" type="stmt"/>
        <line num="26" count="1" type="stmt"/>
        <line num="27" count="1" type="stmt"/>
        <line num="28" count="1" type="stmt"/>
        <line num="32" count="1" type="stmt"/>
        <line num="34" count="1" type="stmt"/>
        <line num="36" count="1" type="stmt"/>
        <line num="46" count="22" type="stmt"/>
        <line num="54" count="22" type="cond" truecount="1" falsecount="1"/>
        <line num="113" count="38" type="stmt"/>
        <line num="114" count="38" type="cond" truecount="2" falsecount="0"/>
        <line num="115" count="10" type="cond" truecount="1" falsecount="1"/>
        <line num="116" count="10" type="cond" truecount="1" falsecount="1"/>
        <line num="117" count="10" type="stmt"/>
        <line num="186" count="11" type="stmt"/>
        <line num="187" count="11" type="cond" truecount="2" falsecount="0"/>
        <line num="188" count="11" type="cond" truecount="3" falsecount="1"/>
        <line num="243" count="11" type="stmt"/>
        <line num="244" count="11" type="cond" truecount="2" falsecount="0"/>
        <line num="248" count="24" type="stmt"/>
        <line num="256" count="5" type="cond" truecount="2" falsecount="0"/>
        <line num="257" count="5" type="cond" truecount="3" falsecount="1"/>
        <line num="258" count="5" type="cond" truecount="3" falsecount="1"/>
        <line num="259" count="5" type="cond" truecount="3" falsecount="1"/>
        <line num="289" count="11" type="stmt"/>
        <line num="290" count="11" type="cond" truecount="2" falsecount="0"/>
        <line num="291" count="11" type="cond" truecount="3" falsecount="1"/>
        <line num="292" count="11" type="stmt"/>
        <line num="319" count="11" type="stmt"/>
        <line num="320" count="11" type="cond" truecount="1" falsecount="1"/>
        <line num="321" count="11" type="cond" truecount="2" falsecount="0"/>
        <line num="322" count="11" type="cond" truecount="2" falsecount="0"/>
        <line num="323" count="11" type="cond" truecount="2" falsecount="0"/>
        <line num="324" count="11" type="cond" truecount="2" falsecount="0"/>
        <line num="326" count="11" type="stmt"/>
        <line num="327" count="11" type="stmt"/>
        <line num="328" count="11" type="stmt"/>
        <line num="329" count="11" type="stmt"/>
        <line num="330" count="11" type="stmt"/>
        <line num="417" count="7" type="stmt"/>
        <line num="418" count="18" type="stmt"/>
        <line num="419" count="17" type="stmt"/>
        <line num="420" count="17" type="stmt"/>
        <line num="421" count="17" type="stmt"/>
        <line num="422" count="17" type="stmt"/>
        <line num="423" count="17" type="stmt"/>
        <line num="425" count="17" type="stmt"/>
        <line num="426" count="6" type="stmt"/>
        <line num="427" count="6" type="stmt"/>
        <line num="428" count="6" type="stmt"/>
        <line num="430" count="17" type="stmt"/>
        <line num="431" count="17" type="stmt"/>
        <line num="432" count="17" type="stmt"/>
        <line num="471" count="17" type="stmt"/>
        <line num="473" count="17" type="stmt"/>
        <line num="474" count="17" type="stmt"/>
        <line num="479" count="17" type="stmt"/>
        <line num="480" count="6" type="stmt"/>
        <line num="484" count="17" type="stmt"/>
        <line num="485" count="6" type="stmt"/>
        <line num="493" count="6" type="cond" truecount="1" falsecount="1"/>
        <line num="496" count="17" type="stmt"/>
        <line num="499" count="6" type="cond" truecount="1" falsecount="1"/>
        <line num="500" count="6" type="stmt"/>
        <line num="502" count="6" type="stmt"/>
        <line num="504" count="6" type="stmt"/>
        <line num="505" count="6" type="stmt"/>
        <line num="508" count="6" type="stmt"/>
        <line num="509" count="6" type="stmt"/>
        <line num="518" count="6" type="cond" truecount="2" falsecount="0"/>
        <line num="519" count="6" type="cond" truecount="2" falsecount="0"/>
        <line num="520" count="6" type="cond" truecount="2" falsecount="0"/>
        <line num="521" count="6" type="cond" truecount="2" falsecount="0"/>
        <line num="522" count="6" type="cond" truecount="2" falsecount="0"/>
        <line num="523" count="6" type="cond" truecount="2" falsecount="0"/>
        <line num="526" count="6" type="stmt"/>
        <line num="527" count="6" type="stmt"/>
        <line num="529" count="6" type="stmt"/>
        <line num="531" count="6" type="cond" truecount="2" falsecount="0"/>
        <line num="532" count="3" type="stmt"/>
        <line num="533" count="3" type="stmt"/>
        <line num="534" count="3" type="stmt"/>
        <line num="536" count="0" type="stmt"/>
        <line num="537" count="0" type="stmt"/>
        <line num="540" count="3" type="stmt"/>
        <line num="541" count="3" type="stmt"/>
        <line num="546" count="6" type="cond" truecount="2" falsecount="0"/>
        <line num="547" count="3" type="stmt"/>
        <line num="549" count="3" type="stmt"/>
        <line num="550" count="3" type="stmt"/>
        <line num="553" count="6" type="cond" truecount="2" falsecount="0"/>
        <line num="554" count="3" type="stmt"/>
        <line num="555" count="3" type="stmt"/>
        <line num="557" count="3" type="stmt"/>
        <line num="558" count="3" type="stmt"/>
        <line num="561" count="6" type="cond" truecount="2" falsecount="0"/>
        <line num="562" count="3" type="stmt"/>
        <line num="564" count="3" type="stmt"/>
        <line num="567" count="6" type="cond" truecount="2" falsecount="0"/>
        <line num="568" count="3" type="stmt"/>
        <line num="570" count="3" type="stmt"/>
        <line num="573" count="6" type="stmt"/>
        <line num="574" count="6" type="cond" truecount="2" falsecount="0"/>
        <line num="575" count="2" type="stmt"/>
        <line num="577" count="4" type="stmt"/>
        <line num="581" count="6" type="stmt"/>
        <line num="583" count="6" type="stmt"/>
        <line num="584" count="6" type="cond" truecount="4" falsecount="0"/>
        <line num="585" count="6" type="cond" truecount="2" falsecount="0"/>
        <line num="588" count="6" type="cond" truecount="2" falsecount="0"/>
        <line num="589" count="3" type="stmt"/>
        <line num="590" count="3" type="cond" truecount="1" falsecount="1"/>
        <line num="591" count="3" type="stmt"/>
        <line num="594" count="6" type="stmt"/>
        <line num="596" count="6" type="stmt"/>
        <line num="637" count="6" type="stmt"/>
        <line num="646" count="6" type="stmt"/>
        <line num="647" count="6" type="stmt"/>
        <line num="649" count="6" type="cond" truecount="1" falsecount="1"/>
        <line num="656" count="6" type="stmt"/>
        <line num="660" count="0" type="stmt"/>
        <line num="661" count="0" type="stmt"/>
        <line num="664" count="0" type="cond" truecount="0" falsecount="6"/>
        <line num="668" count="0" type="cond" truecount="0" falsecount="4"/>
        <line num="669" count="0" type="stmt"/>
        <line num="710" count="0" type="stmt"/>
        <line num="721" count="0" type="cond" truecount="0" falsecount="4"/>
        <line num="724" count="6" type="stmt"/>
        <line num="725" count="6" type="stmt"/>
        <line num="729" count="6" type="stmt"/>
        <line num="730" count="6" type="stmt"/>
        <line num="731" count="6" type="stmt"/>
        <line num="735" count="17" type="cond" truecount="2" falsecount="0"/>
        <line num="766" count="0" type="stmt"/>
        <line num="773" count="66" type="stmt"/>
        <line num="778" count="0" type="stmt"/>
        <line num="832" count="0" type="stmt"/>
      </file>
      <file name="page.tsx" path="/Users/kriptos/crypto-signals/frontend/app/app/page.tsx">
        <metrics statements="4" coveredstatements="4" conditionals="0" coveredconditionals="0" methods="1" coveredmethods="1"/>
        <line num="2" count="1" type="stmt"/>
        <line num="4" count="1" type="stmt"/>
        <line num="13" count="6" type="stmt"/>
        <line num="14" count="7" type="stmt"/>
      </file>
    </package>
    <package name="app.auth.callback">
      <metrics statements="30" coveredstatements="0" conditionals="6" coveredconditionals="0" methods="4" coveredmethods="0"/>
      <file name="page.tsx" path="/Users/kriptos/crypto-signals/frontend/app/auth/callback/page.tsx">
        <metrics statements="30" coveredstatements="0" conditionals="6" coveredconditionals="0" methods="4" coveredmethods="0"/>
        <line num="3" count="0" type="stmt"/>
        <line num="5" count="0" type="stmt"/>
        <line num="6" count="0" type="stmt"/>
        <line num="10" count="0" type="stmt"/>
        <line num="11" count="0" type="stmt"/>
        <line num="13" count="0" type="stmt"/>
        <line num="14" count="0" type="stmt"/>
        <line num="15" count="0" type="stmt"/>
        <line num="16" count="0" type="stmt"/>
        <line num="17" count="0" type="stmt"/>
        <line num="19" count="0" type="cond" truecount="0" falsecount="2"/>
        <line num="20" count="0" type="stmt"/>
        <line num="24" count="0" type="stmt"/>
        <line num="25" count="0" type="stmt"/>
        <line num="28" count="0" type="cond" truecount="0" falsecount="2"/>
        <line num="29" count="0" type="stmt"/>
        <line num="33" count="0" type="stmt"/>
        <line num="34" count="0" type="stmt"/>
        <line num="38" count="0" type="stmt"/>
        <line num="39" count="0" type="stmt"/>
        <line num="40" count="0" type="stmt"/>
        <line num="50" count="0" type="cond" truecount="0" falsecount="2"/>
        <line num="51" count="0" type="stmt"/>
        <line num="54" count="0" type="stmt"/>
        <line num="56" count="0" type="stmt"/>
        <line num="64" count="0" type="stmt"/>
        <line num="66" count="0" type="stmt"/>
        <line num="70" count="0" type="stmt"/>
        <line num="74" count="0" type="stmt"/>
        <line num="88" count="0" type="stmt"/>
      </file>
    </package>
    <package name="app.components">
      <metrics statements="800" coveredstatements="502" conditionals="781" coveredconditionals="400" methods="197" coveredmethods="105"/>
      <file name="AssetCardTabs.tsx" path="/Users/kriptos/crypto-signals/frontend/app/components/AssetCardTabs.tsx">
        <metrics statements="14" coveredstatements="0" conditionals="28" coveredconditionals="0" methods="3" coveredmethods="0"/>
        <line num="3" count="0" type="stmt"/>
        <line num="4" count="0" type="stmt"/>
        <line num="5" count="0" type="stmt"/>
        <line num="21" count="0" type="stmt"/>
        <line num="31" count="0" type="stmt"/>
        <line num="40" count="0" type="stmt"/>
        <line num="41" count="0" type="stmt"/>
        <line num="42" count="0" type="stmt"/>
        <line num="43" count="0" type="stmt"/>
        <line num="45" count="0" type="cond" truecount="0" falsecount="2"/>
        <line num="47" count="0" type="stmt"/>
        <line num="48" count="0" type="stmt"/>
        <line num="55" count="0" type="stmt"/>
        <line num="57" count="0" type="stmt"/>
      </file>
      <file name="AuthModal.tsx" path="/Users/kriptos/crypto-signals/frontend/app/components/AuthModal.tsx">
        <metrics statements="36" coveredstatements="35" conditionals="19" coveredconditionals="17" methods="7" coveredmethods="6"/>
        <line num="3" count="2" type="stmt"/>
        <line num="4" count="2" type="stmt"/>
        <line num="6" count="2" type="stmt"/>
        <line num="7" count="2" type="stmt"/>
        <line num="8" count="2" type="stmt"/>
        <line num="10" count="2" type="stmt"/>
        <line num="11" count="2" type="stmt"/>
        <line num="12" count="2" type="stmt"/>
        <line num="20" count="18" type="cond" truecount="1" falsecount="0"/>
        <line num="21" count="32" type="stmt"/>
        <line num="22" count="32" type="stmt"/>
        <line num="23" count="32" type="stmt"/>
        <line num="24" count="32" type="stmt"/>
        <line num="25" count="32" type="stmt"/>
        <line num="26" count="32" type="stmt"/>
        <line num="27" count="32" type="stmt"/>
        <line num="28" count="32" type="stmt"/>
        <line num="29" count="32" type="stmt"/>
        <line num="31" count="32" type="stmt"/>
        <line num="32" count="3" type="stmt"/>
        <line num="33" count="3" type="stmt"/>
        <line num="34" count="3" type="stmt"/>
        <line num="35" count="3" type="stmt"/>
        <line num="36" count="3" type="cond" truecount="2" falsecount="0"/>
        <line num="37" count="2" type="stmt"/>
        <line num="38" count="1" type="stmt"/>
        <line num="40" count="1" type="cond" truecount="1" falsecount="1"/>
        <line num="41" count="1" type="stmt"/>
        <line num="42" count="1" type="stmt"/>
        <line num="45" count="1" type="cond" truecount="1" falsecount="1"/>
        <line num="47" count="3" type="stmt"/>
        <line num="65" count="0" type="stmt"/>
        <line num="73" count="1" type="stmt"/>
        <line num="86" count="3" type="stmt"/>
        <line num="90" count="3" type="stmt"/>
        <line num="95" count="1" type="stmt"/>
      </file>
      <file name="CoinSearch.tsx" path="/Users/kriptos/crypto-signals/frontend/app/components/CoinSearch.tsx">
        <metrics statements="92" coveredstatements="49" conditionals="59" coveredconditionals="10" methods="26" coveredmethods="8"/>
        <line num="3" count="1" type="stmt"/>
        <line num="4" count="1" type="stmt"/>
        <line num="5" count="1" type="stmt"/>
        <line num="6" count="1" type="stmt"/>
        <line num="21" count="1" type="stmt"/>
        <line num="23" count="11" type="cond" truecount="0" falsecount="1"/>
        <line num="24" count="17" type="stmt"/>
        <line num="25" count="17" type="stmt"/>
        <line num="26" count="17" type="stmt"/>
        <line num="27" count="17" type="stmt"/>
        <line num="28" count="17" type="stmt"/>
        <line num="29" count="17" type="stmt"/>
        <line num="30" count="17" type="stmt"/>
        <line num="31" count="17" type="stmt"/>
        <line num="32" count="17" type="stmt"/>
        <line num="34" count="17" type="stmt"/>
        <line num="35" count="6" type="stmt"/>
        <line num="36" count="6" type="cond" truecount="1" falsecount="1"/>
        <line num="37" count="6" type="stmt"/>
        <line num="38" count="6" type="stmt"/>
        <line num="39" count="6" type="stmt"/>
        <line num="42" count="17" type="stmt"/>
        <line num="43" count="6" type="stmt"/>
        <line num="44" count="6" type="stmt"/>
        <line num="45" count="6" type="stmt"/>
        <line num="46" count="5" type="stmt"/>
        <line num="47" count="2" type="cond" truecount="1" falsecount="1"/>
        <line num="48" count="0" type="stmt"/>
        <line num="49" count="0" type="stmt"/>
        <line num="51" count="2" type="stmt"/>
        <line num="54" count="4" type="stmt"/>
        <line num="55" count="4" type="cond" truecount="1" falsecount="1"/>
        <line num="57" count="6" type="stmt"/>
        <line num="61" count="17" type="stmt"/>
        <line num="62" count="6" type="cond" truecount="1" falsecount="1"/>
        <line num="63" count="6" type="cond" truecount="1" falsecount="1"/>
        <line num="64" count="6" type="stmt"/>
        <line num="65" count="6" type="stmt"/>
        <line num="66" count="6" type="stmt"/>
        <line num="68" count="0" type="stmt"/>
        <line num="69" count="0" type="stmt"/>
        <line num="70" count="0" type="stmt"/>
        <line num="74" count="17" type="stmt"/>
        <line num="75" count="6" type="stmt"/>
        <line num="78" count="17" type="stmt"/>
        <line num="80" count="0" type="cond" truecount="0" falsecount="4"/>
        <line num="82" count="0" type="stmt"/>
        <line num="83" count="0" type="stmt"/>
        <line num="84" count="0" type="stmt"/>
        <line num="86" count="0" type="stmt"/>
        <line num="87" count="0" type="stmt"/>
        <line num="88" count="0" type="stmt"/>
        <line num="90" count="0" type="stmt"/>
        <line num="91" count="0" type="cond" truecount="0" falsecount="2"/>
        <line num="92" count="0" type="stmt"/>
        <line num="94" count="0" type="stmt"/>
        <line num="96" count="0" type="stmt"/>
        <line num="97" count="0" type="stmt"/>
        <line num="98" count="0" type="stmt"/>
        <line num="104" count="17" type="stmt"/>
        <line num="105" count="0" type="stmt"/>
        <line num="106" count="0" type="stmt"/>
        <line num="107" count="0" type="stmt"/>
        <line num="108" count="0" type="stmt"/>
        <line num="111" count="17" type="stmt"/>
        <line num="112" count="0" type="stmt"/>
        <line num="113" count="0" type="cond" truecount="0" falsecount="2"/>
        <line num="114" count="0" type="stmt"/>
        <line num="116" count="0" type="stmt"/>
        <line num="117" count="0" type="stmt"/>
        <line num="120" count="17" type="stmt"/>
        <line num="121" count="0" type="cond" truecount="0" falsecount="2"/>
        <line num="122" count="0" type="cond" truecount="0" falsecount="2"/>
        <line num="123" count="0" type="stmt"/>
        <line num="126" count="17" type="stmt"/>
        <line num="127" count="6" type="stmt"/>
        <line num="128" count="0" type="cond" truecount="0" falsecount="4"/>
        <line num="129" count="0" type="stmt"/>
        <line num="132" count="6" type="stmt"/>
        <line num="133" count="6" type="stmt"/>
        <line num="136" count="17" type="stmt"/>
        <line num="137" count="17" type="stmt"/>
        <line num="144" count="0" type="stmt"/>
        <line num="145" count="0" type="stmt"/>
        <line num="153" count="0" type="stmt"/>
        <line num="154" count="0" type="stmt"/>
        <line num="185" count="0" type="stmt"/>
        <line num="186" count="0" type="stmt"/>
        <line num="187" count="0" type="stmt"/>
        <line num="189" count="0" type="stmt"/>
        <line num="192" count="0" type="stmt"/>
        <line num="237" count="0" type="stmt"/>
      </file>
      <file name="CryptoChart.tsx" path="/Users/kriptos/crypto-signals/frontend/app/components/CryptoChart.tsx">
        <metrics statements="33" coveredstatements="0" conditionals="27" coveredconditionals="0" methods="10" coveredmethods="0"/>
        <line num="3" count="0" type="stmt"/>
        <line num="4" count="0" type="stmt"/>
        <line num="20" count="0" type="stmt"/>
        <line num="21" count="0" type="cond" truecount="0" falsecount="5"/>
        <line num="22" count="0" type="stmt"/>
        <line num="43" count="0" type="stmt"/>
        <line num="46" count="0" type="stmt"/>
        <line num="47" count="0" type="stmt"/>
        <line num="48" count="0" type="stmt"/>
        <line num="50" count="0" type="stmt"/>
        <line num="51" count="0" type="stmt"/>
        <line num="54" count="0" type="stmt"/>
        <line num="55" count="0" type="stmt"/>
        <line num="56" count="0" type="stmt"/>
        <line num="57" count="0" type="cond" truecount="0" falsecount="4"/>
        <line num="58" count="0" type="stmt"/>
        <line num="59" count="0" type="stmt"/>
        <line num="61" count="0" type="stmt"/>
        <line num="62" count="0" type="stmt"/>
        <line num="63" count="0" type="stmt"/>
        <line num="64" count="0" type="stmt"/>
        <line num="65" count="0" type="stmt"/>
        <line num="67" count="0" type="stmt"/>
        <line num="77" count="0" type="stmt"/>
        <line num="80" count="0" type="stmt"/>
        <line num="82" count="0" type="stmt"/>
        <line num="83" count="0" type="stmt"/>
        <line num="86" count="0" type="stmt"/>
        <line num="89" count="0" type="cond" truecount="0" falsecount="2"/>
        <line num="90" count="0" type="cond" truecount="0" falsecount="2"/>
        <line num="93" count="0" type="cond" truecount="0" falsecount="2"/>
        <line num="101" count="0" type="cond" truecount="0" falsecount="2"/>
        <line num="133" count="0" type="stmt"/>
      </file>
      <file name="EntryLevels.tsx" path="/Users/kriptos/crypto-signals/frontend/app/components/EntryLevels.tsx">
        <metrics statements="68" coveredstatements="60" conditionals="87" coveredconditionals="61" methods="11" coveredmethods="11"/>
        <line num="3" count="2" type="stmt"/>
        <line num="4" count="2" type="stmt"/>
        <line num="10" count="2" type="stmt"/>
        <line num="11" count="2" type="stmt"/>
        <line num="12" count="2" type="stmt"/>
        <line num="57" count="9" type="cond" truecount="1" falsecount="1"/>
        <line num="64" count="9" type="cond" truecount="1" falsecount="1"/>
        <line num="71" count="9" type="cond" truecount="1" falsecount="1"/>
        <line num="77" count="9" type="cond" truecount="1" falsecount="1"/>
        <line num="119" count="9" type="cond" truecount="2" falsecount="0"/>
        <line num="120" count="3" type="cond" truecount="1" falsecount="1"/>
        <line num="121" count="0" type="stmt"/>
        <line num="125" count="3" type="cond" truecount="1" falsecount="1"/>
        <line num="126" count="0" type="stmt"/>
        <line num="130" count="3" type="stmt"/>
        <line num="136" count="6" type="cond" truecount="2" falsecount="0"/>
        <line num="137" count="3" type="cond" truecount="1" falsecount="1"/>
        <line num="138" count="0" type="stmt"/>
        <line num="142" count="3" type="cond" truecount="1" falsecount="1"/>
        <line num="143" count="0" type="stmt"/>
        <line num="147" count="3" type="stmt"/>
        <line num="154" count="3" type="cond" truecount="1" falsecount="1"/>
        <line num="155" count="0" type="stmt"/>
        <line num="159" count="3" type="cond" truecount="1" falsecount="1"/>
        <line num="160" count="0" type="stmt"/>
        <line num="164" count="3" type="stmt"/>
        <line num="170" count="19" type="stmt"/>
        <line num="171" count="19" type="stmt"/>
        <line num="172" count="19" type="cond" truecount="2" falsecount="0"/>
        <line num="181" count="42" type="stmt"/>
        <line num="188" count="12" type="cond" truecount="2" falsecount="0"/>
        <line num="190" count="12" type="cond" truecount="2" falsecount="0"/>
        <line num="199" count="9" type="stmt"/>
        <line num="200" count="45" type="stmt"/>
        <line num="204" count="9" type="stmt"/>
        <line num="205" count="45" type="cond" truecount="2" falsecount="0"/>
        <line num="206" count="30" type="cond" truecount="2" falsecount="0"/>
        <line num="207" count="9" type="stmt"/>
        <line num="211" count="9" type="cond" truecount="2" falsecount="0"/>
        <line num="212" count="9" type="cond" truecount="1" falsecount="1"/>
        <line num="215" count="9" type="stmt"/>
        <line num="216" count="9" type="stmt"/>
        <line num="217" count="9" type="stmt"/>
        <line num="218" count="9" type="stmt"/>
        <line num="221" count="9" type="stmt"/>
        <line num="222" count="54" type="stmt"/>
        <line num="225" count="9" type="stmt"/>
        <line num="228" count="9" type="stmt"/>
        <line num="264" count="64" type="stmt"/>
        <line num="267" count="9" type="cond" truecount="2" falsecount="0"/>
        <line num="270" count="9" type="cond" truecount="2" falsecount="0"/>
        <line num="273" count="9" type="cond" truecount="2" falsecount="0"/>
        <line num="352" count="45" type="stmt"/>
        <line num="353" count="45" type="stmt"/>
        <line num="354" count="45" type="stmt"/>
        <line num="355" count="45" type="stmt"/>
        <line num="357" count="45" type="stmt"/>
        <line num="416" count="45" type="stmt"/>
        <line num="417" count="45" type="cond" truecount="2" falsecount="0"/>
        <line num="418" count="5" type="cond" truecount="1" falsecount="1"/>
        <line num="419" count="5" type="cond" truecount="1" falsecount="1"/>
        <line num="420" count="0" type="stmt"/>
        <line num="442" count="45" type="stmt"/>
        <line num="443" count="45" type="cond" truecount="2" falsecount="0"/>
        <line num="444" count="40" type="stmt"/>
        <line num="445" count="5" type="cond" truecount="1" falsecount="1"/>
        <line num="446" count="5" type="cond" truecount="1" falsecount="1"/>
        <line num="447" count="0" type="stmt"/>
      </file>
      <file name="Footer.tsx" path="/Users/kriptos/crypto-signals/frontend/app/components/Footer.tsx">
        <metrics statements="4" coveredstatements="0" conditionals="0" coveredconditionals="0" methods="1" coveredmethods="0"/>
        <line num="3" count="0" type="stmt"/>
        <line num="4" count="0" type="stmt"/>
        <line num="6" count="0" type="stmt"/>
        <line num="7" count="0" type="stmt"/>
      </file>
      <file name="FundamentalsCard.tsx" path="/Users/kriptos/crypto-signals/frontend/app/components/FundamentalsCard.tsx">
        <metrics statements="57" coveredstatements="54" conditionals="90" coveredconditionals="68" methods="13" coveredmethods="13"/>
        <line num="3" count="2" type="stmt"/>
        <line num="4" count="2" type="stmt"/>
        <line num="5" count="2" type="stmt"/>
        <line num="6" count="2" type="stmt"/>
        <line num="7" count="2" type="stmt"/>
        <line num="8" count="2" type="stmt"/>
        <line num="10" count="2" type="stmt"/>
        <line num="42" count="2" type="stmt"/>
        <line num="50" count="1" type="cond" truecount="1" falsecount="1"/>
        <line num="51" count="1" type="cond" truecount="1" falsecount="1"/>
        <line num="52" count="0" type="cond" truecount="0" falsecount="2"/>
        <line num="53" count="0" type="stmt"/>
        <line num="57" count="1" type="cond" truecount="1" falsecount="1"/>
        <line num="58" count="1" type="cond" truecount="1" falsecount="1"/>
        <line num="59" count="1" type="cond" truecount="1" falsecount="1"/>
        <line num="60" count="1" type="cond" truecount="1" falsecount="1"/>
        <line num="61" count="0" type="stmt"/>
        <line num="65" count="3" type="cond" truecount="1" falsecount="1"/>
        <line num="66" count="3" type="cond" truecount="2" falsecount="0"/>
        <line num="67" count="1" type="stmt"/>
        <line num="118" count="22" type="stmt"/>
        <line num="133" count="22" type="stmt"/>
        <line num="141" count="16" type="stmt"/>
        <line num="142" count="20" type="stmt"/>
        <line num="143" count="20" type="stmt"/>
        <line num="144" count="20" type="stmt"/>
        <line num="146" count="20" type="stmt"/>
        <line num="147" count="11" type="stmt"/>
        <line num="148" count="11" type="stmt"/>
        <line num="149" count="11" type="stmt"/>
        <line num="150" count="11" type="stmt"/>
        <line num="156" count="11" type="cond" truecount="4" falsecount="0"/>
        <line num="157" count="10" type="cond" truecount="4" falsecount="0"/>
        <line num="158" count="10" type="cond" truecount="4" falsecount="0"/>
        <line num="160" count="10" type="stmt"/>
        <line num="162" count="1" type="stmt"/>
        <line num="164" count="11" type="stmt"/>
        <line num="168" count="11" type="stmt"/>
        <line num="171" count="20" type="cond" truecount="2" falsecount="0"/>
        <line num="173" count="20" type="cond" truecount="2" falsecount="0"/>
        <line num="191" count="9" type="cond" truecount="3" falsecount="0"/>
        <line num="193" count="9" type="cond" truecount="2" falsecount="0"/>
        <line num="212" count="3" type="cond" truecount="1" falsecount="1"/>
        <line num="213" count="3" type="cond" truecount="1" falsecount="1"/>
        <line num="215" count="3" type="stmt"/>
        <line num="216" count="6" type="cond" truecount="2" falsecount="0"/>
        <line num="217" count="4" type="cond" truecount="1" falsecount="1"/>
        <line num="218" count="4" type="stmt"/>
        <line num="221" count="3" type="stmt"/>
        <line num="222" count="3" type="cond" truecount="2" falsecount="0"/>
        <line num="223" count="2" type="cond" truecount="1" falsecount="1"/>
        <line num="224" count="2" type="stmt"/>
        <line num="227" count="3" type="stmt"/>
        <line num="228" count="3" type="cond" truecount="2" falsecount="0"/>
        <line num="229" count="2" type="cond" truecount="1" falsecount="1"/>
        <line num="230" count="2" type="stmt"/>
        <line num="233" count="3" type="cond" truecount="1" falsecount="1"/>
      </file>
      <file name="HeatmapMatrix.tsx" path="/Users/kriptos/crypto-signals/frontend/app/components/HeatmapMatrix.tsx">
        <metrics statements="31" coveredstatements="0" conditionals="38" coveredconditionals="0" methods="9" coveredmethods="0"/>
        <line num="3" count="0" type="stmt"/>
        <line num="4" count="0" type="stmt"/>
        <line num="19" count="0" type="stmt"/>
        <line num="20" count="0" type="cond" truecount="0" falsecount="2"/>
        <line num="21" count="0" type="cond" truecount="0" falsecount="2"/>
        <line num="22" count="0" type="cond" truecount="0" falsecount="2"/>
        <line num="23" count="0" type="cond" truecount="0" falsecount="2"/>
        <line num="24" count="0" type="cond" truecount="0" falsecount="2"/>
        <line num="25" count="0" type="cond" truecount="0" falsecount="2"/>
        <line num="26" count="0" type="cond" truecount="0" falsecount="2"/>
        <line num="27" count="0" type="cond" truecount="0" falsecount="2"/>
        <line num="28" count="0" type="stmt"/>
        <line num="31" count="0" type="stmt"/>
        <line num="33" count="0" type="cond" truecount="0" falsecount="4"/>
        <line num="34" count="0" type="stmt"/>
        <line num="37" count="0" type="stmt"/>
        <line num="42" count="0" type="stmt"/>
        <line num="43" count="0" type="stmt"/>
        <line num="44" count="0" type="stmt"/>
        <line num="47" count="0" type="stmt"/>
        <line num="48" count="0" type="cond" truecount="0" falsecount="2"/>
        <line num="49" count="0" type="cond" truecount="0" falsecount="2"/>
        <line num="50" count="0" type="stmt"/>
        <line num="53" count="0" type="cond" truecount="0" falsecount="2"/>
        <line num="63" count="0" type="stmt"/>
        <line num="65" count="0" type="stmt"/>
        <line num="81" count="0" type="cond" truecount="0" falsecount="2"/>
        <line num="82" count="0" type="cond" truecount="0" falsecount="2"/>
        <line num="83" count="0" type="stmt"/>
        <line num="85" count="0" type="stmt"/>
        <line num="116" count="0" type="stmt"/>
      </file>
      <file name="LanguageDropdown.tsx" path="/Users/kriptos/crypto-signals/frontend/app/components/LanguageDropdown.tsx">
        <metrics statements="6" coveredstatements="5" conditionals="2" coveredconditionals="2" methods="3" coveredmethods="2"/>
        <line num="3" count="2" type="stmt"/>
        <line num="4" count="2" type="stmt"/>
        <line num="6" count="16" type="stmt"/>
        <line num="7" count="16" type="stmt"/>
        <line num="12" count="64" type="stmt"/>
        <line num="14" count="0" type="stmt"/>
      </file>
      <file name="LanguageSwitcher.tsx" path="/Users/kriptos/crypto-signals/frontend/app/components/LanguageSwitcher.tsx">
        <metrics statements="17" coveredstatements="0" conditionals="14" coveredconditionals="0" methods="8" coveredmethods="0"/>
        <line num="3" count="0" type="stmt"/>
        <line num="4" count="0" type="stmt"/>
        <line num="5" count="0" type="stmt"/>
        <line num="7" count="0" type="stmt"/>
        <line num="8" count="0" type="stmt"/>
        <line num="9" count="0" type="stmt"/>
        <line num="10" count="0" type="stmt"/>
        <line num="12" count="0" type="stmt"/>
        <line num="14" count="0" type="cond" truecount="0" falsecount="4"/>
        <line num="15" count="0" type="stmt"/>
        <line num="18" count="0" type="cond" truecount="0" falsecount="2"/>
        <line num="19" count="0" type="stmt"/>
        <line num="20" count="0" type="stmt"/>
        <line num="28" count="0" type="stmt"/>
        <line num="62" count="0" type="stmt"/>
        <line num="66" count="0" type="stmt"/>
        <line num="67" count="0" type="stmt"/>
      </file>
      <file name="LiquidationMap.tsx" path="/Users/kriptos/crypto-signals/frontend/app/components/LiquidationMap.tsx">
        <metrics statements="31" coveredstatements="28" conditionals="47" coveredconditionals="31" methods="6" coveredmethods="6"/>
        <line num="3" count="1" type="stmt"/>
        <line num="4" count="1" type="stmt"/>
        <line num="5" count="1" type="stmt"/>
        <line num="6" count="1" type="stmt"/>
        <line num="33" count="8" type="stmt"/>
        <line num="39" count="8" type="stmt"/>
        <line num="40" count="8" type="cond" truecount="2" falsecount="0"/>
        <line num="41" count="8" type="stmt"/>
        <line num="43" count="8" type="stmt"/>
        <line num="44" count="25" type="cond" truecount="1" falsecount="1"/>
        <line num="45" count="0" type="cond" truecount="0" falsecount="2"/>
        <line num="46" count="0" type="cond" truecount="0" falsecount="2"/>
        <line num="47" count="0" type="stmt"/>
        <line num="50" count="8" type="stmt"/>
        <line num="51" count="65" type="cond" truecount="1" falsecount="1"/>
        <line num="52" count="65" type="cond" truecount="1" falsecount="1"/>
        <line num="53" count="65" type="cond" truecount="2" falsecount="0"/>
        <line num="54" count="20" type="stmt"/>
        <line num="57" count="8" type="cond" truecount="2" falsecount="0"/>
        <line num="60" count="8" type="stmt"/>
        <line num="61" count="8" type="cond" truecount="4" falsecount="0"/>
        <line num="62" count="5" type="stmt"/>
        <line num="65" count="8" type="cond" truecount="2" falsecount="0"/>
        <line num="74" count="12" type="stmt"/>
        <line num="81" count="7" type="cond" truecount="2" falsecount="0"/>
        <line num="126" count="25" type="cond" truecount="1" falsecount="1"/>
        <line num="127" count="25" type="cond" truecount="1" falsecount="1"/>
        <line num="128" count="25" type="cond" truecount="1" falsecount="1"/>
        <line num="131" count="25" type="cond" truecount="1" falsecount="1"/>
        <line num="132" count="25" type="cond" truecount="1" falsecount="1"/>
        <line num="134" count="25" type="stmt"/>
      </file>
      <file name="Logo.tsx" path="/Users/kriptos/crypto-signals/frontend/app/components/Logo.tsx">
        <metrics statements="4" coveredstatements="4" conditionals="3" coveredconditionals="3" methods="2" coveredmethods="2"/>
        <line num="3" count="3" type="stmt"/>
        <line num="10" count="20" type="cond" truecount="1" falsecount="0"/>
        <line num="11" count="20" type="cond" truecount="2" falsecount="0"/>
        <line num="46" count="7" type="stmt"/>
      </file>
      <file name="NewsletterPopup.tsx" path="/Users/kriptos/crypto-signals/frontend/app/components/NewsletterPopup.tsx">
        <metrics statements="49" coveredstatements="0" conditionals="23" coveredconditionals="0" methods="10" coveredmethods="0"/>
        <line num="3" count="0" type="stmt"/>
        <line num="4" count="0" type="stmt"/>
        <line num="5" count="0" type="stmt"/>
        <line num="6" count="0" type="stmt"/>
        <line num="7" count="0" type="stmt"/>
        <line num="8" count="0" type="stmt"/>
        <line num="10" count="0" type="stmt"/>
        <line num="11" count="0" type="cond" truecount="0" falsecount="2"/>
        <line num="13" count="0" type="stmt"/>
        <line num="14" count="0" type="stmt"/>
        <line num="15" count="0" type="stmt"/>
        <line num="16" count="0" type="stmt"/>
        <line num="17" count="0" type="stmt"/>
        <line num="18" count="0" type="stmt"/>
        <line num="19" count="0" type="stmt"/>
        <line num="20" count="0" type="stmt"/>
        <line num="21" count="0" type="stmt"/>
        <line num="23" count="0" type="stmt"/>
        <line num="24" count="0" type="cond" truecount="0" falsecount="2"/>
        <line num="25" count="0" type="cond" truecount="0" falsecount="2"/>
        <line num="26" count="0" type="cond" truecount="0" falsecount="2"/>
        <line num="28" count="0" type="stmt"/>
        <line num="29" count="0" type="stmt"/>
        <line num="30" count="0" type="stmt"/>
        <line num="33" count="0" type="stmt"/>
        <line num="36" count="0" type="stmt"/>
        <line num="37" count="0" type="stmt"/>
        <line num="40" count="0" type="stmt"/>
        <line num="41" count="0" type="stmt"/>
        <line num="42" count="0" type="stmt"/>
        <line num="44" count="0" type="cond" truecount="0" falsecount="2"/>
        <line num="45" count="0" type="stmt"/>
        <line num="46" count="0" type="stmt"/>
        <line num="48" count="0" type="cond" truecount="0" falsecount="2"/>
        <line num="49" count="0" type="stmt"/>
        <line num="50" count="0" type="stmt"/>
        <line num="53" count="0" type="stmt"/>
        <line num="54" count="0" type="stmt"/>
        <line num="55" count="0" type="stmt"/>
        <line num="61" count="0" type="cond" truecount="0" falsecount="2"/>
        <line num="62" count="0" type="stmt"/>
        <line num="63" count="0" type="cond" truecount="0" falsecount="2"/>
        <line num="66" count="0" type="stmt"/>
        <line num="67" count="0" type="stmt"/>
        <line num="69" count="0" type="cond" truecount="0" falsecount="2"/>
        <line num="71" count="0" type="stmt"/>
        <line num="75" count="0" type="cond" truecount="0" falsecount="2"/>
        <line num="119" count="0" type="stmt"/>
        <line num="138" count="0" type="stmt"/>
      </file>
      <file name="OITerminal.tsx" path="/Users/kriptos/crypto-signals/frontend/app/components/OITerminal.tsx">
        <metrics statements="53" coveredstatements="52" conditionals="123" coveredconditionals="115" methods="7" coveredmethods="7"/>
        <line num="3" count="2" type="stmt"/>
        <line num="4" count="2" type="stmt"/>
        <line num="5" count="2" type="stmt"/>
        <line num="6" count="2" type="stmt"/>
        <line num="27" count="2" type="stmt"/>
        <line num="33" count="18" type="stmt"/>
        <line num="34" count="18" type="stmt"/>
        <line num="35" count="18" type="cond" truecount="2" falsecount="0"/>
        <line num="47" count="21" type="stmt"/>
        <line num="55" count="11" type="stmt"/>
        <line num="56" count="33" type="cond" truecount="2" falsecount="0"/>
        <line num="57" count="15" type="stmt"/>
        <line num="58" count="15" type="cond" truecount="2" falsecount="0"/>
        <line num="59" count="5" type="cond" truecount="6" falsecount="0"/>
        <line num="60" count="2" type="cond" truecount="5" falsecount="1"/>
        <line num="61" count="2" type="cond" truecount="4" falsecount="0"/>
        <line num="62" count="1" type="cond" truecount="3" falsecount="1"/>
        <line num="63" count="1" type="stmt"/>
        <line num="65" count="10" type="cond" truecount="2" falsecount="0"/>
        <line num="66" count="5" type="cond" truecount="6" falsecount="0"/>
        <line num="67" count="3" type="cond" truecount="6" falsecount="0"/>
        <line num="68" count="2" type="cond" truecount="3" falsecount="1"/>
        <line num="69" count="2" type="cond" truecount="4" falsecount="0"/>
        <line num="70" count="1" type="stmt"/>
        <line num="72" count="5" type="cond" truecount="1" falsecount="1"/>
        <line num="73" count="5" type="cond" truecount="6" falsecount="0"/>
        <line num="74" count="3" type="cond" truecount="4" falsecount="1"/>
        <line num="75" count="3" type="cond" truecount="3" falsecount="1"/>
        <line num="76" count="3" type="cond" truecount="4" falsecount="0"/>
        <line num="77" count="2" type="stmt"/>
        <line num="79" count="0" type="stmt"/>
        <line num="82" count="11" type="stmt"/>
        <line num="83" count="11" type="stmt"/>
        <line num="84" count="11" type="stmt"/>
        <line num="86" count="11" type="stmt"/>
        <line num="87" count="15" type="cond" truecount="2" falsecount="0"/>
        <line num="88" count="7" type="cond" truecount="2" falsecount="0"/>
        <line num="89" count="4" type="stmt"/>
        <line num="92" count="11" type="stmt"/>
        <line num="93" count="86" type="cond" truecount="2" falsecount="0"/>
        <line num="94" count="38" type="cond" truecount="2" falsecount="0"/>
        <line num="95" count="20" type="stmt"/>
        <line num="98" count="11" type="cond" truecount="2" falsecount="0"/>
        <line num="99" count="11" type="cond" truecount="2" falsecount="0"/>
        <line num="100" count="11" type="cond" truecount="2" falsecount="0"/>
        <line num="101" count="11" type="cond" truecount="2" falsecount="0"/>
        <line num="103" count="11" type="stmt"/>
        <line num="104" count="15" type="stmt"/>
        <line num="105" count="15" type="cond" truecount="4" falsecount="0"/>
        <line num="119" count="11" type="stmt"/>
        <line num="120" count="15" type="cond" truecount="3" falsecount="1"/>
        <line num="121" count="15" type="cond" truecount="2" falsecount="0"/>
        <line num="122" count="14" type="cond" truecount="2" falsecount="0"/>
      </file>
      <file name="OrderBook.tsx" path="/Users/kriptos/crypto-signals/frontend/app/components/OrderBook.tsx">
        <metrics statements="187" coveredstatements="155" conditionals="127" coveredconditionals="73" methods="46" coveredmethods="39"/>
        <line num="3" count="1" type="stmt"/>
        <line num="4" count="1" type="stmt"/>
        <line num="5" count="1" type="stmt"/>
        <line num="6" count="1" type="stmt"/>
        <line num="7" count="1" type="stmt"/>
        <line num="24" count="1" type="stmt"/>
        <line num="25" count="1" type="stmt"/>
        <line num="26" count="1" type="stmt"/>
        <line num="27" count="1" type="stmt"/>
        <line num="29" count="4" type="stmt"/>
        <line num="35" count="12" type="stmt"/>
        <line num="36" count="12" type="cond" truecount="2" falsecount="0"/>
        <line num="37" count="11" type="stmt"/>
        <line num="38" count="232" type="stmt"/>
        <line num="39" count="232" type="cond" truecount="2" falsecount="0"/>
        <line num="42" count="232" type="stmt"/>
        <line num="49" count="11" type="stmt"/>
        <line num="59" count="8" type="cond" truecount="1" falsecount="1"/>
        <line num="60" count="0" type="stmt"/>
        <line num="62" count="8" type="stmt"/>
        <line num="63" count="8" type="stmt"/>
        <line num="64" count="16" type="cond" truecount="2" falsecount="0"/>
        <line num="67" count="16" type="cond" truecount="2" falsecount="0"/>
        <line num="69" count="8" type="stmt"/>
        <line num="72" count="8" type="cond" truecount="2" falsecount="0"/>
        <line num="73" count="4" type="stmt"/>
        <line num="74" count="4" type="stmt"/>
        <line num="76" count="8" type="stmt"/>
        <line num="77" count="8" type="stmt"/>
        <line num="78" count="16" type="stmt"/>
        <line num="79" count="16" type="cond" truecount="2" falsecount="0"/>
        <line num="83" count="6" type="cond" truecount="1" falsecount="0"/>
        <line num="84" count="17" type="stmt"/>
        <line num="85" count="17" type="stmt"/>
        <line num="86" count="17" type="stmt"/>
        <line num="87" count="17" type="stmt"/>
        <line num="88" count="17" type="stmt"/>
        <line num="89" count="17" type="stmt"/>
        <line num="91" count="17" type="cond" truecount="4" falsecount="2"/>
        <line num="93" count="17" type="cond" truecount="2" falsecount="0"/>
        <line num="94" count="3" type="cond" truecount="1" falsecount="1"/>
        <line num="95" count="0" type="cond" truecount="0" falsecount="2"/>
        <line num="96" count="0" type="cond" truecount="0" falsecount="2"/>
        <line num="97" count="0" type="cond" truecount="0" falsecount="2"/>
        <line num="98" count="0" type="stmt"/>
        <line num="100" count="68" type="stmt"/>
        <line num="101" count="17" type="stmt"/>
        <line num="102" count="17" type="cond" truecount="1" falsecount="1"/>
        <line num="103" count="34" type="cond" truecount="1" falsecount="1"/>
        <line num="106" count="17" type="stmt"/>
        <line num="107" count="17" type="stmt"/>
        <line num="108" count="17" type="cond" truecount="2" falsecount="0"/>
        <line num="110" count="17" type="stmt"/>
        <line num="111" count="6" type="stmt"/>
        <line num="112" count="6" type="stmt"/>
        <line num="116" count="17" type="stmt"/>
        <line num="117" count="6" type="cond" truecount="1" falsecount="1"/>
        <line num="119" count="6" type="stmt"/>
        <line num="120" count="6" type="stmt"/>
        <line num="121" count="6" type="stmt"/>
        <line num="123" count="6" type="stmt"/>
        <line num="124" count="6" type="stmt"/>
        <line num="125" count="6" type="stmt"/>
        <line num="126" count="6" type="stmt"/>
        <line num="127" count="6" type="stmt"/>
        <line num="128" count="6" type="stmt"/>
        <line num="129" count="6" type="stmt"/>
        <line num="130" count="6" type="stmt"/>
        <line num="131" count="6" type="stmt"/>
        <line num="132" count="6" type="stmt"/>
        <line num="134" count="6" type="stmt"/>
        <line num="135" count="1" type="stmt"/>
        <line num="136" count="2" type="stmt"/>
        <line num="137" count="1" type="stmt"/>
        <line num="138" count="1" type="stmt"/>
        <line num="139" count="1" type="cond" truecount="1" falsecount="1"/>
        <line num="140" count="0" type="stmt"/>
        <line num="142" count="1" type="stmt"/>
        <line num="146" count="1" type="cond" truecount="1" falsecount="1"/>
        <line num="147" count="1" type="cond" truecount="1" falsecount="1"/>
        <line num="150" count="6" type="stmt"/>
        <line num="151" count="1" type="cond" truecount="1" falsecount="1"/>
        <line num="152" count="1" type="stmt"/>
        <line num="153" count="0" type="cond" truecount="0" falsecount="2"/>
        <line num="154" count="0" type="stmt"/>
        <line num="158" count="0" type="stmt"/>
        <line num="162" count="6" type="stmt"/>
        <line num="163" count="6" type="cond" truecount="1" falsecount="1"/>
        <line num="166" count="6" type="stmt"/>
        <line num="168" count="5" type="cond" truecount="1" falsecount="1"/>
        <line num="169" count="5" type="stmt"/>
        <line num="172" count="5" type="cond" truecount="1" falsecount="1"/>
        <line num="173" count="10" type="stmt"/>
        <line num="174" count="10" type="stmt"/>
        <line num="175" count="5" type="stmt"/>
        <line num="178" count="5" type="stmt"/>
        <line num="179" count="0" type="cond" truecount="0" falsecount="2"/>
        <line num="182" count="5" type="cond" truecount="2" falsecount="2"/>
        <line num="183" count="5" type="cond" truecount="1" falsecount="1"/>
        <line num="184" count="0" type="stmt"/>
        <line num="185" count="0" type="stmt"/>
        <line num="186" count="0" type="cond" truecount="0" falsecount="2"/>
        <line num="187" count="0" type="stmt"/>
        <line num="188" count="0" type="stmt"/>
        <line num="189" count="0" type="cond" truecount="0" falsecount="2"/>
        <line num="190" count="0" type="stmt"/>
        <line num="191" count="0" type="stmt"/>
        <line num="196" count="5" type="stmt"/>
        <line num="197" count="5" type="stmt"/>
        <line num="199" count="5" type="stmt"/>
        <line num="203" count="5" type="stmt"/>
        <line num="206" count="0" type="stmt"/>
        <line num="207" count="0" type="stmt"/>
        <line num="211" count="1" type="cond" truecount="1" falsecount="1"/>
        <line num="212" count="1" type="stmt"/>
        <line num="213" count="1" type="stmt"/>
        <line num="217" count="6" type="stmt"/>
        <line num="219" count="6" type="stmt"/>
        <line num="220" count="6" type="stmt"/>
        <line num="223" count="6" type="stmt"/>
        <line num="224" count="1" type="stmt"/>
        <line num="225" count="1" type="cond" truecount="1" falsecount="1"/>
        <line num="226" count="0" type="stmt"/>
        <line num="227" count="0" type="cond" truecount="0" falsecount="2"/>
        <line num="228" count="0" type="stmt"/>
        <line num="231" count="1" type="cond" truecount="1" falsecount="1"/>
        <line num="232" count="0" type="stmt"/>
        <line num="233" count="0" type="stmt"/>
        <line num="234" count="0" type="stmt"/>
        <line num="237" count="1" type="stmt"/>
        <line num="238" count="1" type="stmt"/>
        <line num="239" count="1" type="stmt"/>
        <line num="242" count="6" type="stmt"/>
        <line num="243" count="0" type="stmt"/>
        <line num="246" count="6" type="stmt"/>
        <line num="247" count="6" type="stmt"/>
        <line num="248" count="6" type="stmt"/>
        <line num="249" count="6" type="cond" truecount="1" falsecount="1"/>
        <line num="250" count="0" type="stmt"/>
        <line num="251" count="0" type="cond" truecount="0" falsecount="2"/>
        <line num="257" count="6" type="stmt"/>
        <line num="259" count="6" type="stmt"/>
        <line num="260" count="6" type="stmt"/>
        <line num="261" count="6" type="stmt"/>
        <line num="262" count="6" type="cond" truecount="2" falsecount="0"/>
        <line num="263" count="6" type="cond" truecount="1" falsecount="1"/>
        <line num="267" count="17" type="stmt"/>
        <line num="268" count="10" type="cond" truecount="2" falsecount="0"/>
        <line num="269" count="6" type="stmt"/>
        <line num="272" count="4" type="stmt"/>
        <line num="273" count="4" type="stmt"/>
        <line num="275" count="4" type="cond" truecount="1" falsecount="1"/>
        <line num="276" count="4" type="cond" truecount="1" falsecount="1"/>
        <line num="277" count="4" type="stmt"/>
        <line num="279" count="4" type="stmt"/>
        <line num="280" count="4" type="stmt"/>
        <line num="282" count="4" type="stmt"/>
        <line num="283" count="4" type="stmt"/>
        <line num="285" count="4" type="stmt"/>
        <line num="286" count="120" type="stmt"/>
        <line num="287" count="120" type="stmt"/>
        <line num="291" count="4" type="stmt"/>
        <line num="294" count="17" type="cond" truecount="2" falsecount="0"/>
        <line num="296" count="17" type="cond" truecount="2" falsecount="0"/>
        <line num="305" count="360" type="stmt"/>
        <line num="312" count="5" type="cond" truecount="4" falsecount="0"/>
        <line num="321" count="4" type="stmt"/>
        <line num="322" count="244" type="cond" truecount="1" falsecount="1"/>
        <line num="323" count="0" type="cond" truecount="0" falsecount="2"/>
        <line num="324" count="0" type="stmt"/>
        <line num="327" count="4" type="stmt"/>
        <line num="328" count="24" type="cond" truecount="1" falsecount="1"/>
        <line num="329" count="24" type="cond" truecount="1" falsecount="1"/>
        <line num="330" count="24" type="cond" truecount="2" falsecount="0"/>
        <line num="331" count="8" type="cond" truecount="2" falsecount="0"/>
        <line num="332" count="4" type="stmt"/>
        <line num="335" count="4" type="stmt"/>
        <line num="336" count="20" type="stmt"/>
        <line num="353" count="16" type="stmt"/>
        <line num="355" count="0" type="cond" truecount="0" falsecount="2"/>
        <line num="374" count="20" type="cond" truecount="4" falsecount="0"/>
        <line num="384" count="120" type="stmt"/>
        <line num="385" count="120" type="stmt"/>
        <line num="400" count="360" type="stmt"/>
        <line num="426" count="120" type="stmt"/>
        <line num="427" count="120" type="stmt"/>
        <line num="442" count="360" type="stmt"/>
      </file>
      <file name="ProBlurOverlay.tsx" path="/Users/kriptos/crypto-signals/frontend/app/components/ProBlurOverlay.tsx">
        <metrics statements="10" coveredstatements="8" conditionals="6" coveredconditionals="4" methods="3" coveredmethods="1"/>
        <line num="3" count="1" type="stmt"/>
        <line num="4" count="1" type="stmt"/>
        <line num="5" count="1" type="stmt"/>
        <line num="6" count="1" type="stmt"/>
        <line num="14" count="22" type="stmt"/>
        <line num="15" count="22" type="stmt"/>
        <line num="16" count="22" type="stmt"/>
        <line num="18" count="22" type="cond" truecount="1" falsecount="1"/>
        <line num="35" count="0" type="stmt"/>
        <line num="43" count="0" type="stmt"/>
      </file>
      <file name="ProtectedRoute.tsx" path="/Users/kriptos/crypto-signals/frontend/app/components/ProtectedRoute.tsx">
        <metrics statements="12" coveredstatements="12" conditionals="8" coveredconditionals="8" methods="2" coveredmethods="2"/>
        <line num="3" count="1" type="stmt"/>
        <line num="4" count="1" type="stmt"/>
        <line num="5" count="1" type="stmt"/>
        <line num="7" count="3" type="stmt"/>
        <line num="8" count="3" type="stmt"/>
        <line num="9" count="3" type="stmt"/>
        <line num="11" count="3" type="stmt"/>
        <line num="12" count="3" type="cond" truecount="4" falsecount="0"/>
        <line num="13" count="1" type="stmt"/>
        <line num="17" count="3" type="cond" truecount="2" falsecount="0"/>
        <line num="25" count="2" type="cond" truecount="2" falsecount="0"/>
        <line num="26" count="1" type="stmt"/>
      </file>
      <file name="RiskReturnBubbles.tsx" path="/Users/kriptos/crypto-signals/frontend/app/components/RiskReturnBubbles.tsx">
        <metrics statements="20" coveredstatements="0" conditionals="27" coveredconditionals="0" methods="6" coveredmethods="0"/>
        <line num="3" count="0" type="stmt"/>
        <line num="4" count="0" type="stmt"/>
        <line num="5" count="0" type="stmt"/>
        <line num="21" count="0" type="stmt"/>
        <line num="29" count="0" type="stmt"/>
        <line num="38" count="0" type="stmt"/>
        <line num="39" count="0" type="cond" truecount="0" falsecount="5"/>
        <line num="40" count="0" type="stmt"/>
        <line num="45" count="0" type="stmt"/>
        <line num="48" count="0" type="stmt"/>
        <line num="49" count="0" type="stmt"/>
        <line num="61" count="0" type="stmt"/>
        <line num="62" count="0" type="stmt"/>
        <line num="63" count="0" type="stmt"/>
        <line num="64" count="0" type="stmt"/>
        <line num="65" count="0" type="cond" truecount="0" falsecount="2"/>
        <line num="67" count="0" type="stmt"/>
        <line num="69" count="0" type="stmt"/>
        <line num="113" count="0" type="stmt"/>
        <line num="125" count="0" type="stmt"/>
      </file>
      <file name="TacticalWheel.tsx" path="/Users/kriptos/crypto-signals/frontend/app/components/TacticalWheel.tsx">
        <metrics statements="18" coveredstatements="0" conditionals="18" coveredconditionals="0" methods="5" coveredmethods="0"/>
        <line num="3" count="0" type="stmt"/>
        <line num="4" count="0" type="stmt"/>
        <line num="18" count="0" type="stmt"/>
        <line num="19" count="0" type="stmt"/>
        <line num="20" count="0" type="stmt"/>
        <line num="21" count="0" type="stmt"/>
        <line num="22" count="0" type="stmt"/>
        <line num="26" count="0" type="stmt"/>
        <line num="27" count="0" type="stmt"/>
        <line num="29" count="0" type="cond" truecount="0" falsecount="2"/>
        <line num="30" count="0" type="cond" truecount="0" falsecount="2"/>
        <line num="33" count="0" type="stmt"/>
        <line num="34" count="0" type="stmt"/>
        <line num="35" count="0" type="stmt"/>
        <line num="38" count="0" type="stmt"/>
        <line num="39" count="0" type="stmt"/>
        <line num="41" count="0" type="stmt"/>
        <line num="47" count="0" type="cond" truecount="0" falsecount="2"/>
      </file>
      <file name="ThemeToggle.tsx" path="/Users/kriptos/crypto-signals/frontend/app/components/ThemeToggle.tsx">
        <metrics statements="12" coveredstatements="11" conditionals="4" coveredconditionals="2" methods="3" coveredmethods="2"/>
        <line num="3" count="1" type="stmt"/>
        <line num="4" count="1" type="stmt"/>
        <line num="5" count="1" type="stmt"/>
        <line num="6" count="1" type="stmt"/>
        <line num="8" count="11" type="stmt"/>
        <line num="9" count="17" type="stmt"/>
        <line num="10" count="17" type="stmt"/>
        <line num="13" count="17" type="stmt"/>
        <line num="14" count="6" type="stmt"/>
        <line num="17" count="17" type="cond" truecount="2" falsecount="0"/>
        <line num="26" count="11" type="stmt"/>
        <line num="27" count="0" type="cond" truecount="0" falsecount="2"/>
      </file>
      <file name="TradingViewChart.tsx" path="/Users/kriptos/crypto-signals/frontend/app/components/TradingViewChart.tsx">
        <metrics statements="10" coveredstatements="10" conditionals="6" coveredconditionals="4" methods="4" coveredmethods="4"/>
        <line num="3" count="2" type="stmt"/>
        <line num="15" count="2" type="stmt"/>
        <line num="22" count="17" type="stmt"/>
        <line num="28" count="17" type="stmt"/>
        <line num="29" count="10" type="stmt"/>
        <line num="32" count="17" type="stmt"/>
        <line num="33" count="12" type="cond" truecount="1" falsecount="1"/>
        <line num="36" count="17" type="stmt"/>
        <line num="37" count="12" type="stmt"/>
        <line num="61" count="12" type="stmt"/>
      </file>
      <file name="UserMenu.tsx" path="/Users/kriptos/crypto-signals/frontend/app/components/UserMenu.tsx">
        <metrics statements="33" coveredstatements="19" conditionals="25" coveredconditionals="2" methods="11" coveredmethods="2"/>
        <line num="3" count="1" type="stmt"/>
        <line num="4" count="1" type="stmt"/>
        <line num="15" count="1" type="stmt"/>
        <line num="16" count="1" type="stmt"/>
        <line num="17" count="1" type="stmt"/>
        <line num="18" count="1" type="stmt"/>
        <line num="19" count="1" type="stmt"/>
        <line num="20" count="1" type="stmt"/>
        <line num="26" count="1" type="stmt"/>
        <line num="32" count="11" type="stmt"/>
        <line num="33" count="11" type="stmt"/>
        <line num="34" count="11" type="stmt"/>
        <line num="35" count="11" type="stmt"/>
        <line num="36" count="11" type="stmt"/>
        <line num="37" count="11" type="stmt"/>
        <line num="39" count="11" type="stmt"/>
        <line num="41" count="0" type="cond" truecount="0" falsecount="4"/>
        <line num="42" count="0" type="stmt"/>
        <line num="45" count="6" type="cond" truecount="1" falsecount="1"/>
        <line num="46" count="0" type="stmt"/>
        <line num="47" count="0" type="stmt"/>
        <line num="51" count="11" type="stmt"/>
        <line num="52" count="0" type="stmt"/>
        <line num="53" count="0" type="stmt"/>
        <line num="54" count="0" type="stmt"/>
        <line num="55" count="0" type="stmt"/>
        <line num="58" count="11" type="cond" truecount="1" falsecount="1"/>
        <line num="67" count="0" type="cond" truecount="0" falsecount="2"/>
        <line num="73" count="0" type="stmt"/>
        <line num="116" count="0" type="stmt"/>
        <line num="120" count="0" type="stmt"/>
        <line num="130" count="0" type="stmt"/>
        <line num="134" count="0" type="stmt"/>
      </file>
      <file name="theme-provider.tsx" path="/Users/kriptos/crypto-signals/frontend/app/components/theme-provider.tsx">
        <metrics statements="3" coveredstatements="0" conditionals="0" coveredconditionals="0" methods="1" coveredmethods="0"/>
        <line num="3" count="0" type="stmt"/>
        <line num="4" count="0" type="stmt"/>
        <line num="6" count="0" type="stmt"/>
      </file>
    </package>
    <package name="app.components.admin">
      <metrics statements="44" coveredstatements="21" conditionals="43" coveredconditionals="31" methods="11" coveredmethods="2"/>
      <file name="AdminLayout.tsx" path="/Users/kriptos/crypto-signals/frontend/app/components/admin/AdminLayout.tsx">
        <metrics statements="7" coveredstatements="0" conditionals="2" coveredconditionals="0" methods="1" coveredmethods="0"/>
        <line num="3" count="0" type="stmt"/>
        <line num="4" count="0" type="stmt"/>
        <line num="5" count="0" type="stmt"/>
        <line num="6" count="0" type="stmt"/>
        <line num="7" count="0" type="stmt"/>
        <line num="13" count="0" type="stmt"/>
        <line num="14" count="0" type="stmt"/>
      </file>
      <file name="Header.tsx" path="/Users/kriptos/crypto-signals/frontend/app/components/admin/Header.tsx">
        <metrics statements="10" coveredstatements="0" conditionals="3" coveredconditionals="0" methods="3" coveredmethods="0"/>
        <line num="3" count="0" type="stmt"/>
        <line num="4" count="0" type="stmt"/>
        <line num="5" count="0" type="stmt"/>
        <line num="6" count="0" type="stmt"/>
        <line num="8" count="0" type="stmt"/>
        <line num="9" count="0" type="stmt"/>
        <line num="10" count="0" type="stmt"/>
        <line num="12" count="0" type="stmt"/>
        <line num="13" count="0" type="stmt"/>
        <line num="22" count="0" type="cond" truecount="0" falsecount="2"/>
      </file>
      <file name="Sidebar.tsx" path="/Users/kriptos/crypto-signals/frontend/app/components/admin/Sidebar.tsx">
        <metrics statements="27" coveredstatements="21" conditionals="38" coveredconditionals="31" methods="7" coveredmethods="2"/>
        <line num="3" count="2" type="stmt"/>
        <line num="4" count="2" type="stmt"/>
        <line num="5" count="2" type="stmt"/>
        <line num="6" count="2" type="stmt"/>
        <line num="18" count="2" type="stmt"/>
        <line num="19" count="2" type="stmt"/>
        <line num="20" count="2" type="stmt"/>
        <line num="21" count="2" type="stmt"/>
        <line num="22" count="2" type="stmt"/>
        <line num="23" count="2" type="stmt"/>
        <line num="24" count="2" type="stmt"/>
        <line num="31" count="17" type="stmt"/>
        <line num="32" count="17" type="stmt"/>
        <line num="33" count="17" type="stmt"/>
        <line num="34" count="17" type="stmt"/>
        <line num="35" count="17" type="stmt"/>
        <line num="36" count="17" type="stmt"/>
        <line num="38" count="17" type="stmt"/>
        <line num="54" count="0" type="stmt"/>
        <line num="64" count="0" type="stmt"/>
        <line num="111" count="102" type="stmt"/>
        <line num="112" count="102" type="stmt"/>
        <line num="114" count="102" type="stmt"/>
        <line num="118" count="0" type="stmt"/>
        <line num="158" count="0" type="cond" truecount="1" falsecount="0"/>
        <line num="180" count="0" type="stmt"/>
        <line num="181" count="0" type="stmt"/>
      </file>
    </package>
    <package name="app.components.crypto">
      <metrics statements="46" coveredstatements="0" conditionals="33" coveredconditionals="0" methods="17" coveredmethods="0"/>
      <file name="CryptoChart.tsx" path="/Users/kriptos/crypto-signals/frontend/app/components/crypto/CryptoChart.tsx">
        <metrics statements="46" coveredstatements="0" conditionals="33" coveredconditionals="0" methods="17" coveredmethods="0"/>
        <line num="3" count="0" type="stmt"/>
        <line num="4" count="0" type="stmt"/>
        <line num="5" count="0" type="stmt"/>
        <line num="6" count="0" type="stmt"/>
        <line num="7" count="0" type="stmt"/>
        <line num="8" count="0" type="stmt"/>
        <line num="9" count="0" type="stmt"/>
        <line num="32" count="0" type="stmt"/>
        <line num="39" count="0" type="cond" truecount="0" falsecount="2"/>
        <line num="40" count="0" type="stmt"/>
        <line num="42" count="0" type="stmt"/>
        <line num="43" count="0" type="stmt"/>
        <line num="44" count="0" type="stmt"/>
        <line num="45" count="0" type="stmt"/>
        <line num="46" count="0" type="stmt"/>
        <line num="49" count="0" type="stmt"/>
        <line num="50" count="0" type="stmt"/>
        <line num="51" count="0" type="cond" truecount="0" falsecount="5"/>
        <line num="52" count="0" type="stmt"/>
        <line num="83" count="0" type="stmt"/>
        <line num="86" count="0" type="cond" truecount="0" falsecount="1"/>
        <line num="87" count="0" type="stmt"/>
        <line num="88" count="0" type="stmt"/>
        <line num="90" count="0" type="stmt"/>
        <line num="91" count="0" type="stmt"/>
        <line num="93" count="0" type="stmt"/>
        <line num="94" count="0" type="stmt"/>
        <line num="96" count="0" type="stmt"/>
        <line num="97" count="0" type="cond" truecount="0" falsecount="4"/>
        <line num="98" count="0" type="stmt"/>
        <line num="99" count="0" type="cond" truecount="0" falsecount="2"/>
        <line num="104" count="0" type="stmt"/>
        <line num="105" count="0" type="stmt"/>
        <line num="108" count="0" type="cond" truecount="0" falsecount="2"/>
        <line num="109" count="0" type="cond" truecount="0" falsecount="2"/>
        <line num="111" count="0" type="stmt"/>
        <line num="148" count="0" type="cond" truecount="0" falsecount="2"/>
        <line num="182" count="0" type="stmt"/>
        <line num="203" count="0" type="stmt"/>
        <line num="204" count="0" type="stmt"/>
        <line num="205" count="0" type="stmt"/>
        <line num="209" count="0" type="stmt"/>
        <line num="210" count="0" type="stmt"/>
        <line num="211" count="0" type="stmt"/>
        <line num="212" count="0" type="stmt"/>
        <line num="215" count="0" type="stmt"/>
      </file>
    </package>
    <package name="app.components.dashboard">
      <metrics statements="136" coveredstatements="0" conditionals="148" coveredconditionals="0" methods="35" coveredmethods="0"/>
      <file name="CVDChart.tsx" path="/Users/kriptos/crypto-signals/frontend/app/components/dashboard/CVDChart.tsx">
        <metrics statements="17" coveredstatements="0" conditionals="22" coveredconditionals="0" methods="2" coveredmethods="0"/>
        <line num="3" count="0" type="stmt"/>
        <line num="4" count="0" type="stmt"/>
        <line num="16" count="0" type="stmt"/>
        <line num="17" count="0" type="stmt"/>
        <line num="18" count="0" type="stmt"/>
        <line num="19" count="0" type="cond" truecount="0" falsecount="2"/>
        <line num="20" count="0" type="stmt"/>
        <line num="23" count="0" type="stmt"/>
        <line num="24" count="0" type="stmt"/>
        <line num="25" count="0" type="stmt"/>
        <line num="26" count="0" type="stmt"/>
        <line num="27" count="0" type="stmt"/>
        <line num="29" count="0" type="stmt"/>
        <line num="30" count="0" type="stmt"/>
        <line num="31" count="0" type="stmt"/>
        <line num="32" count="0" type="stmt"/>
        <line num="35" count="0" type="stmt"/>
      </file>
      <file name="ClusterMap.tsx" path="/Users/kriptos/crypto-signals/frontend/app/components/dashboard/ClusterMap.tsx">
        <metrics statements="23" coveredstatements="0" conditionals="27" coveredconditionals="0" methods="5" coveredmethods="0"/>
        <line num="3" count="0" type="stmt"/>
        <line num="4" count="0" type="stmt"/>
        <line num="5" count="0" type="stmt"/>
        <line num="21" count="0" type="stmt"/>
        <line num="22" count="0" type="stmt"/>
        <line num="23" count="0" type="stmt"/>
        <line num="24" count="0" type="cond" truecount="0" falsecount="2"/>
        <line num="27" count="0" type="stmt"/>
        <line num="28" count="0" type="stmt"/>
        <line num="31" count="0" type="stmt"/>
        <line num="32" count="0" type="stmt"/>
[...]
        <line num="60" count="5" type="stmt"/>
        <line num="61" count="5" type="stmt"/>
        <line num="62" count="5" type="stmt"/>
        <line num="64" count="5" type="stmt"/>
        <line num="65" count="1" type="cond" truecount="1" falsecount="1"/>
        <line num="66" count="0" type="stmt"/>
        <line num="67" count="1" type="stmt"/>
        <line num="70" count="5" type="stmt"/>
        <line num="71" count="1" type="stmt"/>
        <line num="72" count="1" type="stmt"/>
        <line num="73" count="1" type="cond" truecount="2" falsecount="0"/>
        <line num="74" count="1" type="stmt"/>
        <line num="76" count="0" type="cond" truecount="0" falsecount="2"/>
        <line num="78" count="1" type="stmt"/>
        <line num="82" count="5" type="stmt"/>
        <line num="83" count="0" type="cond" truecount="0" falsecount="2"/>
        <line num="84" count="0" type="stmt"/>
        <line num="85" count="0" type="stmt"/>
        <line num="87" count="0" type="cond" truecount="0" falsecount="2"/>
        <line num="88" count="0" type="stmt"/>
        <line num="89" count="0" type="stmt"/>
        <line num="91" count="0" type="stmt"/>
        <line num="92" count="0" type="stmt"/>
        <line num="93" count="0" type="stmt"/>
        <line num="94" count="0" type="stmt"/>
        <line num="95" count="0" type="stmt"/>
        <line num="97" count="0" type="cond" truecount="0" falsecount="2"/>
        <line num="99" count="0" type="stmt"/>
        <line num="103" count="5" type="stmt"/>
        <line num="104" count="0" type="stmt"/>
        <line num="105" count="0" type="stmt"/>
        <line num="106" count="0" type="stmt"/>
        <line num="108" count="0" type="cond" truecount="0" falsecount="2"/>
        <line num="112" count="5" type="stmt"/>
        <line num="113" count="0" type="stmt"/>
        <line num="114" count="0" type="stmt"/>
        <line num="117" count="5" type="stmt"/>
        <line num="118" count="0" type="stmt"/>
        <line num="119" count="0" type="stmt"/>
        <line num="122" count="5" type="stmt"/>
        <line num="123" count="0" type="stmt"/>
        <line num="124" count="0" type="stmt"/>
        <line num="125" count="0" type="stmt"/>
        <line num="126" count="0" type="stmt"/>
        <line num="127" count="0" type="stmt"/>
        <line num="129" count="0" type="cond" truecount="0" falsecount="2"/>
        <line num="131" count="0" type="stmt"/>
        <line num="135" count="5" type="stmt"/>
        <line num="136" count="0" type="stmt"/>
        <line num="137" count="0" type="stmt"/>
        <line num="138" count="0" type="stmt"/>
        <line num="141" count="0" type="cond" truecount="0" falsecount="4"/>
        <line num="142" count="0" type="stmt"/>
        <line num="144" count="0" type="cond" truecount="0" falsecount="2"/>
        <line num="146" count="0" type="stmt"/>
        <line num="150" count="5" type="stmt"/>
        <line num="151" count="0" type="stmt"/>
        <line num="152" count="0" type="stmt"/>
        <line num="153" count="0" type="stmt"/>
        <line num="156" count="0" type="cond" truecount="0" falsecount="4"/>
        <line num="157" count="0" type="stmt"/>
        <line num="159" count="0" type="cond" truecount="0" falsecount="2"/>
        <line num="161" count="0" type="stmt"/>
        <line num="165" count="5" type="stmt"/>
        <line num="166" count="0" type="stmt"/>
        <line num="167" count="0" type="stmt"/>
        <line num="168" count="0" type="cond" truecount="0" falsecount="4"/>
        <line num="169" count="0" type="stmt"/>
        <line num="170" count="0" type="stmt"/>
        <line num="172" count="0" type="cond" truecount="0" falsecount="2"/>
        <line num="176" count="5" type="stmt"/>
        <line num="177" count="0" type="stmt"/>
        <line num="178" count="0" type="stmt"/>
        <line num="179" count="0" type="stmt"/>
        <line num="180" count="0" type="stmt"/>
        <line num="181" count="0" type="stmt"/>
        <line num="183" count="0" type="cond" truecount="0" falsecount="2"/>
        <line num="185" count="0" type="stmt"/>
        <line num="189" count="5" type="stmt"/>
        <line num="190" count="0" type="cond" truecount="0" falsecount="4"/>
        <line num="191" count="0" type="stmt"/>
        <line num="192" count="0" type="stmt"/>
        <line num="194" count="0" type="stmt"/>
        <line num="195" count="0" type="stmt"/>
        <line num="196" count="0" type="stmt"/>
        <line num="197" count="0" type="stmt"/>
        <line num="198" count="0" type="stmt"/>
        <line num="199" count="0" type="stmt"/>
        <line num="201" count="0" type="cond" truecount="0" falsecount="2"/>
        <line num="203" count="0" type="stmt"/>
        <line num="207" count="5" type="stmt"/>
        <line num="208" count="0" type="stmt"/>
        <line num="209" count="0" type="stmt"/>
        <line num="212" count="5" type="cond" truecount="1" falsecount="1"/>
        <line num="220" count="5" type="cond" truecount="1" falsecount="1"/>
        <line num="263" count="20" type="stmt"/>
        <line num="264" count="20" type="stmt"/>
        <line num="265" count="20" type="stmt"/>
        <line num="268" count="0" type="stmt"/>
        <line num="336" count="0" type="stmt"/>
        <line num="354" count="1" type="stmt"/>
        <line num="358" count="0" type="stmt"/>
        <line num="372" count="5" type="stmt"/>
        <line num="420" count="0" type="stmt"/>
        <line num="424" count="0" type="stmt"/>
        <line num="428" count="0" type="stmt"/>
        <line num="447" count="0" type="cond" truecount="0" falsecount="2"/>
        <line num="459" count="0" type="cond" truecount="0" falsecount="2"/>
        <line num="460" count="0" type="cond" truecount="0" falsecount="2"/>
        <line num="479" count="0" type="stmt"/>
        <line num="500" count="0" type="cond" truecount="0" falsecount="2"/>
        <line num="507" count="0" type="cond" truecount="0" falsecount="2"/>
        <line num="514" count="0" type="cond" truecount="0" falsecount="2"/>
      </file>
    </package>
    <package name="app.signals">
      <metrics statements="115" coveredstatements="0" conditionals="78" coveredconditionals="0" methods="25" coveredmethods="0"/>
      <file name="SignalsClient.tsx" path="/Users/kriptos/crypto-signals/frontend/app/signals/SignalsClient.tsx">
        <metrics statements="112" coveredstatements="0" conditionals="78" coveredconditionals="0" methods="24" coveredmethods="0"/>
        <line num="3" count="0" type="stmt"/>
        <line num="4" count="0" type="stmt"/>
        <line num="5" count="0" type="stmt"/>
        <line num="6" count="0" type="stmt"/>
        <line num="7" count="0" type="stmt"/>
        <line num="8" count="0" type="stmt"/>
        <line num="9" count="0" type="stmt"/>
        <line num="10" count="0" type="stmt"/>
        <line num="17" count="0" type="stmt"/>
        <line num="18" count="0" type="stmt"/>
        <line num="19" count="0" type="stmt"/>
        <line num="20" count="0" type="stmt"/>
        <line num="21" count="0" type="stmt"/>
        <line num="22" count="0" type="stmt"/>
        <line num="23" count="0" type="stmt"/>
        <line num="42" count="0" type="stmt"/>
        <line num="44" count="0" type="stmt"/>
        <line num="45" count="0" type="stmt"/>
        <line num="46" count="0" type="stmt"/>
        <line num="47" count="0" type="stmt"/>
        <line num="48" count="0" type="stmt"/>
        <line num="49" count="0" type="stmt"/>
        <line num="51" count="0" type="stmt"/>
        <line num="52" count="0" type="stmt"/>
        <line num="53" count="0" type="stmt"/>
        <line num="54" count="0" type="stmt"/>
        <line num="55" count="0" type="stmt"/>
        <line num="56" count="0" type="stmt"/>
        <line num="57" count="0" type="stmt"/>
        <line num="58" count="0" type="stmt"/>
        <line num="59" count="0" type="stmt"/>
        <line num="61" count="0" type="stmt"/>
        <line num="62" count="0" type="cond" truecount="0" falsecount="2"/>
        <line num="63" count="0" type="stmt"/>
        <line num="64" count="0" type="stmt"/>
        <line num="65" count="0" type="stmt"/>
        <line num="66" count="0" type="stmt"/>
        <line num="67" count="0" type="stmt"/>
        <line num="68" count="0" type="stmt"/>
        <line num="69" count="0" type="cond" truecount="0" falsecount="2"/>
        <line num="70" count="0" type="cond" truecount="0" falsecount="2"/>
        <line num="71" count="0" type="cond" truecount="0" falsecount="2"/>
        <line num="73" count="0" type="stmt"/>
        <line num="76" count="0" type="cond" truecount="0" falsecount="2"/>
        <line num="77" count="0" type="stmt"/>
        <line num="78" count="0" type="cond" truecount="0" falsecount="2"/>
        <line num="80" count="0" type="stmt"/>
        <line num="81" count="0" type="cond" truecount="0" falsecount="2"/>
        <line num="83" count="0" type="cond" truecount="0" falsecount="2"/>
        <line num="85" count="0" type="stmt"/>
        <line num="89" count="0" type="stmt"/>
        <line num="90" count="0" type="cond" truecount="0" falsecount="2"/>
        <line num="91" count="0" type="stmt"/>
        <line num="92" count="0" type="stmt"/>
        <line num="95" count="0" type="cond" truecount="0" falsecount="2"/>
        <line num="97" count="0" type="stmt"/>
        <line num="101" count="0" type="stmt"/>
        <line num="102" count="0" type="cond" truecount="0" falsecount="2"/>
        <line num="103" count="0" type="stmt"/>
        <line num="104" count="0" type="stmt"/>
        <line num="107" count="0" type="cond" truecount="0" falsecount="2"/>
        <line num="109" count="0" type="stmt"/>
        <line num="113" count="0" type="stmt"/>
        <line num="114" count="0" type="cond" truecount="0" falsecount="2"/>
        <line num="115" count="0" type="stmt"/>
        <line num="116" count="0" type="stmt"/>
        <line num="122" count="0" type="cond" truecount="0" falsecount="2"/>
        <line num="123" count="0" type="stmt"/>
        <line num="126" count="0" type="stmt"/>
        <line num="130" count="0" type="stmt"/>
        <line num="131" count="0" type="cond" truecount="0" falsecount="2"/>
        <line num="132" count="0" type="stmt"/>
        <line num="133" count="0" type="stmt"/>
        <line num="134" count="0" type="stmt"/>
        <line num="138" count="0" type="cond" truecount="0" falsecount="2"/>
        <line num="139" count="0" type="stmt"/>
        <line num="140" count="0" type="stmt"/>
        <line num="141" count="0" type="stmt"/>
        <line num="142" count="0" type="stmt"/>
        <line num="145" count="0" type="cond" truecount="0" falsecount="2"/>
        <line num="147" count="0" type="stmt"/>
        <line num="151" count="0" type="stmt"/>
        <line num="152" count="0" type="stmt"/>
        <line num="153" count="0" type="stmt"/>
        <line num="154" count="0" type="stmt"/>
        <line num="155" count="0" type="stmt"/>
        <line num="156" count="0" type="stmt"/>
        <line num="157" count="0" type="stmt"/>
        <line num="159" count="0" type="stmt"/>
        <line num="162" count="0" type="stmt"/>
        <line num="163" count="0" type="stmt"/>
        <line num="164" count="0" type="stmt"/>
        <line num="165" count="0" type="cond" truecount="0" falsecount="2"/>
        <line num="166" count="0" type="cond" truecount="0" falsecount="2"/>
        <line num="167" count="0" type="stmt"/>
        <line num="168" count="0" type="stmt"/>
        <line num="178" count="0" type="stmt"/>
        <line num="198" count="0" type="stmt"/>
        <line num="288" count="0" type="stmt"/>
        <line num="330" count="0" type="stmt"/>
        <line num="361" count="0" type="stmt"/>
        <line num="362" count="0" type="stmt"/>
        <line num="363" count="0" type="stmt"/>
        <line num="377" count="0" type="stmt"/>
        <line num="378" count="0" type="stmt"/>
        <line num="379" count="0" type="stmt"/>
        <line num="392" count="0" type="stmt"/>
        <line num="393" count="0" type="stmt"/>
        <line num="394" count="0" type="stmt"/>
        <line num="427" count="0" type="stmt"/>
        <line num="429" count="0" type="stmt"/>
        <line num="455" count="0" type="stmt"/>
      </file>
      <file name="page.tsx" path="/Users/kriptos/crypto-signals/frontend/app/signals/page.tsx">
        <metrics statements="3" coveredstatements="0" conditionals="0" coveredconditionals="0" methods="1" coveredmethods="0"/>
        <line num="2" count="0" type="stmt"/>
        <line num="4" count="0" type="stmt"/>
        <line num="25" count="0" type="stmt"/>
      </file>
    </package>
    <package name="app.terms">
      <metrics statements="5" coveredstatements="0" conditionals="0" coveredconditionals="0" methods="1" coveredmethods="0"/>
      <file name="page.tsx" path="/Users/kriptos/crypto-signals/frontend/app/terms/page.tsx">
        <metrics statements="5" coveredstatements="0" conditionals="0" coveredconditionals="0" methods="1" coveredmethods="0"/>
        <line num="2" count="0" type="stmt"/>
        <line num="3" count="0" type="stmt"/>
        <line num="4" count="0" type="stmt"/>
        <line num="6" count="0" type="stmt"/>
        <line num="14" count="0" type="stmt"/>
      </file>
    </package>
    <package name="app.trades">
      <metrics statements="6" coveredstatements="0" conditionals="0" coveredconditionals="0" methods="1" coveredmethods="0"/>
      <file name="page.tsx" path="/Users/kriptos/crypto-signals/frontend/app/trades/page.tsx">
        <metrics statements="6" coveredstatements="0" conditionals="0" coveredconditionals="0" methods="1" coveredmethods="0"/>
        <line num="3" count="0" type="stmt"/>
        <line num="4" count="0" type="stmt"/>
        <line num="5" count="0" type="stmt"/>
        <line num="6" count="0" type="stmt"/>
        <line num="8" count="0" type="stmt"/>
        <line num="9" count="0" type="stmt"/>
      </file>
    </package>
    <package name="app.yield-curve">
      <metrics statements="97" coveredstatements="0" conditionals="146" coveredconditionals="0" methods="20" coveredmethods="0"/>
      <file name="YieldCurveClient.tsx" path="/Users/kriptos/crypto-signals/frontend/app/yield-curve/YieldCurveClient.tsx">
        <metrics statements="93" coveredstatements="0" conditionals="146" coveredconditionals="0" methods="19" coveredmethods="0"/>
        <line num="3" count="0" type="stmt"/>
        <line num="4" count="0" type="stmt"/>
        <line num="5" count="0" type="stmt"/>
        <line num="6" count="0" type="stmt"/>
        <line num="7" count="0" type="stmt"/>
        <line num="8" count="0" type="stmt"/>
        <line num="9" count="0" type="stmt"/>
        <line num="10" count="0" type="stmt"/>
        <line num="11" count="0" type="stmt"/>
        <line num="12" count="0" type="stmt"/>
        <line num="13" count="0" type="stmt"/>
        <line num="14" count="0" type="stmt"/>
        <line num="24" count="0" type="stmt"/>
        <line num="26" count="0" type="stmt"/>
        <line num="126" count="0" type="stmt"/>
        <line num="127" count="0" type="stmt"/>
        <line num="128" count="0" type="stmt"/>
        <line num="129" count="0" type="stmt"/>
        <line num="130" count="0" type="stmt"/>
        <line num="131" count="0" type="stmt"/>
        <line num="132" count="0" type="stmt"/>
        <line num="134" count="0" type="cond" truecount="0" falsecount="1"/>
        <line num="135" count="0" type="stmt"/>
        <line num="136" count="0" type="stmt"/>
        <line num="137" count="0" type="stmt"/>
        <line num="139" count="0" type="stmt"/>
        <line num="142" count="0" type="stmt"/>
        <line num="143" count="0" type="stmt"/>
        <line num="144" count="0" type="stmt"/>
        <line num="145" count="0" type="cond" truecount="0" falsecount="2"/>
        <line num="146" count="0" type="stmt"/>
        <line num="147" count="0" type="stmt"/>
        <line num="148" count="0" type="stmt"/>
        <line num="150" count="0" type="stmt"/>
        <line num="152" count="0" type="stmt"/>
        <line num="156" count="0" type="stmt"/>
        <line num="157" count="0" type="stmt"/>
        <line num="160" count="0" type="stmt"/>
        <line num="161" count="0" type="cond" truecount="0" falsecount="5"/>
        <line num="162" count="0" type="stmt"/>
        <line num="163" count="0" type="stmt"/>
        <line num="164" count="0" type="stmt"/>
        <line num="165" count="0" type="stmt"/>
        <line num="166" count="0" type="stmt"/>
        <line num="170" count="0" type="stmt"/>
        <line num="171" count="0" type="cond" truecount="0" falsecount="6"/>
        <line num="172" count="0" type="stmt"/>
        <line num="173" count="0" type="stmt"/>
        <line num="174" count="0" type="stmt"/>
        <line num="175" count="0" type="stmt"/>
        <line num="176" count="0" type="stmt"/>
        <line num="177" count="0" type="stmt"/>
        <line num="181" count="0" type="stmt"/>
        <line num="182" count="0" type="cond" truecount="0" falsecount="4"/>
        <line num="183" count="0" type="stmt"/>
        <line num="184" count="0" type="stmt"/>
        <line num="185" count="0" type="stmt"/>
        <line num="186" count="0" type="stmt"/>
        <line num="190" count="0" type="stmt"/>
        <line num="191" count="0" type="cond" truecount="0" falsecount="5"/>
        <line num="192" count="0" type="stmt"/>
        <line num="193" count="0" type="stmt"/>
        <line num="194" count="0" type="stmt"/>
        <line num="195" count="0" type="stmt"/>
        <line num="196" count="0" type="stmt"/>
        <line num="200" count="0" type="stmt"/>
        <line num="201" count="0" type="cond" truecount="0" falsecount="2"/>
        <line num="202" count="0" type="cond" truecount="0" falsecount="2"/>
        <line num="203" count="0" type="cond" truecount="0" falsecount="2"/>
        <line num="204" count="0" type="stmt"/>
        <line num="207" count="0" type="cond" truecount="0" falsecount="2"/>
        <line num="215" count="0" type="stmt"/>
        <line num="218" count="0" type="stmt"/>
        <line num="228" count="0" type="cond" truecount="0" falsecount="2"/>
        <line num="229" count="0" type="cond" truecount="0" falsecount="2"/>
        <line num="230" count="0" type="cond" truecount="0" falsecount="2"/>
        <line num="231" count="0" type="stmt"/>
        <line num="232" count="0" type="stmt"/>
        <line num="233" count="0" type="stmt"/>
        <line num="234" count="0" type="cond" truecount="0" falsecount="2"/>
        <line num="235" count="0" type="cond" truecount="0" falsecount="2"/>
        <line num="236" count="0" type="cond" truecount="0" falsecount="2"/>
        <line num="237" count="0" type="stmt"/>
        <line num="238" count="0" type="stmt"/>
        <line num="385" count="0" type="stmt"/>
        <line num="387" count="0" type="stmt"/>
        <line num="412" count="0" type="stmt"/>
        <line num="413" count="0" type="cond" truecount="0" falsecount="2"/>
        <line num="414" count="0" type="stmt"/>
        <line num="481" count="0" type="stmt"/>
        <line num="482" count="0" type="stmt"/>
        <line num="586" count="0" type="stmt"/>
        <line num="611" count="0" type="stmt"/>
      </file>
      <file name="page.tsx" path="/Users/kriptos/crypto-signals/frontend/app/yield-curve/page.tsx">
        <metrics statements="4" coveredstatements="0" conditionals="0" coveredconditionals="0" methods="1" coveredmethods="0"/>
        <line num="2" count="0" type="stmt"/>
        <line num="4" count="0" type="stmt"/>
        <line num="25" count="0" type="stmt"/>
        <line num="26" count="0" type="stmt"/>
      </file>
    </package>
  </project>
</coverage>
