{"/Users/kriptos/crypto-signals/frontend/app/LandingClient.tsx": {"path":"/Users/kriptos/crypto-signals/frontend/app/LandingClient.tsx","statementMap":{"0":{"start":{"line":13,"column":24},"end":{"line":13,"column":null}},"1":{"start":{"line":3,"column":30},"end":{"line":3,"column":null}},"2":{"start":{"line":4,"column":28},"end":{"line":4,"column":null}},"3":{"start":{"line":5,"column":29},"end":{"line":5,"column":null}},"4":{"start":{"line":6,"column":32},"end":{"line":6,"column":null}},"5":{"start":{"line":7,"column":34},"end":{"line":7,"column":null}},"6":{"start":{"line":8,"column":31},"end":{"line":8,"column":null}},"7":{"start":{"line":9,"column":27},"end":{"line":9,"column":null}},"8":{"start":{"line":10,"column":27},"end":{"line":10,"column":null}},"9":{"start":{"line":11,"column":28},"end":{"line":11,"column":null}}},"fnMap":{"0":{"name":"LandingClient","decl":{"start":{"line":13,"column":24},"end":{"line":13,"column":null}},"loc":{"start":{"line":13,"column":24},"end":{"line":29,"column":null}}}},"branchMap":{},"s":{"0":0,"1":0,"2":0,"3":0,"4":0,"5":0,"6":0,"7":0,"8":0,"9":0},"f":{"0":0},"b":{}}
,"/Users/kriptos/crypto-signals/frontend/app/opengraph-image.tsx": {"path":"/Users/kriptos/crypto-signals/frontend/app/opengraph-image.tsx","statementMap":{"0":{"start":{"line":5,"column":13},"end":{"line":5,"column":16}},"1":{"start":{"line":8,"column":13},"end":{"line":8,"column":24}},"2":{"start":{"line":10,"column":24},"end":{"line":10,"column":null}},"3":{"start":{"line":3,"column":13},"end":{"line":3,"column":20}},"4":{"start":{"line":6,"column":13},"end":{"line":6,"column":17}},"5":{"start":{"line":1,"column":30},"end":{"line":1,"column":null}},"6":{"start":{"line":3,"column":23},"end":{"line":3,"column":null}},"7":{"start":{"line":5,"column":19},"end":{"line":5,"column":null}},"8":{"start":{"line":6,"column":20},"end":{"line":6,"column":null}},"9":{"start":{"line":8,"column":27},"end":{"line":8,"column":null}},"10":{"start":{"line":11,"column":2},"end":{"line":71,"column":null}}},"fnMap":{"0":{"name":"OpenGraphImage","decl":{"start":{"line":10,"column":24},"end":{"line":10,"column":null}},"loc":{"start":{"line":10,"column":24},"end":{"line":73,"column":1}}}},"branchMap":{},"s":{"0":0,"1":0,"2":0,"3":0,"4":0,"5":0,"6":0,"7":0,"8":0,"9":0,"10":0},"f":{"0":0},"b":{}}
,"/Users/kriptos/crypto-signals/frontend/app/page.tsx": {"path":"/Users/kriptos/crypto-signals/frontend/app/page.tsx","statementMap":{"0":{"start":{"line":26,"column":24},"end":{"line":26,"column":null}},"1":{"start":{"line":4,"column":13},"end":{"line":4,"column":21}},"2":{"start":{"line":2,"column":26},"end":{"line":2,"column":null}},"3":{"start":{"line":4,"column":34},"end":{"line":24,"column":null}},"4":{"start":{"line":27,"column":17},"end":{"line":66,"column":null}}},"fnMap":{"0":{"name":"HomePage","decl":{"start":{"line":26,"column":24},"end":{"line":26,"column":null}},"loc":{"start":{"line":26,"column":24},"end":{"line":77,"column":1}}}},"branchMap":{},"s":{"0":0,"1":0,"2":0,"3":0,"4":0},"f":{"0":0},"b":{}}
,"/Users/kriptos/crypto-signals/frontend/app/robots.ts": {"path":"/Users/kriptos/crypto-signals/frontend/app/robots.ts","statementMap":{"0":{"start":{"line":3,"column":24},"end":{"line":3,"column":null}},"1":{"start":{"line":4,"column":2},"end":{"line":13,"column":null}}},"fnMap":{"0":{"name":"robots","decl":{"start":{"line":3,"column":24},"end":{"line":3,"column":null}},"loc":{"start":{"line":3,"column":24},"end":{"line":14,"column":null}}}},"branchMap":{},"s":{"0":0,"1":0},"f":{"0":0},"b":{}}
,"/Users/kriptos/crypto-signals/frontend/app/sitemap.ts": {"path":"/Users/kriptos/crypto-signals/frontend/app/sitemap.ts","statementMap":{"0":{"start":{"line":5,"column":24},"end":{"line":5,"column":null}},"1":{"start":{"line":3,"column":17},"end":{"line":3,"column":null}},"2":{"start":{"line":6,"column":17},"end":{"line":29,"column":null}},"3":{"start":{"line":31,"column":2},"end":{"line":36,"column":null}},"4":{"start":{"line":31,"column":32},"end":{"line":36,"column":null}}},"fnMap":{"0":{"name":"sitemap","decl":{"start":{"line":5,"column":24},"end":{"line":5,"column":null}},"loc":{"start":{"line":5,"column":24},"end":{"line":37,"column":null}}},"1":{"name":"(anonymous_2)","decl":{"start":{"line":31,"column":20},"end":{"line":31,"column":21}},"loc":{"start":{"line":31,"column":32},"end":{"line":36,"column":null}}}},"branchMap":{},"s":{"0":0,"1":0,"2":0,"3":0,"4":0},"f":{"0":0,"1":0},"b":{}}
,"/Users/kriptos/crypto-signals/frontend/app/about/page.tsx": {"path":"/Users/kriptos/crypto-signals/frontend/app/about/page.tsx","statementMap":{"0":{"start":{"line":22,"column":24},"end":{"line":22,"column":null}},"1":{"start":{"line":6,"column":13},"end":{"line":6,"column":21}},"2":{"start":{"line":2,"column":17},"end":{"line":2,"column":null}},"3":{"start":{"line":3,"column":54},"end":{"line":3,"column":null}},"4":{"start":{"line":4,"column":23},"end":{"line":4,"column":null}},"5":{"start":{"line":6,"column":34},"end":{"line":20,"column":null}}},"fnMap":{"0":{"name":"AboutPage","decl":{"start":{"line":22,"column":24},"end":{"line":22,"column":null}},"loc":{"start":{"line":22,"column":24},"end":{"line":98,"column":1}}}},"branchMap":{},"s":{"0":0,"1":0,"2":0,"3":0,"4":0,"5":0},"f":{"0":0},"b":{}}
,"/Users/kriptos/crypto-signals/frontend/app/admin/page.tsx": {"path":"/Users/kriptos/crypto-signals/frontend/app/admin/page.tsx","statementMap":{"0":{"start":{"line":51,"column":24},"end":{"line":51,"column":null}},"1":{"start":{"line":3,"column":45},"end":{"line":3,"column":null}},"2":{"start":{"line":4,"column":26},"end":{"line":4,"column":null}},"3":{"start":{"line":5,"column":24},"end":{"line":5,"column":null}},"4":{"start":{"line":6,"column":24},"end":{"line":6,"column":null}},"5":{"start":{"line":7,"column":74},"end":{"line":7,"column":null}},"6":{"start":{"line":8,"column":78},"end":{"line":8,"column":null}},"7":{"start":{"line":9,"column":78},"end":{"line":9,"column":null}},"8":{"start":{"line":10,"column":22},"end":{"line":10,"column":null}},"9":{"start":{"line":11,"column":22},"end":{"line":11,"column":null}},"10":{"start":{"line":12,"column":23},"end":{"line":12,"column":null}},"11":{"start":{"line":13,"column":39},"end":{"line":13,"column":null}},"12":{"start":{"line":14,"column":121},"end":{"line":14,"column":null}},"13":{"start":{"line":15,"column":19},"end":{"line":15,"column":null}},"14":{"start":{"line":16,"column":28},"end":{"line":16,"column":null}},"15":{"start":{"line":17,"column":89},"end":{"line":17,"column":null}},"16":{"start":{"line":19,"column":29},"end":{"line":19,"column":null}},"17":{"start":{"line":47,"column":12},"end":{"line":47,"column":null}},"18":{"start":{"line":48,"column":2},"end":{"line":48,"column":null}},"19":{"start":{"line":52,"column":30},"end":{"line":52,"column":null}},"20":{"start":{"line":53,"column":17},"end":{"line":53,"column":null}},"21":{"start":{"line":54,"column":16},"end":{"line":54,"column":null}},"22":{"start":{"line":55,"column":28},"end":{"line":55,"column":null}},"23":{"start":{"line":56,"column":28},"end":{"line":56,"column":null}},"24":{"start":{"line":57,"column":32},"end":{"line":57,"column":null}},"25":{"start":{"line":58,"column":28},"end":{"line":58,"column":null}},"26":{"start":{"line":59,"column":30},"end":{"line":59,"column":null}},"27":{"start":{"line":60,"column":38},"end":{"line":60,"column":null}},"28":{"start":{"line":61,"column":42},"end":{"line":61,"column":null}},"29":{"start":{"line":62,"column":40},"end":{"line":62,"column":null}},"30":{"start":{"line":63,"column":38},"end":{"line":63,"column":null}},"31":{"start":{"line":64,"column":34},"end":{"line":64,"column":null}},"32":{"start":{"line":65,"column":44},"end":{"line":65,"column":null}},"33":{"start":{"line":66,"column":44},"end":{"line":66,"column":null}},"34":{"start":{"line":67,"column":40},"end":{"line":67,"column":null}},"35":{"start":{"line":68,"column":46},"end":{"line":68,"column":null}},"36":{"start":{"line":70,"column":2},"end":{"line":74,"column":null}},"37":{"start":{"line":71,"column":4},"end":{"line":73,"column":null}},"38":{"start":{"line":72,"column":6},"end":{"line":72,"column":null}},"39":{"start":{"line":76,"column":2},"end":{"line":114,"column":null}},"40":{"start":{"line":77,"column":4},"end":{"line":77,"column":null}},"41":{"start":{"line":77,"column":45},"end":{"line":77,"column":null}},"42":{"start":{"line":78,"column":22},"end":{"line":111,"column":null}},"43":{"start":{"line":79,"column":6},"end":{"line":110,"column":null}},"44":{"start":{"line":80,"column":49},"end":{"line":84,"column":null}},"45":{"start":{"line":85,"column":8},"end":{"line":88,"column":null}},"46":{"start":{"line":86,"column":22},"end":{"line":86,"column":null}},"47":{"start":{"line":87,"column":10},"end":{"line":87,"column":null}},"48":{"start":{"line":89,"column":26},"end":{"line":89,"column":null}},"49":{"start":{"line":90,"column":26},"end":{"line":90,"column":null}},"50":{"start":{"line":91,"column":8},"end":{"line":91,"column":null}},"51":{"start":{"line":92,"column":8},"end":{"line":92,"column":null}},"52":{"start":{"line":93,"column":8},"end":{"line":95,"column":null}},"53":{"start":{"line":94,"column":10},"end":{"line":94,"column":null}},"54":{"start":{"line":96,"column":61},"end":{"line":101,"column":null}},"55":{"start":{"line":102,"column":8},"end":{"line":102,"column":null}},"56":{"start":{"line":102,"column":23},"end":{"line":102,"column":null}},"57":{"start":{"line":103,"column":8},"end":{"line":103,"column":null}},"58":{"start":{"line":103,"column":23},"end":{"line":103,"column":null}},"59":{"start":{"line":104,"column":8},"end":{"line":104,"column":null}},"60":{"start":{"line":104,"column":30},"end":{"line":104,"column":null}},"61":{"start":{"line":105,"column":8},"end":{"line":105,"column":null}},"62":{"start":{"line":105,"column":28},"end":{"line":105,"column":null}},"63":{"start":{"line":107,"column":8},"end":{"line":107,"column":null}},"64":{"start":{"line":109,"column":8},"end":{"line":109,"column":null}},"65":{"start":{"line":113,"column":4},"end":{"line":113,"column":null}},"66":{"start":{"line":116,"column":24},"end":{"line":124,"column":null}},"67":{"start":{"line":117,"column":4},"end":{"line":123,"column":null}},"68":{"start":{"line":119,"column":8},"end":{"line":120,"column":null}},"69":{"start":{"line":121,"column":26},"end":{"line":121,"column":null}},"70":{"start":{"line":122,"column":6},"end":{"line":122,"column":null}},"71":{"start":{"line":126,"column":20},"end":{"line":131,"column":null}},"72":{"start":{"line":127,"column":4},"end":{"line":130,"column":null}},"73":{"start":{"line":127,"column":59},"end":{"line":130,"column":null}},"74":{"start":{"line":133,"column":27},"end":{"line":150,"column":null}},"75":{"start":{"line":134,"column":4},"end":{"line":149,"column":null}},"76":{"start":{"line":135,"column":18},"end":{"line":141,"column":null}},"77":{"start":{"line":142,"column":6},"end":{"line":145,"column":null}},"78":{"start":{"line":143,"column":20},"end":{"line":143,"column":null}},"79":{"start":{"line":144,"column":8},"end":{"line":144,"column":null}},"80":{"start":{"line":146,"column":6},"end":{"line":146,"column":null}},"81":{"start":{"line":146,"column":25},"end":{"line":146,"column":null}},"82":{"start":{"line":146,"column":42},"end":{"line":146,"column":null}},"83":{"start":{"line":148,"column":6},"end":{"line":148,"column":null}},"84":{"start":{"line":152,"column":25},"end":{"line":171,"column":null}},"85":{"start":{"line":153,"column":4},"end":{"line":153,"column":null}},"86":{"start":{"line":154,"column":4},"end":{"line":154,"column":null}},"87":{"start":{"line":155,"column":4},"end":{"line":170,"column":null}},"88":{"start":{"line":156,"column":18},"end":{"line":162,"column":null}},"89":{"start":{"line":163,"column":19},"end":{"line":163,"column":null}},"90":{"start":{"line":164,"column":6},"end":{"line":164,"column":null}},"91":{"start":{"line":164,"column":19},"end":{"line":164,"column":null}},"92":{"start":{"line":165,"column":6},"end":{"line":165,"column":null}},"93":{"start":{"line":167,"column":6},"end":{"line":167,"column":null}},"94":{"start":{"line":169,"column":6},"end":{"line":169,"column":null}},"95":{"start":{"line":173,"column":29},"end":{"line":190,"column":null}},"96":{"start":{"line":174,"column":4},"end":{"line":189,"column":null}},"97":{"start":{"line":175,"column":18},"end":{"line":181,"column":null}},"98":{"start":{"line":182,"column":6},"end":{"line":185,"column":null}},"99":{"start":{"line":183,"column":20},"end":{"line":183,"column":null}},"100":{"start":{"line":184,"column":8},"end":{"line":184,"column":null}},"101":{"start":{"line":186,"column":6},"end":{"line":186,"column":null}},"102":{"start":{"line":186,"column":25},"end":{"line":186,"column":null}},"103":{"start":{"line":186,"column":42},"end":{"line":186,"column":null}},"104":{"start":{"line":188,"column":6},"end":{"line":188,"column":null}},"105":{"start":{"line":192,"column":2},"end":{"line":200,"column":null}},"106":{"start":{"line":202,"column":2},"end":{"line":204,"column":null}},"107":{"start":{"line":203,"column":4},"end":{"line":203,"column":null}},"108":{"start":{"line":261,"column":33},"end":{"line":261,"column":null}},"109":{"start":{"line":270,"column":33},"end":{"line":270,"column":null}},"110":{"start":{"line":329,"column":20},"end":{"line":329,"column":null}},"111":{"start":{"line":330,"column":20},"end":{"line":338,"column":null}},"112":{"start":{"line":331,"column":34},"end":{"line":334,"column":null}},"113":{"start":{"line":335,"column":22},"end":{"line":335,"column":null}},"114":{"start":{"line":335,"column":34},"end":{"line":335,"column":null}},"115":{"start":{"line":337,"column":22},"end":{"line":337,"column":null}},"116":{"start":{"line":397,"column":22},"end":{"line":397,"column":39}},"117":{"start":{"line":454,"column":37},"end":{"line":454,"column":null}},"118":{"start":{"line":486,"column":20},"end":{"line":486,"column":null}},"119":{"start":{"line":530,"column":84},"end":{"line":530,"column":null}},"120":{"start":{"line":544,"column":43},"end":{"line":544,"column":null}},"121":{"start":{"line":590,"column":20},"end":{"line":590,"column":null}},"122":{"start":{"line":639,"column":46},"end":{"line":645,"column":null}}},"fnMap":{"0":{"name":"formatDateLabel","decl":{"start":{"line":46,"column":9},"end":{"line":46,"column":25}},"loc":{"start":{"line":46,"column":40},"end":{"line":49,"column":null}}},"1":{"name":"AdminPage","decl":{"start":{"line":51,"column":24},"end":{"line":51,"column":null}},"loc":{"start":{"line":51,"column":24},"end":{"line":626,"column":null}}},"2":{"name":"(anonymous_4)","decl":{"start":{"line":70,"column":12},"end":{"line":70,"column":null}},"loc":{"start":{"line":70,"column":12},"end":{"line":74,"column":5}}},"3":{"name":"(anonymous_5)","decl":{"start":{"line":76,"column":12},"end":{"line":76,"column":null}},"loc":{"start":{"line":76,"column":12},"end":{"line":114,"column":5}}},"4":{"name":"(anonymous_6)","decl":{"start":{"line":78,"column":22},"end":{"line":78,"column":null}},"loc":{"start":{"line":78,"column":22},"end":{"line":111,"column":null}}},"5":{"name":"(anonymous_7)","decl":{"start":{"line":116,"column":32},"end":{"line":116,"column":null}},"loc":{"start":{"line":116,"column":32},"end":{"line":124,"column":5}}},"6":{"name":"(anonymous_8)","decl":{"start":{"line":117,"column":24},"end":{"line":117,"column":25}},"loc":{"start":{"line":117,"column":25},"end":{"line":123,"column":null}}},"7":{"name":"(anonymous_9)","decl":{"start":{"line":126,"column":28},"end":{"line":126,"column":null}},"loc":{"start":{"line":126,"column":28},"end":{"line":131,"column":5}}},"8":{"name":"(anonymous_10)","decl":{"start":{"line":127,"column":51},"end":{"line":127,"column":52}},"loc":{"start":{"line":127,"column":59},"end":{"line":130,"column":null}}},"9":{"name":"(anonymous_11)","decl":{"start":{"line":133,"column":27},"end":{"line":133,"column":34}},"loc":{"start":{"line":133,"column":50},"end":{"line":150,"column":null}}},"10":{"name":"(anonymous_12)","decl":{"start":{"line":146,"column":15},"end":{"line":146,"column":16}},"loc":{"start":{"line":146,"column":25},"end":{"line":146,"column":null}}},"11":{"name":"(anonymous_13)","decl":{"start":{"line":146,"column":34},"end":{"line":146,"column":35}},"loc":{"start":{"line":146,"column":42},"end":{"line":146,"column":null}}},"12":{"name":"(anonymous_14)","decl":{"start":{"line":152,"column":25},"end":{"line":152,"column":32}},"loc":{"start":{"line":152,"column":32},"end":{"line":171,"column":null}}},"13":{"name":"(anonymous_15)","decl":{"start":{"line":173,"column":29},"end":{"line":173,"column":36}},"loc":{"start":{"line":173,"column":52},"end":{"line":190,"column":null}}},"14":{"name":"(anonymous_16)","decl":{"start":{"line":186,"column":15},"end":{"line":186,"column":16}},"loc":{"start":{"line":186,"column":25},"end":{"line":186,"column":null}}},"15":{"name":"(anonymous_17)","decl":{"start":{"line":186,"column":34},"end":{"line":186,"column":35}},"loc":{"start":{"line":186,"column":42},"end":{"line":186,"column":null}}},"16":{"name":"(anonymous_18)","decl":{"start":{"line":261,"column":27},"end":{"line":261,"column":33}},"loc":{"start":{"line":261,"column":33},"end":{"line":261,"column":null}}},"17":{"name":"(anonymous_19)","decl":{"start":{"line":270,"column":27},"end":{"line":270,"column":33}},"loc":{"start":{"line":270,"column":33},"end":{"line":270,"column":null}}},"18":{"name":"(anonymous_20)","decl":{"start":{"line":328,"column":27},"end":{"line":328,"column":null}},"loc":{"start":{"line":328,"column":27},"end":{"line":339,"column":null}}},"19":{"name":"(anonymous_21)","decl":{"start":{"line":396,"column":50},"end":{"line":396,"column":51}},"loc":{"start":{"line":397,"column":22},"end":{"line":397,"column":39}}},"20":{"name":"(anonymous_22)","decl":{"start":{"line":454,"column":30},"end":{"line":454,"column":31}},"loc":{"start":{"line":454,"column":37},"end":{"line":454,"column":null}}},"21":{"name":"(anonymous_23)","decl":{"start":{"line":485,"column":37},"end":{"line":485,"column":38}},"loc":{"start":{"line":486,"column":20},"end":{"line":486,"column":null}}},"22":{"name":"(anonymous_24)","decl":{"start":{"line":530,"column":77},"end":{"line":530,"column":78}},"loc":{"start":{"line":530,"column":84},"end":{"line":530,"column":null}}},"23":{"name":"(anonymous_25)","decl":{"start":{"line":544,"column":37},"end":{"line":544,"column":43}},"loc":{"start":{"line":544,"column":43},"end":{"line":544,"column":null}}},"24":{"name":"(anonymous_26)","decl":{"start":{"line":589,"column":45},"end":{"line":589,"column":46}},"loc":{"start":{"line":590,"column":20},"end":{"line":590,"column":null}}},"25":{"name":"MetricCard","decl":{"start":{"line":628,"column":9},"end":{"line":628,"column":20}},"loc":{"start":{"line":638,"column":1},"end":{"line":657,"column":null}}}},"branchMap":{"0":{"loc":{"start":{"line":71,"column":4},"end":{"line":73,"column":null}},"type":"if","locations":[{"start":{"line":71,"column":4},"end":{"line":73,"column":null}},{"start":{},"end":{}}]},"1":{"loc":{"start":{"line":71,"column":8},"end":{"line":71,"column":59}},"type":"binary-expr","locations":[{"start":{"line":71,"column":8},"end":{"line":71,"column":22}},{"start":{"line":71,"column":22},"end":{"line":71,"column":59}}]},"2":{"loc":{"start":{"line":77,"column":4},"end":{"line":77,"column":null}},"type":"if","locations":[{"start":{"line":77,"column":4},"end":{"line":77,"column":null}},{"start":{},"end":{}}]},"3":{"loc":{"start":{"line":85,"column":8},"end":{"line":88,"column":null}},"type":"if","locations":[{"start":{"line":85,"column":8},"end":{"line":88,"column":null}},{"start":{},"end":{}}]},"4":{"loc":{"start":{"line":85,"column":12},"end":{"line":85,"column":40}},"type":"binary-expr","locations":[{"start":{"line":85,"column":12},"end":{"line":85,"column":24}},{"start":{"line":85,"column":28},"end":{"line":85,"column":40}}]},"5":{"loc":{"start":{"line":86,"column":29},"end":{"line":86,"column":61}},"type":"cond-expr","locations":[{"start":{"line":86,"column":43},"end":{"line":86,"column":54}},{"start":{"line":86,"column":54},"end":{"line":86,"column":61}}]},"6":{"loc":{"start":{"line":87,"column":26},"end":{"line":87,"column":null}},"type":"binary-expr","locations":[{"start":{"line":87,"column":26},"end":{"line":87,"column":36}},{"start":{"line":87,"column":40},"end":{"line":87,"column":null}}]},"7":{"loc":{"start":{"line":91,"column":17},"end":{"line":91,"column":38}},"type":"binary-expr","locations":[{"start":{"line":91,"column":17},"end":{"line":91,"column":32}},{"start":{"line":91,"column":36},"end":{"line":91,"column":38}}]},"8":{"loc":{"start":{"line":93,"column":8},"end":{"line":95,"column":null}},"type":"if","locations":[{"start":{"line":93,"column":8},"end":{"line":95,"column":null}},{"start":{},"end":{}}]},"9":{"loc":{"start":{"line":102,"column":8},"end":{"line":102,"column":null}},"type":"if","locations":[{"start":{"line":102,"column":8},"end":{"line":102,"column":null}},{"start":{},"end":{}}]},"10":{"loc":{"start":{"line":103,"column":8},"end":{"line":103,"column":null}},"type":"if","locations":[{"start":{"line":103,"column":8},"end":{"line":103,"column":null}},{"start":{},"end":{}}]},"11":{"loc":{"start":{"line":104,"column":8},"end":{"line":104,"column":null}},"type":"if","locations":[{"start":{"line":104,"column":8},"end":{"line":104,"column":null}},{"start":{},"end":{}}]},"12":{"loc":{"start":{"line":105,"column":8},"end":{"line":105,"column":null}},"type":"if","locations":[{"start":{"line":105,"column":8},"end":{"line":105,"column":null}},{"start":{},"end":{}}]},"13":{"loc":{"start":{"line":119,"column":8},"end":{"line":120,"column":null}},"type":"binary-expr","locations":[{"start":{"line":119,"column":8},"end":{"line":119,"column":null}},{"start":{"line":120,"column":8},"end":{"line":120,"column":null}}]},"14":{"loc":{"start":{"line":120,"column":9},"end":{"line":120,"column":21}},"type":"binary-expr","locations":[{"start":{"line":120,"column":9},"end":{"line":120,"column":16}},{"start":{"line":120,"column":20},"end":{"line":120,"column":21}}]},"15":{"loc":{"start":{"line":121,"column":26},"end":{"line":121,"column":null}},"type":"binary-expr","locations":[{"start":{"line":121,"column":26},"end":{"line":121,"column":50}},{"start":{"line":121,"column":50},"end":{"line":121,"column":null}}]},"16":{"loc":{"start":{"line":122,"column":13},"end":{"line":122,"column":null}},"type":"binary-expr","locations":[{"start":{"line":122,"column":13},"end":{"line":122,"column":30}},{"start":{"line":122,"column":30},"end":{"line":122,"column":null}}]},"17":{"loc":{"start":{"line":127,"column":12},"end":{"line":127,"column":45}},"type":"binary-expr","locations":[{"start":{"line":127,"column":12},"end":{"line":127,"column":43}},{"start":{"line":127,"column":43},"end":{"line":127,"column":45}}]},"18":{"loc":{"start":{"line":142,"column":6},"end":{"line":145,"column":null}},"type":"if","locations":[{"start":{"line":142,"column":6},"end":{"line":145,"column":null}},{"start":{},"end":{}}]},"19":{"loc":{"start":{"line":144,"column":24},"end":{"line":144,"column":null}},"type":"binary-expr","locations":[{"start":{"line":144,"column":24},"end":{"line":144,"column":34}},{"start":{"line":144,"column":38},"end":{"line":144,"column":null}}]},"20":{"loc":{"start":{"line":146,"column":42},"end":{"line":146,"column":null}},"type":"cond-expr","locations":[{"start":{"line":146,"column":60},"end":{"line":146,"column":99}},{"start":{"line":146,"column":99},"end":{"line":146,"column":null}}]},"21":{"loc":{"start":{"line":164,"column":6},"end":{"line":164,"column":null}},"type":"if","locations":[{"start":{"line":164,"column":6},"end":{"line":164,"column":null}},{"start":{},"end":{}}]},"22":{"loc":{"start":{"line":164,"column":35},"end":{"line":164,"column":null}},"type":"binary-expr","locations":[{"start":{"line":164,"column":35},"end":{"line":164,"column":46}},{"start":{"line":164,"column":50},"end":{"line":164,"column":null}}]},"23":{"loc":{"start":{"line":182,"column":6},"end":{"line":185,"column":null}},"type":"if","locations":[{"start":{"line":182,"column":6},"end":{"line":185,"column":null}},{"start":{},"end":{}}]},"24":{"loc":{"start":{"line":184,"column":24},"end":{"line":184,"column":null}},"type":"binary-expr","locations":[{"start":{"line":184,"column":24},"end":{"line":184,"column":34}},{"start":{"line":184,"column":38},"end":{"line":184,"column":null}}]},"25":{"loc":{"start":{"line":186,"column":42},"end":{"line":186,"column":null}},"type":"cond-expr","locations":[{"start":{"line":186,"column":60},"end":{"line":186,"column":93}},{"start":{"line":186,"column":93},"end":{"line":186,"column":null}}]},"26":{"loc":{"start":{"line":192,"column":2},"end":{"line":200,"column":null}},"type":"if","locations":[{"start":{"line":192,"column":2},"end":{"line":200,"column":null}},{"start":{},"end":{}}]},"27":{"loc":{"start":{"line":192,"column":6},"end":{"line":192,"column":28}},"type":"binary-expr","locations":[{"start":{"line":192,"column":6},"end":{"line":192,"column":19}},{"start":{"line":192,"column":19},"end":{"line":192,"column":28}}]},"28":{"loc":{"start":{"line":202,"column":2},"end":{"line":204,"column":null}},"type":"if","locations":[{"start":{"line":202,"column":2},"end":{"line":204,"column":null}},{"start":{},"end":{}}]},"29":{"loc":{"start":{"line":214,"column":9},"end":{"line":214,"column":null}},"type":"binary-expr","locations":[{"start":{"line":214,"column":9},"end":{"line":214,"column":null}}]},"30":{"loc":{"start":{"line":224,"column":19},"end":{"line":224,"column":null}},"type":"binary-expr","locations":[{"start":{"line":224,"column":19},"end":{"line":224,"column":41}},{"start":{"line":224,"column":41},"end":{"line":224,"column":null}}]},"31":{"loc":{"start":{"line":230,"column":19},"end":{"line":230,"column":null}},"type":"binary-expr","locations":[{"start":{"line":230,"column":19},"end":{"line":230,"column":39}},{"start":{"line":230,"column":39},"end":{"line":230,"column":null}}]},"32":{"loc":{"start":{"line":236,"column":19},"end":{"line":236,"column":null}},"type":"binary-expr","locations":[{"start":{"line":236,"column":19},"end":{"line":236,"column":40}},{"start":{"line":236,"column":40},"end":{"line":236,"column":null}}]},"33":{"loc":{"start":{"line":242,"column":19},"end":{"line":242,"column":null}},"type":"binary-expr","locations":[{"start":{"line":242,"column":19},"end":{"line":242,"column":42}},{"start":{"line":242,"column":42},"end":{"line":242,"column":null}}]},"34":{"loc":{"start":{"line":277,"column":13},"end":{"line":277,"column":null}},"type":"binary-expr","locations":[{"start":{"line":277,"column":13},"end":{"line":277,"column":null}}]},"35":{"loc":{"start":{"line":278,"column":47},"end":{"line":278,"column":null}},"type":"cond-expr","locations":[{"start":{"line":278,"column":80},"end":{"line":278,"column":97}},{"start":{"line":278,"column":97},"end":{"line":278,"column":null}}]},"36":{"loc":{"start":{"line":287,"column":23},"end":{"line":287,"column":null}},"type":"binary-expr","locations":[{"start":{"line":287,"column":23},"end":{"line":287,"column":58}},{"start":{"line":287,"column":58},"end":{"line":287,"column":null}}]},"37":{"loc":{"start":{"line":293,"column":23},"end":{"line":293,"column":null}},"type":"binary-expr","locations":[{"start":{"line":293,"column":23},"end":{"line":293,"column":55}},{"start":{"line":293,"column":55},"end":{"line":293,"column":null}}]},"38":{"loc":{"start":{"line":299,"column":23},"end":{"line":299,"column":null}},"type":"binary-expr","locations":[{"start":{"line":299,"column":23},"end":{"line":299,"column":57}},{"start":{"line":299,"column":57},"end":{"line":299,"column":null}}]},"39":{"loc":{"start":{"line":304,"column":13},"end":{"line":304,"column":null}},"type":"binary-expr","locations":[{"start":{"line":304,"column":13},"end":{"line":304,"column":null}}]},"40":{"loc":{"start":{"line":307,"column":33},"end":{"line":307,"column":null}},"type":"cond-expr","locations":[{"start":{"line":307,"column":82},"end":{"line":307,"column":103}},{"start":{"line":307,"column":103},"end":{"line":307,"column":null}}]},"41":{"loc":{"start":{"line":335,"column":22},"end":{"line":335,"column":null}},"type":"if","locations":[{"start":{"line":335,"column":22},"end":{"line":335,"column":null}},{"start":{},"end":{}}]},"42":{"loc":{"start":{"line":351,"column":23},"end":{"line":351,"column":null}},"type":"binary-expr","locations":[{"start":{"line":351,"column":23},"end":{"line":351,"column":51}},{"start":{"line":351,"column":51},"end":{"line":351,"column":null}}]},"43":{"loc":{"start":{"line":357,"column":23},"end":{"line":357,"column":null}},"type":"binary-expr","locations":[{"start":{"line":357,"column":23},"end":{"line":357,"column":56}},{"start":{"line":357,"column":56},"end":{"line":357,"column":null}}]},"44":{"loc":{"start":{"line":363,"column":23},"end":{"line":363,"column":null}},"type":"binary-expr","locations":[{"start":{"line":363,"column":23},"end":{"line":363,"column":50}},{"start":{"line":363,"column":50},"end":{"line":363,"column":null}}]},"45":{"loc":{"start":{"line":369,"column":23},"end":{"line":369,"column":null}},"type":"binary-expr","locations":[{"start":{"line":369,"column":23},"end":{"line":369,"column":55}},{"start":{"line":369,"column":55},"end":{"line":369,"column":null}}]},"46":{"loc":{"start":{"line":374,"column":13},"end":{"line":374,"column":null}},"type":"binary-expr","locations":[{"start":{"line":374,"column":13},"end":{"line":374,"column":null}}]},"47":{"loc":{"start":{"line":380,"column":17},"end":{"line":380,"column":45}},"type":"binary-expr","locations":[{"start":{"line":380,"column":17},"end":{"line":380,"column":45}}]},"48":{"loc":{"start":{"line":383,"column":13},"end":{"line":383,"column":null}},"type":"binary-expr","locations":[{"start":{"line":383,"column":13},"end":{"line":383,"column":null}}]},"49":{"loc":{"start":{"line":421,"column":16},"end":{"line":434,"column":17}},"type":"cond-expr","locations":[{"start":{"line":421,"column":16},"end":{"line":434,"column":17}}]},"50":{"loc":{"start":{"line":496,"column":76},"end":{"line":496,"column":null}},"type":"binary-expr","locations":[{"start":{"line":496,"column":76},"end":{"line":496,"column":83}},{"start":{"line":496,"column":87},"end":{"line":496,"column":null}}]},"51":{"loc":{"start":{"line":504,"column":28},"end":{"line":504,"column":null}},"type":"binary-expr","locations":[{"start":{"line":504,"column":28},"end":{"line":504,"column":63}},{"start":{"line":504,"column":63},"end":{"line":504,"column":null}}]},"52":{"loc":{"start":{"line":505,"column":28},"end":{"line":505,"column":null}},"type":"binary-expr","locations":[{"start":{"line":505,"column":28},"end":{"line":505,"column":61}},{"start":{"line":505,"column":61},"end":{"line":505,"column":null}}]},"53":{"loc":{"start":{"line":506,"column":28},"end":{"line":506,"column":null}},"type":"binary-expr","locations":[{"start":{"line":506,"column":28},"end":{"line":506,"column":62}},{"start":{"line":506,"column":62},"end":{"line":506,"column":null}}]},"54":{"loc":{"start":{"line":514,"column":26},"end":{"line":519,"column":27}},"type":"cond-expr","locations":[{"start":{"line":514,"column":26},"end":{"line":519,"column":27}}]},"55":{"loc":{"start":{"line":545,"column":35},"end":{"line":545,"column":null}},"type":"cond-expr","locations":[{"start":{"line":545,"column":49},"end":{"line":545,"column":73}},{"start":{"line":545,"column":73},"end":{"line":545,"column":null}}]},"56":{"loc":{"start":{"line":548,"column":30},"end":{"line":550,"column":31}},"type":"cond-expr","locations":[{"start":{"line":548,"column":30},"end":{"line":550,"column":31}}]},"57":{"loc":{"start":{"line":557,"column":19},"end":{"line":557,"column":null}},"type":"binary-expr","locations":[{"start":{"line":557,"column":19},"end":{"line":557,"column":null}}]},"58":{"loc":{"start":{"line":599,"column":26},"end":{"line":601,"column":null}},"type":"cond-expr","locations":[{"start":{"line":599,"column":52},"end":{"line":599,"column":null}},{"start":{"line":600,"column":26},"end":{"line":601,"column":null}}]},"59":{"loc":{"start":{"line":600,"column":26},"end":{"line":601,"column":null}},"type":"cond-expr","locations":[{"start":{"line":600,"column":50},"end":{"line":600,"column":null}},{"start":{"line":601,"column":26},"end":{"line":601,"column":null}}]},"60":{"loc":{"start":{"line":611,"column":19},"end":{"line":611,"column":null}},"type":"binary-expr","locations":[{"start":{"line":611,"column":19},"end":{"line":611,"column":null}}]}},"s":{"0":0,"1":0,"2":0,"3":0,"4":0,"5":0,"6":0,"7":0,"8":0,"9":0,"10":0,"11":0,"12":0,"13":0,"14":0,"15":0,"16":0,"17":0,"18":0,"19":0,"20":0,"21":0,"22":0,"23":0,"24":0,"25":0,"26":0,"27":0,"28":0,"29":0,"30":0,"31":0,"32":0,"33":0,"34":0,"35":0,"36":0,"37":0,"38":0,"39":0,"40":0,"41":0,"42":0,"43":0,"44":0,"45":0,"46":0,"47":0,"48":0,"49":0,"50":0,"51":0,"52":0,"53":0,"54":0,"55":0,"56":0,"57":0,"58":0,"59":0,"60":0,"61":0,"62":0,"63":0,"64":0,"65":0,"66":0,"67":0,"68":0,"69":0,"70":0,"71":0,"72":0,"73":0,"74":0,"75":0,"76":0,"77":0,"78":0,"79":0,"80":0,"81":0,"82":0,"83":0,"84":0,"85":0,"86":0,"87":0,"88":0,"89":0,"90":0,"91":0,"92":0,"93":0,"94":0,"95":0,"96":0,"97":0,"98":0,"99":0,"100":0,"101":0,"102":0,"103":0,"104":0,"105":0,"106":0,"107":0,"108":0,"109":0,"110":0,"111":0,"112":0,"113":0,"114":0,"115":0,"116":0,"117":0,"118":0,"119":0,"120":0,"121":0,"122":0},"f":{"0":0,"1":0,"2":0,"3":0,"4":0,"5":0,"6":0,"7":0,"8":0,"9":0,"10":0,"11":0,"12":0,"13":0,"14":0,"15":0,"16":0,"17":0,"18":0,"19":0,"20":0,"21":0,"22":0,"23":0,"24":0,"25":0},"b":{"0":[0,0],"1":[0,0],"2":[0,0],"3":[0,0],"4":[0,0],"5":[0,0],"6":[0,0],"7":[0,0],"8":[0,0],"9":[0,0],"10":[0,0],"11":[0,0],"12":[0,0],"13":[0,0],"14":[0,0],"15":[0,0],"16":[0,0],"17":[0,0],"18":[0,0],"19":[0,0],"20":[0,0],"21":[0,0],"22":[0,0],"23":[0,0],"24":[0,0],"25":[0,0],"26":[0,0],"27":[0,0],"28":[0,0],"29":[0],"30":[0,0],"31":[0,0],"32":[0,0],"33":[0,0],"34":[0],"35":[0,0],"36":[0,0],"37":[0,0],"38":[0,0],"39":[0],"40":[0,0],"41":[0,0],"42":[0,0],"43":[0,0],"44":[0,0],"45":[0,0],"46":[0],"47":[0],"48":[0],"49":[0],"50":[0,0],"51":[0,0],"52":[0,0],"53":[0,0],"54":[0],"55":[0,0],"56":[0],"57":[0],"58":[0,0],"59":[0,0],"60":[0]}}
,"/Users/kriptos/crypto-signals/frontend/app/app/AppClient.tsx": {"path":"/Users/kriptos/crypto-signals/frontend/app/app/AppClient.tsx","statementMap":{"0":{"start":{"line":417,"column":24},"end":{"line":417,"column":null}},"1":{"start":{"line":3,"column":44},"end":{"line":3,"column":null}},"2":{"start":{"line":4,"column":27},"end":{"line":4,"column":null}},"3":{"start":{"line":6,"column":118},"end":{"line":6,"column":null}},"4":{"start":{"line":7,"column":25},"end":{"line":7,"column":null}},"5":{"start":{"line":8,"column":26},"end":{"line":8,"column":null}},"6":{"start":{"line":9,"column":31},"end":{"line":9,"column":null}},"7":{"start":{"line":10,"column":24},"end":{"line":10,"column":null}},"8":{"start":{"line":11,"column":28},"end":{"line":11,"column":null}},"9":{"start":{"line":12,"column":139},"end":{"line":12,"column":null}},"10":{"start":{"line":13,"column":31},"end":{"line":13,"column":null}},"11":{"start":{"line":14,"column":28},"end":{"line":14,"column":null}},"12":{"start":{"line":16,"column":25},"end":{"line":16,"column":null}},"13":{"start":{"line":17,"column":86},"end":{"line":17,"column":null}},"14":{"start":{"line":19,"column":23},"end":{"line":19,"column":null}},"15":{"start":{"line":20,"column":33},"end":{"line":20,"column":null}},"16":{"start":{"line":21,"column":23},"end":{"line":21,"column":null}},"17":{"start":{"line":22,"column":27},"end":{"line":22,"column":null}},"18":{"start":{"line":23,"column":28},"end":{"line":23,"column":null}},"19":{"start":{"line":25,"column":33},"end":{"line":25,"column":null}},"20":{"start":{"line":26,"column":20},"end":{"line":26,"column":null}},"21":{"start":{"line":27,"column":78},"end":{"line":27,"column":null}},"22":{"start":{"line":28,"column":19},"end":{"line":28,"column":null}},"23":{"start":{"line":32,"column":29},"end":{"line":32,"column":null}},"24":{"start":{"line":34,"column":16},"end":{"line":34,"column":null}},"25":{"start":{"line":36,"column":19},"end":{"line":43,"column":null}},"26":{"start":{"line":46,"column":42},"end":{"line":53,"column":null}},"27":{"start":{"line":54,"column":2},"end":{"line":54,"column":null}},"28":{"start":{"line":113,"column":14},"end":{"line":113,"column":null}},"29":{"start":{"line":114,"column":2},"end":{"line":114,"column":null}},"30":{"start":{"line":114,"column":18},"end":{"line":114,"column":null}},"31":{"start":{"line":115,"column":2},"end":{"line":115,"column":null}},"32":{"start":{"line":115,"column":18},"end":{"line":115,"column":null}},"33":{"start":{"line":116,"column":2},"end":{"line":116,"column":null}},"34":{"start":{"line":116,"column":18},"end":{"line":116,"column":null}},"35":{"start":{"line":117,"column":2},"end":{"line":117,"column":null}},"36":{"start":{"line":186,"column":16},"end":{"line":186,"column":null}},"37":{"start":{"line":187,"column":16},"end":{"line":187,"column":null}},"38":{"start":{"line":188,"column":19},"end":{"line":188,"column":null}},"39":{"start":{"line":243,"column":16},"end":{"line":243,"column":null}},"40":{"start":{"line":244,"column":2},"end":{"line":254,"column":null}},"41":{"start":{"line":248,"column":10},"end":{"line":248,"column":23}},"42":{"start":{"line":256,"column":16},"end":{"line":256,"column":null}},"43":{"start":{"line":257,"column":19},"end":{"line":257,"column":null}},"44":{"start":{"line":258,"column":26},"end":{"line":258,"column":null}},"45":{"start":{"line":259,"column":26},"end":{"line":259,"column":null}},"46":{"start":{"line":289,"column":16},"end":{"line":289,"column":null}},"47":{"start":{"line":290,"column":16},"end":{"line":290,"column":null}},"48":{"start":{"line":291,"column":19},"end":{"line":291,"column":null}},"49":{"start":{"line":292,"column":20},"end":{"line":292,"column":null}},"50":{"start":{"line":319,"column":16},"end":{"line":319,"column":null}},"51":{"start":{"line":320,"column":14},"end":{"line":320,"column":null}},"52":{"start":{"line":321,"column":15},"end":{"line":321,"column":null}},"53":{"start":{"line":322,"column":21},"end":{"line":322,"column":null}},"54":{"start":{"line":323,"column":18},"end":{"line":323,"column":null}},"55":{"start":{"line":324,"column":23},"end":{"line":324,"column":null}},"56":{"start":{"line":326,"column":20},"end":{"line":326,"column":null}},"57":{"start":{"line":327,"column":21},"end":{"line":327,"column":null}},"58":{"start":{"line":328,"column":24},"end":{"line":328,"column":null}},"59":{"start":{"line":329,"column":21},"end":{"line":329,"column":null}},"60":{"start":{"line":330,"column":20},"end":{"line":330,"column":null}},"61":{"start":{"line":418,"column":32},"end":{"line":418,"column":null}},"62":{"start":{"line":419,"column":65},"end":{"line":419,"column":null}},"63":{"start":{"line":420,"column":34},"end":{"line":420,"column":null}},"64":{"start":{"line":421,"column":22},"end":{"line":421,"column":null}},"65":{"start":{"line":422,"column":30},"end":{"line":422,"column":null}},"66":{"start":{"line":423,"column":16},"end":{"line":423,"column":null}},"67":{"start":{"line":425,"column":2},"end":{"line":429,"column":null}},"68":{"start":{"line":426,"column":20},"end":{"line":426,"column":null}},"69":{"start":{"line":426,"column":26},"end":{"line":426,"column":null}},"70":{"start":{"line":427,"column":4},"end":{"line":427,"column":null}},"71":{"start":{"line":428,"column":4},"end":{"line":428,"column":null}},"72":{"start":{"line":428,"column":17},"end":{"line":428,"column":null}},"73":{"start":{"line":430,"column":30},"end":{"line":430,"column":null}},"74":{"start":{"line":431,"column":36},"end":{"line":431,"column":null}},"75":{"start":{"line":432,"column":38},"end":{"line":470,"column":null}},"76":{"start":{"line":471,"column":38},"end":{"line":471,"column":null}},"77":{"start":{"line":473,"column":32},"end":{"line":473,"column":null}},"78":{"start":{"line":474,"column":28},"end":{"line":474,"column":null}},"79":{"start":{"line":479,"column":2},"end":{"line":481,"column":null}},"80":{"start":{"line":480,"column":4},"end":{"line":480,"column":null}},"81":{"start":{"line":484,"column":26},"end":{"line":494,"column":null}},"82":{"start":{"line":485,"column":44},"end":{"line":492,"column":null}},"83":{"start":{"line":493,"column":4},"end":{"line":493,"column":null}},"84":{"start":{"line":496,"column":2},"end":{"line":732,"column":null}},"85":{"start":{"line":499,"column":6},"end":{"line":501,"column":null}},"86":{"start":{"line":500,"column":8},"end":{"line":500,"column":null}},"87":{"start":{"line":502,"column":6},"end":{"line":502,"column":null}},"88":{"start":{"line":504,"column":6},"end":{"line":726,"column":null}},"89":{"start":{"line":505,"column":22},"end":{"line":505,"column":null}},"90":{"start":{"line":508,"column":28},"end":{"line":508,"column":null}},"91":{"start":{"line":509,"column":24},"end":{"line":516,"column":null}},"92":{"start":{"line":518,"column":22},"end":{"line":518,"column":null}},"93":{"start":{"line":519,"column":26},"end":{"line":519,"column":null}},"94":{"start":{"line":520,"column":27},"end":{"line":520,"column":null}},"95":{"start":{"line":521,"column":30},"end":{"line":521,"column":null}},"96":{"start":{"line":522,"column":23},"end":{"line":522,"column":null}},"97":{"start":{"line":523,"column":29},"end":{"line":523,"column":null}},"98":{"start":{"line":526,"column":26},"end":{"line":526,"column":30}},"99":{"start":{"line":526,"column":48},"end":{"line":526,"column":52}},"100":{"start":{"line":526,"column":71},"end":{"line":526,"column":75}},"101":{"start":{"line":526,"column":97},"end":{"line":526,"column":101}},"102":{"start":{"line":526,"column":116},"end":{"line":526,"column":null}},"103":{"start":{"line":527,"column":26},"end":{"line":527,"column":null}},"104":{"start":{"line":529,"column":8},"end":{"line":529,"column":null}},"105":{"start":{"line":531,"column":8},"end":{"line":542,"column":null}},"106":{"start":{"line":532,"column":10},"end":{"line":538,"column":null}},"107":{"start":{"line":533,"column":12},"end":{"line":533,"column":null}},"108":{"start":{"line":534,"column":12},"end":{"line":534,"column":null}},"109":{"start":{"line":536,"column":12},"end":{"line":536,"column":null}},"110":{"start":{"line":537,"column":12},"end":{"line":537,"column":null}},"111":{"start":{"line":540,"column":10},"end":{"line":540,"column":null}},"112":{"start":{"line":541,"column":10},"end":{"line":541,"column":null}},"113":{"start":{"line":546,"column":8},"end":{"line":551,"column":null}},"114":{"start":{"line":547,"column":10},"end":{"line":547,"column":null}},"115":{"start":{"line":549,"column":10},"end":{"line":549,"column":null}},"116":{"start":{"line":550,"column":10},"end":{"line":550,"column":null}},"117":{"start":{"line":553,"column":8},"end":{"line":559,"column":null}},"118":{"start":{"line":554,"column":10},"end":{"line":554,"column":null}},"119":{"start":{"line":555,"column":10},"end":{"line":555,"column":null}},"120":{"start":{"line":557,"column":10},"end":{"line":557,"column":null}},"121":{"start":{"line":558,"column":10},"end":{"line":558,"column":null}},"122":{"start":{"line":561,"column":8},"end":{"line":565,"column":null}},"123":{"start":{"line":562,"column":10},"end":{"line":562,"column":null}},"124":{"start":{"line":564,"column":10},"end":{"line":564,"column":null}},"125":{"start":{"line":567,"column":8},"end":{"line":571,"column":null}},"126":{"start":{"line":568,"column":10},"end":{"line":568,"column":null}},"127":{"start":{"line":570,"column":10},"end":{"line":570,"column":null}},"128":{"start":{"line":573,"column":33},"end":{"line":573,"column":null}},"129":{"start":{"line":574,"column":8},"end":{"line":578,"column":null}},"130":{"start":{"line":575,"column":10},"end":{"line":575,"column":null}},"131":{"start":{"line":577,"column":10},"end":{"line":577,"column":null}},"132":{"start":{"line":581,"column":8},"end":{"line":581,"column":null}},"133":{"start":{"line":583,"column":25},"end":{"line":583,"column":null}},"134":{"start":{"line":584,"column":22},"end":{"line":584,"column":null}},"135":{"start":{"line":585,"column":19},"end":{"line":585,"column":null}},"136":{"start":{"line":588,"column":8},"end":{"line":592,"column":null}},"137":{"start":{"line":589,"column":10},"end":{"line":589,"column":null}},"138":{"start":{"line":590,"column":15},"end":{"line":592,"column":null}},"139":{"start":{"line":591,"column":10},"end":{"line":591,"column":null}},"140":{"start":{"line":594,"column":8},"end":{"line":594,"column":null}},"141":{"start":{"line":596,"column":41},"end":{"line":635,"column":null}},"142":{"start":{"line":637,"column":8},"end":{"line":644,"column":null}},"143":{"start":{"line":646,"column":8},"end":{"line":646,"column":null}},"144":{"start":{"line":647,"column":8},"end":{"line":647,"column":null}},"145":{"start":{"line":649,"column":33},"end":{"line":655,"column":null}},"146":{"start":{"line":656,"column":8},"end":{"line":656,"column":null}},"147":{"start":{"line":660,"column":8},"end":{"line":660,"column":null}},"148":{"start":{"line":661,"column":8},"end":{"line":661,"column":null}},"149":{"start":{"line":664,"column":30},"end":{"line":664,"column":null}},"150":{"start":{"line":668,"column":8},"end":{"line":708,"column":null}},"151":{"start":{"line":669,"column":10},"end":{"line":707,"column":null}},"152":{"start":{"line":710,"column":8},"end":{"line":719,"column":null}},"153":{"start":{"line":721,"column":25},"end":{"line":721,"column":99}},"154":{"start":{"line":724,"column":8},"end":{"line":724,"column":null}},"155":{"start":{"line":725,"column":8},"end":{"line":725,"column":null}},"156":{"start":{"line":729,"column":4},"end":{"line":729,"column":null}},"157":{"start":{"line":730,"column":21},"end":{"line":730,"column":51}},"158":{"start":{"line":731,"column":4},"end":{"line":731,"column":null}},"159":{"start":{"line":731,"column":17},"end":{"line":731,"column":null}},"160":{"start":{"line":735,"column":2},"end":{"line":756,"column":null}},"161":{"start":{"line":766,"column":43},"end":{"line":766,"column":79}},"162":{"start":{"line":773,"column":18},"end":{"line":773,"column":45}},"163":{"start":{"line":778,"column":40},"end":{"line":778,"column":null}},"164":{"start":{"line":832,"column":52},"end":{"line":832,"column":null}}},"fnMap":{"0":{"name":"formatTfLabel","decl":{"start":{"line":45,"column":9},"end":{"line":45,"column":23}},"loc":{"start":{"line":45,"column":33},"end":{"line":55,"column":null}}},"1":{"name":"formatVolumeUSD","decl":{"start":{"line":112,"column":9},"end":{"line":112,"column":25}},"loc":{"start":{"line":112,"column":38},"end":{"line":118,"column":null}}},"2":{"name":"MetricCard","decl":{"start":{"line":121,"column":9},"end":{"line":121,"column":20}},"loc":{"start":{"line":137,"column":1},"end":{"line":182,"column":null}}},"3":{"name":"OIAnalysisCards","decl":{"start":{"line":185,"column":9},"end":{"line":185,"column":25}},"loc":{"start":{"line":185,"column":112},"end":{"line":239,"column":null}}},"4":{"name":"ChartLegend","decl":{"start":{"line":242,"column":9},"end":{"line":242,"column":21}},"loc":{"start":{"line":242,"column":78},"end":{"line":285,"column":null}}},"5":{"name":"(anonymous_7)","decl":{"start":{"line":247,"column":23},"end":{"line":247,"column":null}},"loc":{"start":{"line":248,"column":10},"end":{"line":248,"column":23}}},"6":{"name":"ChartSection","decl":{"start":{"line":288,"column":9},"end":{"line":288,"column":22}},"loc":{"start":{"line":288,"column":164},"end":{"line":314,"column":null}}},"7":{"name":"SecondaryIndicators","decl":{"start":{"line":318,"column":9},"end":{"line":318,"column":29}},"loc":{"start":{"line":318,"column":116},"end":{"line":411,"column":null}}},"8":{"name":"Dashboard","decl":{"start":{"line":417,"column":24},"end":{"line":417,"column":null}},"loc":{"start":{"line":417,"column":24},"end":{"line":836,"column":null}}},"9":{"name":"(anonymous_11)","decl":{"start":{"line":425,"column":12},"end":{"line":425,"column":null}},"loc":{"start":{"line":425,"column":12},"end":{"line":429,"column":5}}},"10":{"name":"(anonymous_12)","decl":{"start":{"line":426,"column":20},"end":{"line":426,"column":26}},"loc":{"start":{"line":426,"column":26},"end":{"line":426,"column":null}}},"11":{"name":"(anonymous_13)","decl":{"start":{"line":428,"column":11},"end":{"line":428,"column":17}},"loc":{"start":{"line":428,"column":17},"end":{"line":428,"column":null}}},"12":{"name":"(anonymous_14)","decl":{"start":{"line":479,"column":12},"end":{"line":479,"column":null}},"loc":{"start":{"line":479,"column":12},"end":{"line":481,"column":5}}},"13":{"name":"(anonymous_15)","decl":{"start":{"line":484,"column":26},"end":{"line":484,"column":27}},"loc":{"start":{"line":484,"column":27},"end":{"line":494,"column":null}}},"14":{"name":"(anonymous_16)","decl":{"start":{"line":496,"column":12},"end":{"line":496,"column":null}},"loc":{"start":{"line":496,"column":12},"end":{"line":732,"column":5}}},"15":{"name":"fetchData","decl":{"start":{"line":497,"column":19},"end":{"line":497,"column":null}},"loc":{"start":{"line":497,"column":19},"end":{"line":727,"column":null}}},"16":{"name":"(anonymous_18)","decl":{"start":{"line":731,"column":11},"end":{"line":731,"column":17}},"loc":{"start":{"line":731,"column":17},"end":{"line":731,"column":null}}},"17":{"name":"(anonymous_19)","decl":{"start":{"line":766,"column":34},"end":{"line":766,"column":35}},"loc":{"start":{"line":766,"column":43},"end":{"line":766,"column":79}}},"18":{"name":"(anonymous_20)","decl":{"start":{"line":772,"column":32},"end":{"line":772,"column":null}},"loc":{"start":{"line":773,"column":18},"end":{"line":773,"column":45}}},"19":{"name":"(anonymous_21)","decl":{"start":{"line":778,"column":34},"end":{"line":778,"column":40}},"loc":{"start":{"line":778,"column":40},"end":{"line":778,"column":null}}},"20":{"name":"(anonymous_22)","decl":{"start":{"line":832,"column":46},"end":{"line":832,"column":52}},"loc":{"start":{"line":832,"column":52},"end":{"line":832,"column":null}}}},"branchMap":{"0":{"loc":{"start":{"line":54,"column":9},"end":{"line":54,"column":null}},"type":"binary-expr","locations":[{"start":{"line":54,"column":9},"end":{"line":54,"column":20}},{"start":{"line":54,"column":24},"end":{"line":54,"column":null}}]},"1":{"loc":{"start":{"line":114,"column":2},"end":{"line":114,"column":null}},"type":"if","locations":[{"start":{"line":114,"column":2},"end":{"line":114,"column":null}},{"start":{},"end":{}}]},"2":{"loc":{"start":{"line":115,"column":2},"end":{"line":115,"column":null}},"type":"if","locations":[{"start":{"line":115,"column":2},"end":{"line":115,"column":null}},{"start":{},"end":{}}]},"3":{"loc":{"start":{"line":116,"column":2},"end":{"line":116,"column":null}},"type":"if","locations":[{"start":{"line":116,"column":2},"end":{"line":116,"column":null}},{"start":{},"end":{}}]},"4":{"loc":{"start":{"line":128,"column":2},"end":{"line":128,"column":17}},"type":"default-arg","locations":[{"start":{"line":128,"column":12},"end":{"line":128,"column":17}}]},"5":{"loc":{"start":{"line":147,"column":12},"end":{"line":151,"column":13}},"type":"cond-expr","locations":[{"start":{"line":147,"column":12},"end":{"line":151,"column":13}}]},"6":{"loc":{"start":{"line":152,"column":15},"end":{"line":152,"column":null}},"type":"binary-expr","locations":[{"start":{"line":152,"column":15},"end":{"line":152,"column":24}},{"start":{"line":152,"column":24},"end":{"line":152,"column":null}}]},"7":{"loc":{"start":{"line":155,"column":11},"end":{"line":155,"column":23}},"type":"binary-expr","locations":[{"start":{"line":155,"column":11},"end":{"line":155,"column":23}},{"start":{"line":155,"column":23},"end":{"line":155,"column":null}}]},"8":{"loc":{"start":{"line":163,"column":12},"end":{"line":167,"column":null}},"type":"cond-expr","locations":[{"start":{"line":164,"column":16},"end":{"line":164,"column":null}},{"start":{"line":165,"column":16},"end":{"line":167,"column":null}}]},"9":{"loc":{"start":{"line":163,"column":12},"end":{"line":163,"column":null}},"type":"binary-expr","locations":[{"start":{"line":163,"column":12},"end":{"line":163,"column":34}},{"start":{"line":163,"column":34},"end":{"line":163,"column":54}},{"start":{"line":163,"column":54},"end":{"line":163,"column":null}}]},"10":{"loc":{"start":{"line":165,"column":16},"end":{"line":167,"column":null}},"type":"cond-expr","locations":[{"start":{"line":166,"column":16},"end":{"line":166,"column":null}},{"start":{"line":167,"column":16},"end":{"line":167,"column":null}}]},"11":{"loc":{"start":{"line":165,"column":16},"end":{"line":165,"column":null}},"type":"binary-expr","locations":[{"start":{"line":165,"column":16},"end":{"line":165,"column":39}},{"start":{"line":165,"column":39},"end":{"line":165,"column":58}},{"start":{"line":165,"column":58},"end":{"line":165,"column":null}}]},"12":{"loc":{"start":{"line":171,"column":14},"end":{"line":172,"column":26}},"type":"cond-expr","locations":[{"start":{"line":171,"column":14},"end":{"line":172,"column":26}}]},"13":{"loc":{"start":{"line":170,"column":13},"end":{"line":170,"column":null}},"type":"binary-expr","locations":[{"start":{"line":170,"column":13},"end":{"line":170,"column":35}},{"start":{"line":170,"column":35},"end":{"line":170,"column":55}},{"start":{"line":170,"column":55},"end":{"line":170,"column":null}}]},"14":{"loc":{"start":{"line":173,"column":14},"end":{"line":175,"column":15}},"type":"cond-expr","locations":[{"start":{"line":173,"column":14},"end":{"line":175,"column":15}}]},"15":{"loc":{"start":{"line":172,"column":16},"end":{"line":172,"column":null}},"type":"binary-expr","locations":[{"start":{"line":172,"column":16},"end":{"line":172,"column":39}},{"start":{"line":172,"column":39},"end":{"line":172,"column":58}},{"start":{"line":172,"column":58},"end":{"line":172,"column":null}}]},"16":{"loc":{"start":{"line":187,"column":16},"end":{"line":187,"column":null}},"type":"binary-expr","locations":[{"start":{"line":187,"column":16},"end":{"line":187,"column":31}},{"start":{"line":187,"column":31},"end":{"line":187,"column":null}}]},"17":{"loc":{"start":{"line":188,"column":19},"end":{"line":188,"column":null}},"type":"cond-expr","locations":[{"start":{"line":188,"column":31},"end":{"line":188,"column":35}},{"start":{"line":188,"column":35},"end":{"line":188,"column":null}}]},"18":{"loc":{"start":{"line":188,"column":35},"end":{"line":188,"column":null}},"type":"cond-expr","locations":[{"start":{"line":188,"column":49},"end":{"line":188,"column":53}},{"start":{"line":188,"column":53},"end":{"line":188,"column":null}}]},"19":{"loc":{"start":{"line":194,"column":15},"end":{"line":194,"column":null}},"type":"cond-expr","locations":[{"start":{"line":194,"column":27},"end":{"line":194,"column":99}},{"start":{"line":194,"column":102},"end":{"line":194,"column":null}}]},"20":{"loc":{"start":{"line":195,"column":26},"end":{"line":195,"column":66}},"type":"cond-expr","locations":[{"start":{"line":195,"column":57},"end":{"line":195,"column":63}},{"start":{"line":195,"column":63},"end":{"line":195,"column":66}}]},"21":{"loc":{"start":{"line":195,"column":27},"end":{"line":195,"column":53}},"type":"binary-expr","locations":[{"start":{"line":195,"column":27},"end":{"line":195,"column":47}},{"start":{"line":195,"column":47},"end":{"line":195,"column":53}}]},"22":{"loc":{"start":{"line":195,"column":69},"end":{"line":195,"column":92}},"type":"binary-expr","locations":[{"start":{"line":195,"column":69},"end":{"line":195,"column":89}},{"start":{"line":195,"column":89},"end":{"line":195,"column":92}}]},"23":{"loc":{"start":{"line":196,"column":15},"end":{"line":196,"column":null}},"type":"cond-expr","locations":[{"start":{"line":196,"column":46},"end":{"line":196,"column":57}},{"start":{"line":196,"column":57},"end":{"line":196,"column":null}}]},"24":{"loc":{"start":{"line":196,"column":16},"end":{"line":196,"column":42}},"type":"binary-expr","locations":[{"start":{"line":196,"column":16},"end":{"line":196,"column":36}},{"start":{"line":196,"column":36},"end":{"line":196,"column":42}}]},"25":{"loc":{"start":{"line":197,"column":18},"end":{"line":197,"column":44}},"type":"binary-expr","locations":[{"start":{"line":197,"column":18},"end":{"line":197,"column":38}},{"start":{"line":197,"column":38},"end":{"line":197,"column":44}}]},"26":{"loc":{"start":{"line":203,"column":32},"end":{"line":203,"column":50}},"type":"binary-expr","locations":[{"start":{"line":203,"column":32},"end":{"line":203,"column":44}},{"start":{"line":203,"column":44},"end":{"line":203,"column":50}}]},"27":{"loc":{"start":{"line":203,"column":50},"end":{"line":203,"column":null}},"type":"binary-expr","locations":[{"start":{"line":203,"column":50},"end":{"line":203,"column":65}},{"start":{"line":203,"column":65},"end":{"line":203,"column":null}}]},"28":{"loc":{"start":{"line":204,"column":21},"end":{"line":204,"column":60}},"type":"binary-expr","locations":[{"start":{"line":204,"column":21},"end":{"line":204,"column":53}},{"start":{"line":204,"column":53},"end":{"line":204,"column":60}}]},"29":{"loc":{"start":{"line":205,"column":15},"end":{"line":205,"column":null}},"type":"cond-expr","locations":[{"start":{"line":205,"column":37},"end":{"line":205,"column":48}},{"start":{"line":205,"column":48},"end":{"line":205,"column":null}}]},"30":{"loc":{"start":{"line":205,"column":48},"end":{"line":205,"column":null}},"type":"cond-expr","locations":[{"start":{"line":205,"column":70},"end":{"line":205,"column":82}},{"start":{"line":205,"column":82},"end":{"line":205,"column":null}}]},"31":{"loc":{"start":{"line":212,"column":32},"end":{"line":212,"column":54}},"type":"binary-expr","locations":[{"start":{"line":212,"column":32},"end":{"line":212,"column":48}},{"start":{"line":212,"column":48},"end":{"line":212,"column":54}}]},"32":{"loc":{"start":{"line":212,"column":54},"end":{"line":212,"column":null}},"type":"binary-expr","locations":[{"start":{"line":212,"column":54},"end":{"line":212,"column":69}},{"start":{"line":212,"column":69},"end":{"line":212,"column":null}}]},"33":{"loc":{"start":{"line":213,"column":18},"end":{"line":213,"column":224}},"type":"cond-expr","locations":[{"start":{"line":213,"column":83},"end":{"line":213,"column":185}},{"start":{"line":213,"column":188},"end":{"line":213,"column":224}}]},"34":{"loc":{"start":{"line":213,"column":18},"end":{"line":213,"column":83}},"type":"binary-expr","locations":[{"start":{"line":213,"column":18},"end":{"line":213,"column":55}},{"start":{"line":213,"column":55},"end":{"line":213,"column":83}}]},"35":{"loc":{"start":{"line":213,"column":86},"end":{"line":213,"column":121}},"type":"cond-expr","locations":[{"start":{"line":213,"column":112},"end":{"line":213,"column":118}},{"start":{"line":213,"column":118},"end":{"line":213,"column":121}}]},"36":{"loc":{"start":{"line":214,"column":15},"end":{"line":214,"column":null}},"type":"cond-expr","locations":[{"start":{"line":214,"column":41},"end":{"line":214,"column":52}},{"start":{"line":214,"column":52},"end":{"line":214,"column":null}}]},"37":{"loc":{"start":{"line":214,"column":52},"end":{"line":214,"column":null}},"type":"cond-expr","locations":[{"start":{"line":214,"column":78},"end":{"line":214,"column":90}},{"start":{"line":214,"column":90},"end":{"line":214,"column":null}}]},"38":{"loc":{"start":{"line":221,"column":32},"end":{"line":221,"column":59}},"type":"binary-expr","locations":[{"start":{"line":221,"column":32},"end":{"line":221,"column":53}},{"start":{"line":221,"column":53},"end":{"line":221,"column":59}}]},"39":{"loc":{"start":{"line":221,"column":59},"end":{"line":221,"column":null}},"type":"binary-expr","locations":[{"start":{"line":221,"column":59},"end":{"line":221,"column":74}},{"start":{"line":221,"column":74},"end":{"line":221,"column":null}}]},"40":{"loc":{"start":{"line":222,"column":18},"end":{"line":222,"column":244}},"type":"cond-expr","locations":[{"start":{"line":222,"column":93},"end":{"line":222,"column":205}},{"start":{"line":222,"column":208},"end":{"line":222,"column":244}}]},"41":{"loc":{"start":{"line":222,"column":18},"end":{"line":222,"column":93}},"type":"binary-expr","locations":[{"start":{"line":222,"column":18},"end":{"line":222,"column":60}},{"start":{"line":222,"column":60},"end":{"line":222,"column":93}}]},"42":{"loc":{"start":{"line":222,"column":96},"end":{"line":222,"column":136}},"type":"cond-expr","locations":[{"start":{"line":222,"column":127},"end":{"line":222,"column":133}},{"start":{"line":222,"column":133},"end":{"line":222,"column":136}}]},"43":{"loc":{"start":{"line":223,"column":15},"end":{"line":223,"column":null}},"type":"cond-expr","locations":[{"start":{"line":223,"column":46},"end":{"line":223,"column":57}},{"start":{"line":223,"column":57},"end":{"line":223,"column":null}}]},"44":{"loc":{"start":{"line":223,"column":57},"end":{"line":223,"column":null}},"type":"cond-expr","locations":[{"start":{"line":223,"column":88},"end":{"line":223,"column":100}},{"start":{"line":223,"column":100},"end":{"line":223,"column":null}}]},"45":{"loc":{"start":{"line":230,"column":18},"end":{"line":230,"column":50}},"type":"cond-expr","locations":[{"start":{"line":230,"column":41},"end":{"line":230,"column":47}},{"start":{"line":230,"column":47},"end":{"line":230,"column":50}}]},"46":{"loc":{"start":{"line":230,"column":19},"end":{"line":230,"column":37}},"type":"binary-expr","locations":[{"start":{"line":230,"column":19},"end":{"line":230,"column":32}},{"start":{"line":230,"column":32},"end":{"line":230,"column":37}}]},"47":{"loc":{"start":{"line":230,"column":54},"end":{"line":230,"column":72}},"type":"binary-expr","locations":[{"start":{"line":230,"column":54},"end":{"line":230,"column":67}},{"start":{"line":230,"column":67},"end":{"line":230,"column":72}}]},"48":{"loc":{"start":{"line":231,"column":39},"end":{"line":231,"column":55}},"type":"binary-expr","locations":[{"start":{"line":231,"column":39},"end":{"line":231,"column":52}},{"start":{"line":231,"column":52},"end":{"line":231,"column":55}}]},"49":{"loc":{"start":{"line":231,"column":55},"end":{"line":231,"column":78}},"type":"binary-expr","locations":[{"start":{"line":231,"column":55},"end":{"line":231,"column":75}},{"start":{"line":231,"column":75},"end":{"line":231,"column":78}}]},"50":{"loc":{"start":{"line":232,"column":15},"end":{"line":232,"column":null}},"type":"cond-expr","locations":[{"start":{"line":232,"column":38},"end":{"line":232,"column":49}},{"start":{"line":232,"column":49},"end":{"line":232,"column":null}}]},"51":{"loc":{"start":{"line":232,"column":16},"end":{"line":232,"column":34}},"type":"binary-expr","locations":[{"start":{"line":232,"column":16},"end":{"line":232,"column":29}},{"start":{"line":232,"column":29},"end":{"line":232,"column":34}}]},"52":{"loc":{"start":{"line":232,"column":49},"end":{"line":232,"column":null}},"type":"cond-expr","locations":[{"start":{"line":232,"column":72},"end":{"line":232,"column":84}},{"start":{"line":232,"column":84},"end":{"line":232,"column":null}}]},"53":{"loc":{"start":{"line":232,"column":50},"end":{"line":232,"column":68}},"type":"binary-expr","locations":[{"start":{"line":232,"column":50},"end":{"line":232,"column":63}},{"start":{"line":232,"column":63},"end":{"line":232,"column":68}}]},"54":{"loc":{"start":{"line":233,"column":18},"end":{"line":233,"column":36}},"type":"binary-expr","locations":[{"start":{"line":233,"column":18},"end":{"line":233,"column":31}},{"start":{"line":233,"column":31},"end":{"line":233,"column":36}}]},"55":{"loc":{"start":{"line":244,"column":2},"end":{"line":254,"column":null}},"type":"if","locations":[{"start":{"line":244,"column":2},"end":{"line":254,"column":null}},{"start":{},"end":{}}]},"56":{"loc":{"start":{"line":256,"column":16},"end":{"line":256,"column":null}},"type":"binary-expr","locations":[{"start":{"line":256,"column":16},"end":{"line":256,"column":31}},{"start":{"line":256,"column":31},"end":{"line":256,"column":null}}]},"57":{"loc":{"start":{"line":257,"column":19},"end":{"line":257,"column":null}},"type":"cond-expr","locations":[{"start":{"line":257,"column":31},"end":{"line":257,"column":35}},{"start":{"line":257,"column":35},"end":{"line":257,"column":null}}]},"58":{"loc":{"start":{"line":257,"column":35},"end":{"line":257,"column":null}},"type":"cond-expr","locations":[{"start":{"line":257,"column":49},"end":{"line":257,"column":53}},{"start":{"line":257,"column":53},"end":{"line":257,"column":null}}]},"59":{"loc":{"start":{"line":258,"column":26},"end":{"line":258,"column":null}},"type":"cond-expr","locations":[{"start":{"line":258,"column":39},"end":{"line":258,"column":85}},{"start":{"line":258,"column":85},"end":{"line":258,"column":null}}]},"60":{"loc":{"start":{"line":258,"column":49},"end":{"line":258,"column":65}},"type":"binary-expr","locations":[{"start":{"line":258,"column":49},"end":{"line":258,"column":64}},{"start":{"line":258,"column":64},"end":{"line":258,"column":65}}]},"61":{"loc":{"start":{"line":259,"column":26},"end":{"line":259,"column":null}},"type":"cond-expr","locations":[{"start":{"line":259,"column":39},"end":{"line":259,"column":85}},{"start":{"line":259,"column":85},"end":{"line":259,"column":null}}]},"62":{"loc":{"start":{"line":259,"column":49},"end":{"line":259,"column":65}},"type":"binary-expr","locations":[{"start":{"line":259,"column":49},"end":{"line":259,"column":64}},{"start":{"line":259,"column":64},"end":{"line":259,"column":65}}]},"63":{"loc":{"start":{"line":265,"column":47},"end":{"line":265,"column":null}},"type":"cond-expr","locations":[{"start":{"line":265,"column":59},"end":{"line":265,"column":128}},{"start":{"line":265,"column":128},"end":{"line":265,"column":null}}]},"64":{"loc":{"start":{"line":269,"column":63},"end":{"line":269,"column":81}},"type":"binary-expr","locations":[{"start":{"line":269,"column":63},"end":{"line":269,"column":75}},{"start":{"line":269,"column":75},"end":{"line":269,"column":81}}]},"65":{"loc":{"start":{"line":269,"column":81},"end":{"line":269,"column":null}},"type":"binary-expr","locations":[{"start":{"line":269,"column":81},"end":{"line":269,"column":96}},{"start":{"line":269,"column":96},"end":{"line":269,"column":null}}]},"66":{"loc":{"start":{"line":273,"column":50},"end":{"line":273,"column":null}},"type":"cond-expr","locations":[{"start":{"line":273,"column":73},"end":{"line":273,"column":94}},{"start":{"line":273,"column":94},"end":{"line":273,"column":null}}]},"67":{"loc":{"start":{"line":274,"column":11},"end":{"line":274,"column":44}},"type":"cond-expr","locations":[{"start":{"line":274,"column":34},"end":{"line":274,"column":40}},{"start":{"line":274,"column":40},"end":{"line":274,"column":44}}]},"68":{"loc":{"start":{"line":279,"column":50},"end":{"line":279,"column":null}},"type":"cond-expr","locations":[{"start":{"line":279,"column":73},"end":{"line":279,"column":94}},{"start":{"line":279,"column":94},"end":{"line":279,"column":null}}]},"69":{"loc":{"start":{"line":280,"column":11},"end":{"line":280,"column":44}},"type":"cond-expr","locations":[{"start":{"line":280,"column":34},"end":{"line":280,"column":40}},{"start":{"line":280,"column":40},"end":{"line":280,"column":44}}]},"70":{"loc":{"start":{"line":290,"column":16},"end":{"line":290,"column":null}},"type":"binary-expr","locations":[{"start":{"line":290,"column":16},"end":{"line":290,"column":31}},{"start":{"line":290,"column":31},"end":{"line":290,"column":null}}]},"71":{"loc":{"start":{"line":291,"column":19},"end":{"line":291,"column":null}},"type":"cond-expr","locations":[{"start":{"line":291,"column":31},"end":{"line":291,"column":35}},{"start":{"line":291,"column":35},"end":{"line":291,"column":null}}]},"72":{"loc":{"start":{"line":291,"column":35},"end":{"line":291,"column":null}},"type":"cond-expr","locations":[{"start":{"line":291,"column":49},"end":{"line":291,"column":53}},{"start":{"line":291,"column":53},"end":{"line":291,"column":null}}]},"73":{"loc":{"start":{"line":307,"column":19},"end":{"line":307,"column":null}},"type":"cond-expr","locations":[{"start":{"line":307,"column":39},"end":{"line":307,"column":49}},{"start":{"line":307,"column":49},"end":{"line":307,"column":null}}]},"74":{"loc":{"start":{"line":320,"column":14},"end":{"line":320,"column":null}},"type":"binary-expr","locations":[{"start":{"line":320,"column":14},"end":{"line":320,"column":27}},{"start":{"line":320,"column":27},"end":{"line":320,"column":null}}]},"75":{"loc":{"start":{"line":321,"column":15},"end":{"line":321,"column":null}},"type":"binary-expr","locations":[{"start":{"line":321,"column":15},"end":{"line":321,"column":29}},{"start":{"line":321,"column":29},"end":{"line":321,"column":null}}]},"76":{"loc":{"start":{"line":322,"column":21},"end":{"line":322,"column":null}},"type":"binary-expr","locations":[{"start":{"line":322,"column":21},"end":{"line":322,"column":42}},{"start":{"line":322,"column":42},"end":{"line":322,"column":null}}]},"77":{"loc":{"start":{"line":323,"column":18},"end":{"line":323,"column":null}},"type":"binary-expr","locations":[{"start":{"line":323,"column":18},"end":{"line":323,"column":35}},{"start":{"line":323,"column":35},"end":{"line":323,"column":null}}]},"78":{"loc":{"start":{"line":324,"column":23},"end":{"line":324,"column":null}},"type":"binary-expr","locations":[{"start":{"line":324,"column":23},"end":{"line":324,"column":46}},{"start":{"line":324,"column":46},"end":{"line":324,"column":null}}]},"79":{"loc":{"start":{"line":339,"column":12},"end":{"line":343,"column":13}},"type":"cond-expr","locations":[{"start":{"line":339,"column":12},"end":{"line":343,"column":13}}]},"80":{"loc":{"start":{"line":357,"column":12},"end":{"line":361,"column":13}},"type":"cond-expr","locations":[{"start":{"line":357,"column":12},"end":{"line":361,"column":13}}]},"81":{"loc":{"start":{"line":375,"column":12},"end":{"line":379,"column":13}},"type":"cond-expr","locations":[{"start":{"line":375,"column":12},"end":{"line":379,"column":13}}]},"82":{"loc":{"start":{"line":379,"column":44},"end":{"line":379,"column":70}},"type":"cond-expr","locations":[{"start":{"line":379,"column":60},"end":{"line":379,"column":66}},{"start":{"line":379,"column":66},"end":{"line":379,"column":70}}]},"83":{"loc":{"start":{"line":393,"column":12},"end":{"line":397,"column":13}},"type":"cond-expr","locations":[{"start":{"line":393,"column":12},"end":{"line":397,"column":13}}]},"84":{"loc":{"start":{"line":398,"column":15},"end":{"line":398,"column":50}},"type":"cond-expr","locations":[{"start":{"line":398,"column":40},"end":{"line":398,"column":46}},{"start":{"line":398,"column":46},"end":{"line":398,"column":50}}]},"85":{"loc":{"start":{"line":403,"column":38},"end":{"line":403,"column":null}},"type":"cond-expr","locations":[{"start":{"line":403,"column":66},"end":{"line":403,"column":87}},{"start":{"line":403,"column":87},"end":{"line":403,"column":null}}]},"86":{"loc":{"start":{"line":493,"column":11},"end":{"line":493,"column":null}},"type":"binary-expr","locations":[{"start":{"line":493,"column":11},"end":{"line":493,"column":22}},{"start":{"line":493,"column":26},"end":{"line":493,"column":null}}]},"87":{"loc":{"start":{"line":499,"column":6},"end":{"line":501,"column":null}},"type":"if","locations":[{"start":{"line":499,"column":6},"end":{"line":501,"column":null}},{"start":{},"end":{}}]},"88":{"loc":{"start":{"line":518,"column":22},"end":{"line":518,"column":null}},"type":"cond-expr","locations":[{"start":{"line":518,"column":58},"end":{"line":518,"column":74}},{"start":{"line":518,"column":77},"end":{"line":518,"column":null}}]},"89":{"loc":{"start":{"line":519,"column":26},"end":{"line":519,"column":null}},"type":"cond-expr","locations":[{"start":{"line":519,"column":62},"end":{"line":519,"column":78}},{"start":{"line":519,"column":81},"end":{"line":519,"column":null}}]},"90":{"loc":{"start":{"line":520,"column":27},"end":{"line":520,"column":null}},"type":"cond-expr","locations":[{"start":{"line":520,"column":63},"end":{"line":520,"column":79}},{"start":{"line":520,"column":82},"end":{"line":520,"column":null}}]},"91":{"loc":{"start":{"line":521,"column":30},"end":{"line":521,"column":null}},"type":"cond-expr","locations":[{"start":{"line":521,"column":66},"end":{"line":521,"column":82}},{"start":{"line":521,"column":85},"end":{"line":521,"column":null}}]},"92":{"loc":{"start":{"line":522,"column":23},"end":{"line":522,"column":null}},"type":"cond-expr","locations":[{"start":{"line":522,"column":59},"end":{"line":522,"column":75}},{"start":{"line":522,"column":78},"end":{"line":522,"column":null}}]},"93":{"loc":{"start":{"line":523,"column":29},"end":{"line":523,"column":null}},"type":"cond-expr","locations":[{"start":{"line":523,"column":65},"end":{"line":523,"column":81}},{"start":{"line":523,"column":84},"end":{"line":523,"column":null}}]},"94":{"loc":{"start":{"line":531,"column":8},"end":{"line":542,"column":null}},"type":"if","locations":[{"start":{"line":531,"column":8},"end":{"line":542,"column":null}},{"start":{"line":539,"column":15},"end":{"line":542,"column":null}}]},"95":{"loc":{"start":{"line":546,"column":8},"end":{"line":551,"column":null}},"type":"if","locations":[{"start":{"line":546,"column":8},"end":{"line":551,"column":null}},{"start":{"line":548,"column":15},"end":{"line":551,"column":null}}]},"96":{"loc":{"start":{"line":553,"column":8},"end":{"line":559,"column":null}},"type":"if","locations":[{"start":{"line":553,"column":8},"end":{"line":559,"column":null}},{"start":{"line":556,"column":15},"end":{"line":559,"column":null}}]},"97":{"loc":{"start":{"line":561,"column":8},"end":{"line":565,"column":null}},"type":"if","locations":[{"start":{"line":561,"column":8},"end":{"line":565,"column":null}},{"start":{"line":563,"column":15},"end":{"line":565,"column":null}}]},"98":{"loc":{"start":{"line":567,"column":8},"end":{"line":571,"column":null}},"type":"if","locations":[{"start":{"line":567,"column":8},"end":{"line":571,"column":null}},{"start":{"line":569,"column":15},"end":{"line":571,"column":null}}]},"99":{"loc":{"start":{"line":574,"column":8},"end":{"line":578,"column":null}},"type":"if","locations":[{"start":{"line":574,"column":8},"end":{"line":578,"column":null}},{"start":{"line":576,"column":15},"end":{"line":578,"column":null}}]},"100":{"loc":{"start":{"line":584,"column":22},"end":{"line":584,"column":null}},"type":"cond-expr","locations":[{"start":{"line":584,"column":57},"end":{"line":584,"column":68}},{"start":{"line":584,"column":68},"end":{"line":584,"column":null}}]},"101":{"loc":{"start":{"line":584,"column":22},"end":{"line":584,"column":57}},"type":"binary-expr","locations":[{"start":{"line":584,"column":22},"end":{"line":584,"column":42}},{"start":{"line":584,"column":42},"end":{"line":584,"column":57}}]},"102":{"loc":{"start":{"line":585,"column":19},"end":{"line":585,"column":null}},"type":"binary-expr","locations":[{"start":{"line":585,"column":19},"end":{"line":585,"column":51}},{"start":{"line":585,"column":51},"end":{"line":585,"column":null}}]},"103":{"loc":{"start":{"line":588,"column":8},"end":{"line":592,"column":null}},"type":"if","locations":[{"start":{"line":588,"column":8},"end":{"line":592,"column":null}},{"start":{"line":590,"column":15},"end":{"line":592,"column":null}}]},"104":{"loc":{"start":{"line":590,"column":15},"end":{"line":592,"column":null}},"type":"if","locations":[{"start":{"line":590,"column":15},"end":{"line":592,"column":null}},{"start":{},"end":{}}]},"105":{"loc":{"start":{"line":599,"column":22},"end":{"line":599,"column":null}},"type":"binary-expr","locations":[{"start":{"line":599,"column":22},"end":{"line":599,"column":51}},{"start":{"line":599,"column":51},"end":{"line":599,"column":86}},{"start":{"line":599,"column":86},"end":{"line":599,"column":null}}]},"106":{"loc":{"start":{"line":601,"column":21},"end":{"line":601,"column":null}},"type":"binary-expr","locations":[{"start":{"line":601,"column":21},"end":{"line":601,"column":53}},{"start":{"line":601,"column":53},"end":{"line":601,"column":81}},{"start":{"line":601,"column":81},"end":{"line":601,"column":null}}]},"107":{"loc":{"start":{"line":602,"column":18},"end":{"line":602,"column":null}},"type":"binary-expr","locations":[{"start":{"line":602,"column":18},"end":{"line":602,"column":43}},{"start":{"line":602,"column":43},"end":{"line":602,"column":72}},{"start":{"line":602,"column":72},"end":{"line":602,"column":null}}]},"108":{"loc":{"start":{"line":603,"column":25},"end":{"line":603,"column":null}},"type":"binary-expr","locations":[{"start":{"line":603,"column":25},"end":{"line":603,"column":57}},{"start":{"line":603,"column":57},"end":{"line":603,"column":null}}]},"109":{"loc":{"start":{"line":604,"column":23},"end":{"line":604,"column":null}},"type":"binary-expr","locations":[{"start":{"line":604,"column":23},"end":{"line":604,"column":61}},{"start":{"line":604,"column":61},"end":{"line":604,"column":null}}]},"110":{"loc":{"start":{"line":605,"column":30},"end":{"line":605,"column":null}},"type":"binary-expr","locations":[{"start":{"line":605,"column":30},"end":{"line":605,"column":75}},{"start":{"line":605,"column":75},"end":{"line":605,"column":null}}]},"111":{"loc":{"start":{"line":606,"column":15},"end":{"line":606,"column":null}},"type":"binary-expr","locations":[{"start":{"line":606,"column":15},"end":{"line":606,"column":44}},{"start":{"line":606,"column":44},"end":{"line":606,"column":67}},{"start":{"line":606,"column":67},"end":{"line":606,"column":null}}]},"112":{"loc":{"start":{"line":608,"column":18},"end":{"line":609,"column":null}},"type":"cond-expr","locations":[{"start":{"line":608,"column":66},"end":{"line":608,"column":null}},{"start":{"line":609,"column":18},"end":{"line":609,"column":null}}]},"113":{"loc":{"start":{"line":609,"column":18},"end":{"line":609,"column":null}},"type":"cond-expr","locations":[{"start":{"line":609,"column":66},"end":{"line":609,"column":76}},{"start":{"line":609,"column":76},"end":{"line":609,"column":null}}]},"114":{"loc":{"start":{"line":610,"column":17},"end":{"line":610,"column":null}},"type":"binary-expr","locations":[{"start":{"line":610,"column":17},"end":{"line":610,"column":47}},{"start":{"line":610,"column":47},"end":{"line":610,"column":null}}]},"115":{"loc":{"start":{"line":611,"column":17},"end":{"line":611,"column":null}},"type":"binary-expr","locations":[{"start":{"line":611,"column":17},"end":{"line":611,"column":58}},{"start":{"line":611,"column":58},"end":{"line":611,"column":88}},{"start":{"line":611,"column":88},"end":{"line":611,"column":null}}]},"116":{"loc":{"start":{"line":612,"column":17},"end":{"line":612,"column":null}},"type":"binary-expr","locations":[{"start":{"line":612,"column":17},"end":{"line":612,"column":58}},{"start":{"line":612,"column":58},"end":{"line":612,"column":88}},{"start":{"line":612,"column":88},"end":{"line":612,"column":null}}]},"117":{"loc":{"start":{"line":613,"column":18},"end":{"line":613,"column":null}},"type":"binary-expr","locations":[{"start":{"line":613,"column":18},"end":{"line":613,"column":60}},{"start":{"line":613,"column":60},"end":{"line":613,"column":null}}]},"118":{"loc":{"start":{"line":614,"column":15},"end":{"line":614,"column":null}},"type":"binary-expr","locations":[{"start":{"line":614,"column":15},"end":{"line":614,"column":43}},{"start":{"line":614,"column":43},"end":{"line":614,"column":70}},{"start":{"line":614,"column":70},"end":{"line":614,"column":null}}]},"119":{"loc":{"start":{"line":615,"column":15},"end":{"line":615,"column":null}},"type":"binary-expr","locations":[{"start":{"line":615,"column":15},"end":{"line":615,"column":43}},{"start":{"line":615,"column":43},"end":{"line":615,"column":null}}]},"120":{"loc":{"start":{"line":616,"column":15},"end":{"line":616,"column":null}},"type":"binary-expr","locations":[{"start":{"line":616,"column":15},"end":{"line":616,"column":43}},{"start":{"line":616,"column":43},"end":{"line":616,"column":null}}]},"121":{"loc":{"start":{"line":617,"column":15},"end":{"line":617,"column":null}},"type":"binary-expr","locations":[{"start":{"line":617,
[...]
ations":[{"start":{"line":145,"column":6},"end":{"line":145,"column":null}},{"start":{},"end":{}}]},"2":{"loc":{"start":{"line":161,"column":4},"end":{"line":167,"column":null}},"type":"switch","locations":[{"start":{"line":162,"column":6},"end":{"line":162,"column":null}},{"start":{"line":163,"column":6},"end":{"line":163,"column":null}},{"start":{"line":164,"column":6},"end":{"line":164,"column":null}},{"start":{"line":165,"column":6},"end":{"line":165,"column":null}},{"start":{"line":166,"column":6},"end":{"line":166,"column":null}}]},"3":{"loc":{"start":{"line":171,"column":4},"end":{"line":178,"column":null}},"type":"switch","locations":[{"start":{"line":172,"column":6},"end":{"line":172,"column":null}},{"start":{"line":173,"column":6},"end":{"line":173,"column":null}},{"start":{"line":174,"column":6},"end":{"line":174,"column":null}},{"start":{"line":175,"column":6},"end":{"line":175,"column":null}},{"start":{"line":176,"column":6},"end":{"line":176,"column":null}},{"start":{"line":177,"column":6},"end":{"line":177,"column":null}}]},"4":{"loc":{"start":{"line":182,"column":4},"end":{"line":187,"column":null}},"type":"switch","locations":[{"start":{"line":183,"column":6},"end":{"line":183,"column":null}},{"start":{"line":184,"column":6},"end":{"line":184,"column":null}},{"start":{"line":185,"column":6},"end":{"line":185,"column":null}},{"start":{"line":186,"column":6},"end":{"line":186,"column":null}}]},"5":{"loc":{"start":{"line":191,"column":4},"end":{"line":197,"column":null}},"type":"switch","locations":[{"start":{"line":192,"column":6},"end":{"line":192,"column":null}},{"start":{"line":193,"column":6},"end":{"line":193,"column":null}},{"start":{"line":194,"column":6},"end":{"line":194,"column":null}},{"start":{"line":195,"column":6},"end":{"line":195,"column":null}},{"start":{"line":196,"column":6},"end":{"line":196,"column":null}}]},"6":{"loc":{"start":{"line":201,"column":4},"end":{"line":201,"column":null}},"type":"if","locations":[{"start":{"line":201,"column":4},"end":{"line":201,"column":null}},{"start":{},"end":{}}]},"7":{"loc":{"start":{"line":202,"column":4},"end":{"line":202,"column":null}},"type":"if","locations":[{"start":{"line":202,"column":4},"end":{"line":202,"column":null}},{"start":{},"end":{}}]},"8":{"loc":{"start":{"line":203,"column":4},"end":{"line":203,"column":null}},"type":"if","locations":[{"start":{"line":203,"column":4},"end":{"line":203,"column":null}},{"start":{},"end":{}}]},"9":{"loc":{"start":{"line":207,"column":25},"end":{"line":216,"column":8}},"type":"cond-expr","locations":[{"start":{"line":208,"column":6},"end":{"line":215,"column":null}},{"start":{"line":216,"column":6},"end":{"line":216,"column":8}}]},"10":{"loc":{"start":{"line":228,"column":28},"end":{"line":247,"column":10}},"type":"binary-expr","locations":[{"start":{"line":228,"column":28},"end":{"line":247,"column":8}},{"start":{"line":247,"column":8},"end":{"line":247,"column":10}}]},"11":{"loc":{"start":{"line":229,"column":21},"end":{"line":229,"column":null}},"type":"binary-expr","locations":[{"start":{"line":229,"column":21},"end":{"line":229,"column":41}},{"start":{"line":229,"column":45},"end":{"line":229,"column":null}}]},"12":{"loc":{"start":{"line":230,"column":21},"end":{"line":230,"column":null}},"type":"binary-expr","locations":[{"start":{"line":230,"column":21},"end":{"line":230,"column":41}},{"start":{"line":230,"column":45},"end":{"line":230,"column":null}}]},"13":{"loc":{"start":{"line":234,"column":4},"end":{"line":237,"column":null}},"type":"if","locations":[{"start":{"line":234,"column":4},"end":{"line":237,"column":null}},{"start":{"line":235,"column":9},"end":{"line":237,"column":null}}]},"14":{"loc":{"start":{"line":235,"column":9},"end":{"line":237,"column":null}},"type":"if","locations":[{"start":{"line":235,"column":9},"end":{"line":237,"column":null}},{"start":{"line":236,"column":9},"end":{"line":237,"column":null}}]},"15":{"loc":{"start":{"line":236,"column":9},"end":{"line":237,"column":null}},"type":"if","locations":[{"start":{"line":236,"column":9},"end":{"line":237,"column":null}},{"start":{"line":237,"column":9},"end":{"line":237,"column":null}}]},"16":{"loc":{"start":{"line":240,"column":12},"end":{"line":240,"column":54}},"type":"binary-expr","locations":[{"start":{"line":240,"column":12},"end":{"line":240,"column":38}},{"start":{"line":240,"column":42},"end":{"line":240,"column":54}}]},"17":{"loc":{"start":{"line":252,"column":57},"end":{"line":252,"column":null}},"type":"cond-expr","locations":[{"start":{"line":252,"column":76},"end":{"line":252,"column":89}},{"start":{"line":252,"column":89},"end":{"line":252,"column":null}}]},"18":{"loc":{"start":{"line":264,"column":11},"end":{"line":640,"column":null}},"type":"cond-expr","locations":[{"start":{"line":265,"column":12},"end":{"line":269,"column":null}},{"start":{"line":269,"column":14},"end":{"line":640,"column":null}}]},"19":{"loc":{"start":{"line":269,"column":14},"end":{"line":640,"column":null}},"type":"cond-expr","locations":[{"start":{"line":270,"column":12},"end":{"line":273,"column":null}},{"start":{"line":273,"column":14},"end":{"line":640,"column":null}}]},"20":{"loc":{"start":{"line":273,"column":14},"end":{"line":640,"column":null}},"type":"cond-expr","locations":[{"start":{"line":274,"column":12},"end":{"line":640,"column":null}},{"start":{"line":640,"column":14},"end":{"line":640,"column":null}}]},"21":{"loc":{"start":{"line":285,"column":21},"end":{"line":285,"column":54}},"type":"binary-expr","locations":[{"start":{"line":285,"column":21},"end":{"line":285,"column":54}}]},"22":{"loc":{"start":{"line":298,"column":59},"end":{"line":298,"column":null}},"type":"cond-expr","locations":[{"start":{"line":298,"column":100},"end":{"line":298,"column":117}},{"start":{"line":298,"column":117},"end":{"line":298,"column":null}}]},"23":{"loc":{"start":{"line":299,"column":23},"end":{"line":299,"column":77}},"type":"binary-expr","locations":[{"start":{"line":299,"column":23},"end":{"line":299,"column":73}},{"start":{"line":299,"column":73},"end":{"line":299,"column":77}}]},"24":{"loc":{"start":{"line":309,"column":59},"end":{"line":309,"column":null}},"type":"cond-expr","locations":[{"start":{"line":309,"column":100},"end":{"line":309,"column":117}},{"start":{"line":309,"column":117},"end":{"line":309,"column":null}}]},"25":{"loc":{"start":{"line":310,"column":23},"end":{"line":310,"column":77}},"type":"binary-expr","locations":[{"start":{"line":310,"column":23},"end":{"line":310,"column":73}},{"start":{"line":310,"column":73},"end":{"line":310,"column":77}}]},"26":{"loc":{"start":{"line":321,"column":23},"end":{"line":321,"column":73}},"type":"binary-expr","locations":[{"start":{"line":321,"column":23},"end":{"line":321,"column":69}},{"start":{"line":321,"column":69},"end":{"line":321,"column":73}}]},"27":{"loc":{"start":{"line":329,"column":15},"end":{"line":329,"column":34}},"type":"binary-expr","locations":[{"start":{"line":329,"column":15},"end":{"line":329,"column":34}}]},"28":{"loc":{"start":{"line":333,"column":20},"end":{"line":333,"column":null}},"type":"binary-expr","locations":[{"start":{"line":333,"column":20},"end":{"line":333,"column":67}},{"start":{"line":333,"column":67},"end":{"line":333,"column":null}}]},"29":{"loc":{"start":{"line":334,"column":20},"end":{"line":334,"column":null}},"type":"binary-expr","locations":[{"start":{"line":334,"column":20},"end":{"line":334,"column":70}},{"start":{"line":334,"column":70},"end":{"line":334,"column":null}}]},"30":{"loc":{"start":{"line":335,"column":20},"end":{"line":335,"column":null}},"type":"binary-expr","locations":[{"start":{"line":335,"column":20},"end":{"line":335,"column":69}},{"start":{"line":335,"column":69},"end":{"line":335,"column":null}}]},"31":{"loc":{"start":{"line":336,"column":20},"end":{"line":336,"column":null}},"type":"binary-expr","locations":[{"start":{"line":336,"column":20},"end":{"line":336,"column":68}},{"start":{"line":336,"column":68},"end":{"line":336,"column":null}}]},"32":{"loc":{"start":{"line":337,"column":20},"end":{"line":337,"column":null}},"type":"binary-expr","locations":[{"start":{"line":337,"column":20},"end":{"line":337,"column":68}},{"start":{"line":337,"column":68},"end":{"line":337,"column":null}}]},"33":{"loc":{"start":{"line":343,"column":26},"end":{"line":343,"column":null}},"type":"binary-expr","locations":[{"start":{"line":343,"column":26},"end":{"line":343,"column":73}},{"start":{"line":343,"column":73},"end":{"line":343,"column":null}}]},"34":{"loc":{"start":{"line":344,"column":26},"end":{"line":344,"column":null}},"type":"binary-expr","locations":[{"start":{"line":344,"column":26},"end":{"line":344,"column":76}},{"start":{"line":344,"column":76},"end":{"line":344,"column":null}}]},"35":{"loc":{"start":{"line":345,"column":26},"end":{"line":345,"column":null}},"type":"binary-expr","locations":[{"start":{"line":345,"column":26},"end":{"line":345,"column":75}},{"start":{"line":345,"column":75},"end":{"line":345,"column":null}}]},"36":{"loc":{"start":{"line":346,"column":26},"end":{"line":346,"column":null}},"type":"binary-expr","locations":[{"start":{"line":346,"column":26},"end":{"line":346,"column":74}},{"start":{"line":346,"column":74},"end":{"line":346,"column":null}}]},"37":{"loc":{"start":{"line":347,"column":26},"end":{"line":347,"column":null}},"type":"binary-expr","locations":[{"start":{"line":347,"column":26},"end":{"line":347,"column":74}},{"start":{"line":347,"column":74},"end":{"line":347,"column":null}}]},"38":{"loc":{"start":{"line":354,"column":30},"end":{"line":354,"column":null}},"type":"binary-expr","locations":[{"start":{"line":354,"column":30},"end":{"line":354,"column":77}},{"start":{"line":354,"column":77},"end":{"line":354,"column":null}}]},"39":{"loc":{"start":{"line":355,"column":30},"end":{"line":355,"column":null}},"type":"binary-expr","locations":[{"start":{"line":355,"column":30},"end":{"line":355,"column":80}},{"start":{"line":355,"column":80},"end":{"line":355,"column":null}}]},"40":{"loc":{"start":{"line":356,"column":30},"end":{"line":356,"column":null}},"type":"binary-expr","locations":[{"start":{"line":356,"column":30},"end":{"line":356,"column":79}},{"start":{"line":356,"column":79},"end":{"line":356,"column":null}}]},"41":{"loc":{"start":{"line":357,"column":30},"end":{"line":357,"column":null}},"type":"binary-expr","locations":[{"start":{"line":357,"column":30},"end":{"line":357,"column":78}},{"start":{"line":357,"column":78},"end":{"line":357,"column":null}}]},"42":{"loc":{"start":{"line":369,"column":19},"end":{"line":369,"column":53}},"type":"binary-expr","locations":[{"start":{"line":369,"column":19},"end":{"line":369,"column":53}}]},"43":{"loc":{"start":{"line":390,"column":28},"end":{"line":392,"column":null}},"type":"cond-expr","locations":[{"start":{"line":391,"column":32},"end":{"line":391,"column":null}},{"start":{"line":392,"column":32},"end":{"line":392,"column":null}}]},"44":{"loc":{"start":{"line":397,"column":28},"end":{"line":397,"column":null}},"type":"binary-expr","locations":[{"start":{"line":397,"column":28},"end":{"line":397,"column":56}},{"start":{"line":397,"column":56},"end":{"line":397,"column":null}}]},"45":{"loc":{"start":{"line":398,"column":28},"end":{"line":398,"column":null}},"type":"binary-expr","locations":[{"start":{"line":398,"column":28},"end":{"line":398,"column":54}},{"start":{"line":398,"column":54},"end":{"line":398,"column":null}}]},"46":{"loc":{"start":{"line":399,"column":28},"end":{"line":399,"column":null}},"type":"binary-expr","locations":[{"start":{"line":399,"column":28},"end":{"line":399,"column":57}},{"start":{"line":399,"column":57},"end":{"line":399,"column":null}}]},"47":{"loc":{"start":{"line":400,"column":28},"end":{"line":400,"column":null}},"type":"binary-expr","locations":[{"start":{"line":400,"column":28},"end":{"line":400,"column":57}},{"start":{"line":400,"column":57},"end":{"line":400,"column":null}}]},"48":{"loc":{"start":{"line":401,"column":28},"end":{"line":401,"column":null}},"type":"binary-expr","locations":[{"start":{"line":401,"column":28},"end":{"line":401,"column":55}},{"start":{"line":401,"column":55},"end":{"line":401,"column":null}}]},"49":{"loc":{"start":{"line":402,"column":28},"end":{"line":402,"column":null}},"type":"binary-expr","locations":[{"start":{"line":402,"column":28},"end":{"line":402,"column":55}},{"start":{"line":402,"column":55},"end":{"line":402,"column":null}}]},"50":{"loc":{"start":{"line":413,"column":24},"end":{"line":413,"column":null}},"type":"if","locations":[{"start":{"line":413,"column":24},"end":{"line":413,"column":null}},{"start":{},"end":{}}]},"51":{"loc":{"start":{"line":434,"column":28},"end":{"line":434,"column":null}},"type":"binary-expr","locations":[{"start":{"line":434,"column":28},"end":{"line":434,"column":54}},{"start":{"line":434,"column":54},"end":{"line":434,"column":null}}]},"52":{"loc":{"start":{"line":435,"column":28},"end":{"line":435,"column":null}},"type":"binary-expr","locations":[{"start":{"line":435,"column":28},"end":{"line":435,"column":57}},{"start":{"line":435,"column":57},"end":{"line":435,"column":null}}]},"53":{"loc":{"start":{"line":436,"column":28},"end":{"line":436,"column":null}},"type":"binary-expr","locations":[{"start":{"line":436,"column":28},"end":{"line":436,"column":57}},{"start":{"line":436,"column":57},"end":{"line":436,"column":null}}]},"54":{"loc":{"start":{"line":437,"column":28},"end":{"line":437,"column":null}},"type":"binary-expr","locations":[{"start":{"line":437,"column":28},"end":{"line":437,"column":56}},{"start":{"line":437,"column":56},"end":{"line":437,"column":null}}]},"55":{"loc":{"start":{"line":438,"column":28},"end":{"line":438,"column":null}},"type":"binary-expr","locations":[{"start":{"line":438,"column":28},"end":{"line":438,"column":55}},{"start":{"line":438,"column":55},"end":{"line":438,"column":null}}]},"56":{"loc":{"start":{"line":439,"column":28},"end":{"line":439,"column":null}},"type":"binary-expr","locations":[{"start":{"line":439,"column":28},"end":{"line":439,"column":55}},{"start":{"line":439,"column":55},"end":{"line":439,"column":null}}]},"57":{"loc":{"start":{"line":445,"column":34},"end":{"line":445,"column":null}},"type":"binary-expr","locations":[{"start":{"line":445,"column":34},"end":{"line":445,"column":62}},{"start":{"line":445,"column":62},"end":{"line":445,"column":null}}]},"58":{"loc":{"start":{"line":446,"column":34},"end":{"line":446,"column":null}},"type":"binary-expr","locations":[{"start":{"line":446,"column":34},"end":{"line":446,"column":60}},{"start":{"line":446,"column":60},"end":{"line":446,"column":null}}]},"59":{"loc":{"start":{"line":447,"column":34},"end":{"line":447,"column":null}},"type":"binary-expr","locations":[{"start":{"line":447,"column":34},"end":{"line":447,"column":63}},{"start":{"line":447,"column":63},"end":{"line":447,"column":null}}]},"60":{"loc":{"start":{"line":448,"column":34},"end":{"line":448,"column":null}},"type":"binary-expr","locations":[{"start":{"line":448,"column":34},"end":{"line":448,"column":63}},{"start":{"line":448,"column":63},"end":{"line":448,"column":null}}]},"61":{"loc":{"start":{"line":449,"column":34},"end":{"line":449,"column":null}},"type":"binary-expr","locations":[{"start":{"line":449,"column":34},"end":{"line":449,"column":61}},{"start":{"line":449,"column":61},"end":{"line":449,"column":null}}]},"62":{"loc":{"start":{"line":450,"column":34},"end":{"line":450,"column":null}},"type":"binary-expr","locations":[{"start":{"line":450,"column":34},"end":{"line":450,"column":61}},{"start":{"line":450,"column":61},"end":{"line":450,"column":null}}]},"63":{"loc":{"start":{"line":452,"column":35},"end":{"line":452,"column":61}},"type":"binary-expr","locations":[{"start":{"line":452,"column":35},"end":{"line":452,"column":61}}]},"64":{"loc":{"start":{"line":477,"column":20},"end":{"line":495,"column":21}},"type":"cond-expr","locations":[{"start":{"line":477,"column":20},"end":{"line":495,"column":21}}]},"65":{"loc":{"start":{"line":501,"column":15},"end":{"line":501,"column":null}},"type":"binary-expr","locations":[{"start":{"line":501,"column":15},"end":{"line":501,"column":null}}]},"66":{"loc":{"start":{"line":505,"column":72},"end":{"line":505,"column":null}},"type":"binary-expr","locations":[{"start":{"line":505,"column":72},"end":{"line":505,"column":121}},{"start":{"line":505,"column":121},"end":{"line":505,"column":null}}]},"67":{"loc":{"start":{"line":556,"column":22},"end":{"line":569,"column":23}},"type":"cond-expr","locations":[{"start":{"line":556,"column":22},"end":{"line":569,"column":23}}]},"68":{"loc":{"start":{"line":562,"column":25},"end":{"line":562,"column":71}},"type":"binary-expr","locations":[{"start":{"line":562,"column":25},"end":{"line":562,"column":71}}]},"69":{"loc":{"start":{"line":576,"column":15},"end":{"line":576,"column":null}},"type":"binary-expr","locations":[{"start":{"line":576,"column":15},"end":{"line":576,"column":null}}]},"70":{"loc":{"start":{"line":590,"column":26},"end":{"line":592,"column":null}},"type":"cond-expr","locations":[{"start":{"line":591,"column":30},"end":{"line":591,"column":null}},{"start":{"line":592,"column":30},"end":{"line":592,"column":null}}]},"71":{"loc":{"start":{"line":618,"column":30},"end":{"line":622,"column":31}},"type":"cond-expr","locations":[{"start":{"line":618,"column":30},"end":{"line":622,"column":31}}]},"72":{"loc":{"start":{"line":628,"column":27},"end":{"line":628,"column":49}},"type":"binary-expr","locations":[{"start":{"line":628,"column":27},"end":{"line":628,"column":49}}]}},"s":{"0":0,"1":0,"2":0,"3":0,"4":0,"5":0,"6":0,"7":0,"8":0,"9":0,"10":0,"11":0,"12":0,"13":0,"14":0,"15":0,"16":0,"17":0,"18":0,"19":0,"20":0,"21":0,"22":0,"23":0,"24":0,"25":0,"26":0,"27":0,"28":0,"29":0,"30":0,"31":0,"32":0,"33":0,"34":0,"35":0,"36":0,"37":0,"38":0,"39":0,"40":0,"41":0,"42":0,"43":0,"44":0,"45":0,"46":0,"47":0,"48":0,"49":0,"50":0,"51":0,"52":0,"53":0,"54":0,"55":0,"56":0,"57":0,"58":0,"59":0,"60":0,"61":0,"62":0,"63":0,"64":0,"65":0,"66":0,"67":0,"68":0,"69":0,"70":0,"71":0,"72":0,"73":0,"74":0,"75":0,"76":0,"77":0,"78":0,"79":0,"80":0,"81":0,"82":0,"83":0,"84":0,"85":0,"86":0,"87":0,"88":0,"89":0,"90":0,"91":0,"92":0,"93":0,"94":0,"95":0,"96":0,"97":0,"98":0,"99":0,"100":0,"101":0,"102":0,"103":0,"104":0},"f":{"0":0,"1":0,"2":0,"3":0,"4":0,"5":0,"6":0,"7":0,"8":0,"9":0,"10":0,"11":0,"12":0,"13":0,"14":0,"15":0,"16":0,"17":0,"18":0},"b":{"0":[0],"1":[0,0],"2":[0,0,0,0,0],"3":[0,0,0,0,0,0],"4":[0,0,0,0],"5":[0,0,0,0,0],"6":[0,0],"7":[0,0],"8":[0,0],"9":[0,0],"10":[0,0],"11":[0,0],"12":[0,0],"13":[0,0],"14":[0,0],"15":[0,0],"16":[0,0],"17":[0,0],"18":[0,0],"19":[0,0],"20":[0,0],"21":[0],"22":[0,0],"23":[0,0],"24":[0,0],"25":[0,0],"26":[0,0],"27":[0],"28":[0,0],"29":[0,0],"30":[0,0],"31":[0,0],"32":[0,0],"33":[0,0],"34":[0,0],"35":[0,0],"36":[0,0],"37":[0,0],"38":[0,0],"39":[0,0],"40":[0,0],"41":[0,0],"42":[0],"43":[0,0],"44":[0,0],"45":[0,0],"46":[0,0],"47":[0,0],"48":[0,0],"49":[0,0],"50":[0,0],"51":[0,0],"52":[0,0],"53":[0,0],"54":[0,0],"55":[0,0],"56":[0,0],"57":[0,0],"58":[0,0],"59":[0,0],"60":[0,0],"61":[0,0],"62":[0,0],"63":[0],"64":[0],"65":[0],"66":[0,0],"67":[0],"68":[0],"69":[0],"70":[0,0],"71":[0],"72":[0]}}
,"/Users/kriptos/crypto-signals/frontend/app/yield-curve/page.tsx": {"path":"/Users/kriptos/crypto-signals/frontend/app/yield-curve/page.tsx","statementMap":{"0":{"start":{"line":25,"column":24},"end":{"line":25,"column":null}},"1":{"start":{"line":4,"column":13},"end":{"line":4,"column":21}},"2":{"start":{"line":2,"column":29},"end":{"line":2,"column":null}},"3":{"start":{"line":4,"column":34},"end":{"line":23,"column":null}},"4":{"start":{"line":26,"column":2},"end":{"line":26,"column":null}}},"fnMap":{"0":{"name":"YieldCurvePage","decl":{"start":{"line":25,"column":24},"end":{"line":25,"column":null}},"loc":{"start":{"line":25,"column":24},"end":{"line":27,"column":1}}}},"branchMap":{},"s":{"0":0,"1":0,"2":0,"3":0,"4":0},"f":{"0":0},"b":{}}
}
