TN:
SF:app/LandingClient.tsx
FN:13,LandingClient
FNF:1
FNH:0
FNDA:0,LandingClient
DA:3,0
DA:4,0
DA:5,0
DA:6,0
DA:7,0
DA:8,0
DA:9,0
DA:10,0
DA:11,0
DA:13,0
LF:10
LH:0
BRF:0
BRH:0
end_of_record
TN:
SF:app/opengraph-image.tsx
FN:10,OpenGraphImage
FNF:1
FNH:0
FNDA:0,OpenGraphImage
DA:1,0
DA:3,0
DA:5,0
DA:6,0
DA:8,0
DA:10,0
DA:11,0
LF:7
LH:0
BRF:0
BRH:0
end_of_record
TN:
SF:app/page.tsx
FN:26,HomePage
FNF:1
FNH:0
FNDA:0,HomePage
DA:2,0
DA:4,0
DA:26,0
DA:27,0
LF:4
LH:0
BRF:0
BRH:0
end_of_record
TN:
SF:app/robots.ts
FN:3,robots
FNF:1
FNH:0
FNDA:0,robots
DA:3,0
DA:4,0
LF:2
LH:0
BRF:0
BRH:0
end_of_record
TN:
SF:app/sitemap.ts
FN:5,sitemap
FN:31,(anonymous_2)
FNF:2
FNH:0
FNDA:0,sitemap
FNDA:0,(anonymous_2)
DA:3,0
DA:5,0
DA:6,0
DA:31,0
LF:4
LH:0
BRF:0
BRH:0
end_of_record
TN:
SF:app/about/page.tsx
FN:22,AboutPage
FNF:1
FNH:0
FNDA:0,AboutPage
DA:2,0
DA:3,0
DA:4,0
DA:6,0
DA:22,0
LF:5
LH:0
BRF:0
BRH:0
end_of_record
TN:
SF:app/admin/page.tsx
FN:46,formatDateLabel
FN:51,AdminPage
FN:70,(anonymous_4)
FN:76,(anonymous_5)
FN:78,(anonymous_6)
FN:116,(anonymous_7)
FN:117,(anonymous_8)
FN:126,(anonymous_9)
FN:127,(anonymous_10)
FN:133,(anonymous_11)
FN:146,(anonymous_12)
FN:146,(anonymous_13)
FN:152,(anonymous_14)
FN:173,(anonymous_15)
FN:186,(anonymous_16)
FN:186,(anonymous_17)
FN:261,(anonymous_18)
FN:270,(anonymous_19)
FN:328,(anonymous_20)
FN:396,(anonymous_21)
FN:454,(anonymous_22)
FN:485,(anonymous_23)
FN:530,(anonymous_24)
FN:544,(anonymous_25)
FN:589,(anonymous_26)
FN:628,MetricCard
FNF:26
FNH:0
FNDA:0,formatDateLabel
FNDA:0,AdminPage
FNDA:0,(anonymous_4)
FNDA:0,(anonymous_5)
FNDA:0,(anonymous_6)
FNDA:0,(anonymous_7)
FNDA:0,(anonymous_8)
FNDA:0,(anonymous_9)
FNDA:0,(anonymous_10)
FNDA:0,(anonymous_11)
FNDA:0,(anonymous_12)
FNDA:0,(anonymous_13)
FNDA:0,(anonymous_14)
FNDA:0,(anonymous_15)
FNDA:0,(anonymous_16)
FNDA:0,(anonymous_17)
FNDA:0,(anonymous_18)
FNDA:0,(anonymous_19)
FNDA:0,(anonymous_20)
FNDA:0,(anonymous_21)
FNDA:0,(anonymous_22)
FNDA:0,(anonymous_23)
FNDA:0,(anonymous_24)
FNDA:0,(anonymous_25)
FNDA:0,(anonymous_26)
FNDA:0,MetricCard
DA:3,0
DA:4,0
DA:5,0
DA:6,0
DA:7,0
DA:8,0
DA:9,0
DA:10,0
DA:11,0
DA:12,0
DA:13,0
DA:14,0
DA:15,0
DA:16,0
DA:17,0
DA:19,0
DA:47,0
DA:48,0
DA:51,0
DA:52,0
DA:53,0
DA:54,0
DA:55,0
DA:56,0
DA:57,0
DA:58,0
DA:59,0
DA:60,0
DA:61,0
DA:62,0
DA:63,0
DA:64,0
DA:65,0
DA:66,0
DA:67,0
DA:68,0
DA:70,0
DA:71,0
DA:72,0
DA:76,0
DA:77,0
DA:78,0
DA:79,0
DA:80,0
DA:85,0
DA:86,0
DA:87,0
DA:89,0
DA:90,0
DA:91,0
DA:92,0
DA:93,0
DA:94,0
DA:96,0
DA:102,0
DA:103,0
DA:104,0
DA:105,0
DA:107,0
DA:109,0
DA:113,0
DA:116,0
DA:117,0
DA:119,0
DA:121,0
DA:122,0
DA:126,0
DA:127,0
DA:133,0
DA:134,0
DA:135,0
DA:142,0
DA:143,0
DA:144,0
DA:146,0
DA:148,0
DA:152,0
DA:153,0
DA:154,0
DA:155,0
DA:156,0
DA:163,0
DA:164,0
DA:165,0
DA:167,0
DA:169,0
DA:173,0
DA:174,0
DA:175,0
DA:182,0
DA:183,0
DA:184,0
DA:186,0
DA:188,0
DA:192,0
DA:202,0
DA:203,0
DA:261,0
DA:270,0
DA:329,0
DA:330,0
DA:331,0
DA:335,0
DA:337,0
DA:397,0
DA:454,0
DA:486,0
DA:530,0
DA:544,0
DA:590,0
DA:639,0
LF:111
LH:0
BRDA:71,0,0,0
BRDA:71,0,1,0
BRDA:71,1,0,0
BRDA:71,1,1,0
BRDA:77,2,0,0
BRDA:77,2,1,0
BRDA:85,3,0,0
BRDA:85,3,1,0
BRDA:85,4,0,0
BRDA:85,4,1,0
BRDA:86,5,0,0
BRDA:86,5,1,0
BRDA:87,6,0,0
BRDA:87,6,1,0
BRDA:91,7,0,0
BRDA:91,7,1,0
BRDA:93,8,0,0
BRDA:93,8,1,0
BRDA:102,9,0,0
BRDA:102,9,1,0
BRDA:103,10,0,0
BRDA:103,10,1,0
BRDA:104,11,0,0
BRDA:104,11,1,0
BRDA:105,12,0,0
BRDA:105,12,1,0
BRDA:119,13,0,0
BRDA:119,13,1,0
BRDA:120,14,0,0
BRDA:120,14,1,0
BRDA:121,15,0,0
BRDA:121,15,1,0
BRDA:122,16,0,0
BRDA:122,16,1,0
BRDA:127,17,0,0
BRDA:127,17,1,0
BRDA:142,18,0,0
BRDA:142,18,1,0
BRDA:144,19,0,0
BRDA:144,19,1,0
BRDA:146,20,0,0
BRDA:146,20,1,0
BRDA:164,21,0,0
BRDA:164,21,1,0
BRDA:164,22,0,0
BRDA:164,22,1,0
BRDA:182,23,0,0
BRDA:182,23,1,0
BRDA:184,24,0,0
BRDA:184,24,1,0
BRDA:186,25,0,0
BRDA:186,25,1,0
BRDA:192,26,0,0
BRDA:192,26,1,0
BRDA:192,27,0,0
BRDA:192,27,1,0
BRDA:202,28,0,0
BRDA:202,28,1,0
BRDA:214,29,0,0
BRDA:224,30,0,0
BRDA:224,30,1,0
BRDA:230,31,0,0
BRDA:230,31,1,0
BRDA:236,32,0,0
BRDA:236,32,1,0
BRDA:242,33,0,0
BRDA:242,33,1,0
BRDA:277,34,0,0
BRDA:278,35,0,0
BRDA:278,35,1,0
BRDA:287,36,0,0
BRDA:287,36,1,0
BRDA:293,37,0,0
BRDA:293,37,1,0
BRDA:299,38,0,0
BRDA:299,38,1,0
BRDA:304,39,0,0
BRDA:307,40,0,0
BRDA:307,40,1,0
BRDA:335,41,0,0
BRDA:335,41,1,0
BRDA:351,42,0,0
BRDA:351,42,1,0
BRDA:357,43,0,0
BRDA:357,43,1,0
BRDA:363,44,0,0
BRDA:363,44,1,0
BRDA:369,45,0,0
BRDA:369,45,1,0
BRDA:374,46,0,0
BRDA:380,47,0,0
BRDA:383,48,0,0
BRDA:421,49,0,0
BRDA:496,50,0,0
BRDA:496,50,1,0
BRDA:504,51,0,0
BRDA:504,51,1,0
BRDA:505,52,0,0
BRDA:505,52,1,0
BRDA:506,53,0,0
BRDA:506,53,1,0
BRDA:514,54,0,0
BRDA:545,55,0,0
BRDA:545,55,1,0
BRDA:548,56,0,0
BRDA:557,57,0,0
BRDA:599,58,0,0
BRDA:599,58,1,0
BRDA:600,59,0,0
BRDA:600,59,1,0
BRDA:611,60,0,0
BRF:111
BRH:0
end_of_record
TN:
SF:app/app/AppClient.tsx
FN:45,formatTfLabel
FN:112,formatVolumeUSD
FN:121,MetricCard
FN:185,OIAnalysisCards
FN:242,ChartLegend
FN:247,(anonymous_7)
FN:288,ChartSection
FN:318,SecondaryIndicators
FN:417,Dashboard
FN:425,(anonymous_11)
FN:426,(anonymous_12)
FN:428,(anonymous_13)
FN:479,(anonymous_14)
FN:484,(anonymous_15)
FN:496,(anonymous_16)
FN:497,fetchData
FN:731,(anonymous_18)
FN:766,(anonymous_19)
FN:772,(anonymous_20)
FN:778,(anonymous_21)
FN:832,(anonymous_22)
FNF:21
FNH:17
FNDA:22,formatTfLabel
FNDA:38,formatVolumeUSD
FNDA:55,MetricCard
FNDA:11,OIAnalysisCards
FNDA:11,ChartLegend
FNDA:24,(anonymous_7)
FNDA:11,ChartSection
FNDA:11,SecondaryIndicators
FNDA:18,Dashboard
FNDA:6,(anonymous_11)
FNDA:0,(anonymous_12)
FNDA:6,(anonymous_13)
FNDA:6,(anonymous_14)
FNDA:6,(anonymous_15)
FNDA:6,(anonymous_16)
FNDA:6,fetchData
FNDA:6,(anonymous_18)
FNDA:0,(anonymous_19)
FNDA:66,(anonymous_20)
FNDA:0,(anonymous_21)
FNDA:0,(anonymous_22)
DA:3,1
DA:4,1
DA:6,1
DA:7,1
DA:8,1
DA:9,1
DA:10,1
DA:11,1
DA:12,1
DA:13,1
DA:14,1
DA:16,1
DA:17,1
DA:19,1
DA:20,1
DA:21,1
DA:22,1
DA:23,1
DA:25,1
DA:26,1
DA:27,1
DA:28,1
DA:32,1
DA:34,1
DA:36,1
DA:46,22
DA:54,22
DA:113,38
DA:114,38
DA:115,10
DA:116,10
DA:117,10
DA:186,11
DA:187,11
DA:188,11
DA:243,11
DA:244,11
DA:248,24
DA:256,5
DA:257,5
DA:258,5
DA:259,5
DA:289,11
DA:290,11
DA:291,11
DA:292,11
DA:319,11
DA:320,11
DA:321,11
DA:322,11
DA:323,11
DA:324,11
DA:326,11
DA:327,11
DA:328,11
DA:329,11
DA:330,11
DA:417,7
DA:418,18
DA:419,17
DA:420,17
DA:421,17
DA:422,17
DA:423,17
DA:425,17
DA:426,6
DA:427,6
DA:428,6
DA:430,17
DA:431,17
DA:432,17
DA:471,17
DA:473,17
DA:474,17
DA:479,17
DA:480,6
DA:484,17
DA:485,6
DA:493,6
DA:496,17
DA:499,6
DA:500,6
DA:502,6
DA:504,6
DA:505,6
DA:508,6
DA:509,6
DA:518,6
DA:519,6
DA:520,6
DA:521,6
DA:522,6
DA:523,6
DA:526,6
DA:527,6
DA:529,6
DA:531,6
DA:532,3
DA:533,3
DA:534,3
DA:536,0
DA:537,0
DA:540,3
DA:541,3
DA:546,6
DA:547,3
DA:549,3
DA:550,3
DA:553,6
DA:554,3
DA:555,3
DA:557,3
DA:558,3
DA:561,6
DA:562,3
DA:564,3
DA:567,6
DA:568,3
DA:570,3
DA:573,6
DA:574,6
DA:575,2
DA:577,4
DA:581,6
DA:583,6
DA:584,6
DA:585,6
DA:588,6
DA:589,3
DA:590,3
DA:591,3
DA:594,6
DA:596,6
DA:637,6
DA:646,6
DA:647,6
DA:649,6
DA:656,6
DA:660,0
DA:661,0
DA:664,0
DA:668,0
DA:669,0
DA:710,0
DA:721,0
DA:724,6
DA:725,6
DA:729,6
DA:730,6
DA:731,6
DA:735,17
DA:766,0
DA:773,66
DA:778,0
DA:832,0
LF:155
LH:143
BRDA:54,0,0,22
BRDA:54,0,1,0
BRDA:114,1,0,28
BRDA:114,1,1,10
BRDA:115,2,0,0
BRDA:115,2,1,10
BRDA:116,3,0,0
BRDA:116,3,1,10
BRDA:128,4,0,0
BRDA:147,5,0,30
BRDA:152,6,0,25
BRDA:152,6,1,0
BRDA:155,7,0,55
BRDA:155,7,1,55
BRDA:163,8,0,22
BRDA:163,8,1,33
BRDA:163,9,0,55
BRDA:163,9,1,40
BRDA:163,9,2,40
BRDA:165,10,0,0
BRDA:165,10,1,33
BRDA:165,11,0,33
BRDA:165,11,1,33
BRDA:165,11,2,33
BRDA:171,12,0,22
BRDA:170,13,0,55
BRDA:170,13,1,40
BRDA:170,13,2,40
BRDA:173,14,0,0
BRDA:172,15,0,33
BRDA:172,15,1,33
BRDA:172,15,2,33
BRDA:187,16,0,11
BRDA:187,16,1,2
BRDA:188,17,0,2
BRDA:188,17,1,9
BRDA:188,18,0,0
BRDA:188,18,1,9
BRDA:194,19,0,9
BRDA:194,19,1,2
BRDA:195,20,0,11
BRDA:195,20,1,0
BRDA:195,21,0,11
BRDA:195,21,1,8
BRDA:195,22,0,11
BRDA:195,22,1,8
BRDA:196,23,0,11
BRDA:196,23,1,0
BRDA:196,24,0,11
BRDA:196,24,1,8
BRDA:197,25,0,11
BRDA:197,25,1,8
BRDA:203,26,0,11
BRDA:203,26,1,2
BRDA:203,27,0,11
BRDA:203,27,1,2
BRDA:204,28,0,11
BRDA:204,28,1,0
BRDA:205,29,0,3
BRDA:205,29,1,8
BRDA:205,30,0,0
BRDA:205,30,1,8
BRDA:212,31,0,11
BRDA:212,31,1,2
BRDA:212,32,0,11
BRDA:212,32,1,2
BRDA:213,33,0,0
BRDA:213,33,1,11
BRDA:213,34,0,11
BRDA:213,34,1,11
BRDA:213,35,0,0
BRDA:213,35,1,0
BRDA:214,36,0,0
BRDA:214,36,1,11
BRDA:214,37,0,0
BRDA:214,37,1,11
BRDA:221,38,0,11
BRDA:221,38,1,4
BRDA:221,39,0,11
BRDA:221,39,1,2
BRDA:222,40,0,1
BRDA:222,40,1,10
BRDA:222,41,0,11
BRDA:222,41,1,11
BRDA:222,42,0,1
BRDA:222,42,1,0
BRDA:223,43,0,1
BRDA:223,43,1,10
BRDA:223,44,0,0
BRDA:223,44,1,10
BRDA:230,45,0,7
BRDA:230,45,1,4
BRDA:230,46,0,11
BRDA:230,46,1,4
BRDA:230,47,0,11
BRDA:230,47,1,4
BRDA:231,48,0,11
BRDA:231,48,1,4
BRDA:231,49,0,11
BRDA:231,49,1,11
BRDA:232,50,0,7
BRDA:232,50,1,4
BRDA:232,51,0,11
BRDA:232,51,1,4
BRDA:232,52,0,0
BRDA:232,52,1,4
BRDA:232,53,0,4
BRDA:232,53,1,4
BRDA:233,54,0,11
BRDA:233,54,1,4
BRDA:244,55,0,6
BRDA:244,55,1,5
BRDA:256,56,0,5
BRDA:256,56,1,2
BRDA:257,57,0,2
BRDA:257,57,1,3
BRDA:257,58,0,0
BRDA:257,58,1,3
BRDA:258,59,0,3
BRDA:258,59,1,2
BRDA:258,60,0,3
BRDA:258,60,1,0
BRDA:259,61,0,3
BRDA:259,61,1,2
BRDA:259,62,0,3
BRDA:259,62,1,0
BRDA:265,63,0,3
BRDA:265,63,1,2
BRDA:269,64,0,5
BRDA:269,64,1,2
BRDA:269,65,0,5
BRDA:269,65,1,2
BRDA:273,66,0,5
BRDA:273,66,1,0
BRDA:274,67,0,5
BRDA:274,67,1,0
BRDA:279,68,0,5
BRDA:279,68,1,0
BRDA:280,69,0,5
BRDA:280,69,1,0
BRDA:290,70,0,11
BRDA:290,70,1,2
BRDA:291,71,0,2
BRDA:291,71,1,9
BRDA:291,72,0,0
BRDA:291,72,1,9
BRDA:307,73,0,11
BRDA:307,73,1,0
BRDA:320,74,0,11
BRDA:320,74,1,0
BRDA:321,75,0,11
BRDA:321,75,1,8
BRDA:322,76,0,11
BRDA:322,76,1,8
BRDA:323,77,0,11
BRDA:323,77,1,2
BRDA:324,78,0,11
BRDA:324,78,1,8
BRDA:339,79,0,6
BRDA:357,80,0,6
BRDA:375,81,0,6
BRDA:379,82,0,3
BRDA:379,82,1,2
BRDA:393,83,0,6
BRDA:398,84,0,0
BRDA:398,84,1,5
BRDA:403,85,0,11
BRDA:403,85,1,0
BRDA:493,86,0,6
BRDA:493,86,1,0
BRDA:499,87,0,6
BRDA:499,87,1,0
BRDA:518,88,0,5
BRDA:518,88,1,1
BRDA:519,89,0,5
BRDA:519,89,1,1
BRDA:520,90,0,5
BRDA:520,90,1,1
BRDA:521,91,0,5
BRDA:521,91,1,1
BRDA:522,92,0,5
BRDA:522,92,1,1
BRDA:523,93,0,5
BRDA:523,93,1,1
BRDA:531,94,0,3
BRDA:531,94,1,3
BRDA:546,95,0,3
BRDA:546,95,1,3
BRDA:553,96,0,3
BRDA:553,96,1,3
BRDA:561,97,0,3
BRDA:561,97,1,3
BRDA:567,98,0,3
BRDA:567,98,1,3
BRDA:574,99,0,2
BRDA:574,99,1,4
BRDA:584,100,0,3
BRDA:584,100,1,3
BRDA:584,101,0,6
BRDA:584,101,1,3
BRDA:585,102,0,6
BRDA:585,102,1,3
BRDA:588,103,0,3
BRDA:588,103,1,3
BRDA:590,104,0,3
BRDA:590,104,1,0
BRDA:599,105,0,6
BRDA:599,105,1,3
BRDA:599,105,2,3
BRDA:601,106,0,6
BRDA:601,106,1,3
BRDA:601,106,2,3
BRDA:602,107,0,6
BRDA:602,107,1,6
BRDA:602,107,2,3
BRDA:603,108,0,6
BRDA:603,108,1,6
BRDA:604,109,0,6
BRDA:604,109,1,5
BRDA:605,110,0,6
BRDA:605,110,1,5
BRDA:606,111,0,6
BRDA:606,111,1,5
BRDA:606,111,2,5
BRDA:608,112,0,0
BRDA:608,112,1,6
BRDA:609,113,0,0
BRDA:609,113,1,6
BRDA:610,114,0,6
BRDA:610,114,1,6
BRDA:611,115,0,6
BRDA:611,115,1,6
BRDA:611,115,2,4
BRDA:612,116,0,6
BRDA:612,116,1,6
BRDA:612,116,2,4
BRDA:613,117,0,6
BRDA:613,117,1,6
BRDA:614,118,0,6
BRDA:614,118,1,3
BRDA:614,118,2,3
BRDA:615,119,0,6
BRDA:615,119,1,3
BRDA:616,120,0,6
BRDA:616,120,1,3
BRDA:617,121,0,6
BRDA:617,121,1,4
BRDA:618,122,0,6
BRDA:618,122,1,6
BRDA:618,122,2,3
BRDA:618,122,3,3
BRDA:619,123,0,6
BRDA:619,123,1,6
BRDA:619,123,2,3
BRDA:620,124,0,6
BRDA:620,124,1,6
BRDA:620,124,2,3
BRDA:621,125,0,6
BRDA:621,125,1,6
BRDA:621,125,2,3
BRDA:622,126,0,6
BRDA:622,126,1,3
BRDA:624,127,0,6
BRDA:624,127,1,6
BRDA:625,128,0,6
BRDA:625,128,1,6
BRDA:626,129,0,6
BRDA:626,129,1,6
BRDA:627,130,0,6
BRDA:627,130,1,6
BRDA:628,131,0,6
BRDA:628,131,1,6
BRDA:629,132,0,6
BRDA:629,132,1,6
BRDA:630,133,0,6
BRDA:630,133,1,6
BRDA:631,134,0,6
BRDA:631,134,1,6
BRDA:632,135,0,6
BRDA:632,135,1,6
BRDA:633,136,0,6
BRDA:633,136,1,6
BRDA:649,137,0,0
BRDA:649,137,1,6
BRDA:664,138,0,0
BRDA:664,138,1,0
BRDA:664,139,0,0
BRDA:664,139,1,0
BRDA:664,140,0,0
BRDA:664,140,1,0
BRDA:668,141,0,0
BRDA:668,141,1,0
BRDA:668,142,0,0
BRDA:668,142,1,0
BRDA:721,143,0,0
BRDA:721,143,1,0
BRDA:721,144,0,0
BRDA:721,144,1,0
BRDA:735,145,0,6
BRDA:735,145,1,11
BRDA:762,146,0,0
BRDA:762,146,1,11
BRDA:777,147,0,11
BRDA:789,148,0,11
BRF:304
BRH:251
end_of_record
TN:
SF:app/app/page.tsx
FN:13,HomePage
FNF:1
FNH:1
FNDA:7,HomePage
DA:2,1
DA:4,1
DA:13,6
DA:14,7
LF:4
LH:4
BRF:0
BRH:0
end_of_record
TN:
SF:app/auth/callback/page.tsx
FN:9,OAuthCallbackHandler
FN:13,(anonymous_2)
FN:38,(anonymous_3)
FN:88,OAuthCallbackPage
FNF:4
FNH:0
FNDA:0,OAuthCallbackHandler
FNDA:0,(anonymous_2)
FNDA:0,(anonymous_3)
FNDA:0,OAuthCallbackPage
DA:3,0
DA:5,0
DA:6,0
DA:10,0
DA:11,0
DA:13,0
DA:14,0
DA:15,0
DA:16,0
DA:17,0
DA:19,0
DA:20,0
DA:24,0
DA:25,0
DA:28,0
DA:29,0
DA:33,0
DA:34,0
DA:38,0
DA:39,0
DA:40,0
DA:50,0
DA:51,0
DA:54,0
DA:56,0
DA:64,0
DA:66,0
DA:70,0
DA:74,0
DA:88,0
LF:30
LH:0
BRDA:19,0,0,0
BRDA:19,0,1,0
BRDA:28,1,0,0
BRDA:28,1,1,0
BRDA:50,2,0,0
BRDA:50,2,1,0
BRF:6
BRH:0
end_of_record
TN:
SF:app/components/AssetCardTabs.tsx
FN:40,AssetCardTabs
FN:54,(anonymous_5)
FN:57,(anonymous_6)
FNF:3
FNH:0
FNDA:0,AssetCardTabs
FNDA:0,(anonymous_5)
FNDA:0,(anonymous_6)
DA:3,0
DA:4,0
DA:5,0
DA:21,0
DA:31,0
DA:40,0
DA:41,0
DA:42,0
DA:43,0
DA:45,0
DA:47,0
DA:48,0
DA:55,0
DA:57,0
LF:14
LH:0
BRDA:45,0,0,0
BRDA:45,0,1,0
BRDA:59,1,0,0
BRDA:59,1,1,0
BRDA:64,2,0,0
BRDA:71,3,0,0
BRDA:71,3,1,0
BRDA:74,4,0,0
BRDA:77,5,0,0
BRDA:77,5,1,0
BRDA:77,6,0,0
BRDA:77,6,1,0
BRDA:85,7,0,0
BRDA:85,7,1,0
BRDA:86,8,0,0
BRDA:86,8,1,0
BRDA:91,9,0,0
BRDA:91,9,1,0
BRDA:92,10,0,0
BRDA:92,10,1,0
BRDA:97,11,0,0
BRDA:97,11,1,0
BRDA:98,12,0,0
BRDA:98,12,1,0
BRDA:109,13,0,0
BRDA:109,13,1,0
BRDA:118,14,0,0
BRDA:118,14,1,0
BRF:28
BRH:0
end_of_record
TN:
SF:app/components/AuthModal.tsx
FN:20,AuthModal
FN:31,(anonymous_2)
FN:65,(anonymous_3)
FN:73,(anonymous_4)
FN:86,(anonymous_5)
FN:90,(anonymous_6)
FN:95,(anonymous_7)
FNF:7
FNH:6
FNDA:32,AuthModal
FNDA:3,(anonymous_2)
FNDA:0,(anonymous_3)
FNDA:1,(anonymous_4)
FNDA:3,(anonymous_5)
FNDA:3,(anonymous_6)
FNDA:1,(anonymous_7)
DA:3,2
DA:4,2
DA:6,2
DA:7,2
DA:8,2
DA:10,2
DA:11,2
DA:12,2
DA:20,18
DA:21,32
DA:22,32
DA:23,32
DA:24,32
DA:25,32
DA:26,32
DA:27,32
DA:28,32
DA:29,32
DA:31,32
DA:32,3
DA:33,3
DA:34,3
DA:35,3
DA:36,3
DA:37,2
DA:38,1
DA:40,1
DA:41,1
DA:42,1
DA:45,1
DA:47,3
DA:65,0
DA:73,1
DA:86,3
DA:90,3
DA:95,1
LF:36
LH:35
BRDA:20,0,0,26
BRDA:36,1,0,2
BRDA:36,1,1,1
BRDA:40,2,0,1
BRDA:40,2,1,0
BRDA:45,3,0,1
BRDA:45,3,1,0
BRDA:56,4,0,25
BRDA:56,4,1,7
BRDA:63,5,0,25
BRDA:63,5,1,7
BRDA:71,6,0,7
BRDA:71,6,1,25
BRDA:79,7,0,32
BRDA:92,8,0,32
BRDA:99,9,0,3
BRDA:99,9,1,29
BRDA:99,10,0,23
BRDA:99,10,1,6
BRF:19
BRH:17
end_of_record
TN:
SF:app/components/CoinSearch.tsx
FN:23,CoinSearch
FN:34,(anonymous_2)
FN:39,(anonymous_3)
FN:42,(anonymous_4)
FN:61,(anonymous_5)
FN:64,(anonymous_6)
FN:65,(anonymous_7)
FN:70,(anonymous_8)
FN:74,(anonymous_9)
FN:79,(anonymous_10)
FN:83,(anonymous_11)
FN:87,(anonymous_12)
FN:104,(anonymous_13)
FN:111,(anonymous_14)
FN:114,(anonymous_15)
FN:120,(anonymous_16)
FN:126,(anonymous_17)
FN:127,(anonymous_18)
FN:133,(anonymous_19)
FN:137,(anonymous_20)
FN:143,(anonymous_21)
FN:153,(anonymous_22)
FN:154,(anonymous_23)
FN:184,(anonymous_24)
FN:192,(anonymous_25)
FN:237,(anonymous_26)
FNF:26
FNH:8
FNDA:17,CoinSearch
FNDA:6,(anonymous_2)
FNDA:6,(anonymous_3)
FNDA:6,(anonymous_4)
FNDA:6,(anonymous_5)
FNDA:0,(anonymous_6)
FNDA:0,(anonymous_7)
FNDA:0,(anonymous_8)
FNDA:6,(anonymous_9)
FNDA:0,(anonymous_10)
FNDA:0,(anonymous_11)
FNDA:0,(anonymous_12)
FNDA:0,(anonymous_13)
FNDA:0,(anonymous_14)
FNDA:0,(anonymous_15)
FNDA:0,(anonymous_16)
FNDA:6,(anonymous_17)
FNDA:0,(anonymous_18)
FNDA:6,(anonymous_19)
FNDA:0,(anonymous_20)
FNDA:0,(anonymous_21)
FNDA:0,(anonymous_22)
FNDA:0,(anonymous_23)
FNDA:0,(anonymous_24)
FNDA:0,(anonymous_25)
FNDA:0,(anonymous_26)
DA:3,1
DA:4,1
DA:5,1
DA:6,1
DA:21,1
DA:23,11
DA:24,17
DA:25,17
DA:26,17
DA:27,17
DA:28,17
DA:29,17
DA:30,17
DA:31,17
DA:32,17
DA:34,17
DA:35,6
DA:36,6
DA:37,6
DA:38,6
DA:39,6
DA:42,17
DA:43,6
DA:44,6
DA:45,6
DA:46,5
DA:47,2
DA:48,0
DA:49,0
DA:51,2
DA:54,4
DA:55,4
DA:57,6
DA:61,17
DA:62,6
DA:63,6
DA:64,6
DA:65,6
DA:66,6
DA:68,0
DA:69,0
DA:70,0
DA:74,17
DA:75,6
DA:78,17
DA:80,0
DA:82,0
DA:83,0
DA:84,0
DA:86,0
DA:87,0
DA:88,0
DA:90,0
DA:91,0
DA:92,0
DA:94,0
DA:96,0
DA:97,0
DA:98,0
DA:104,17
DA:105,0
DA:106,0
DA:107,0
DA:108,0
DA:111,17
DA:112,0
DA:113,0
DA:114,0
DA:116,0
DA:117,0
DA:120,17
DA:121,0
DA:122,0
DA:123,0
DA:126,17
DA:127,6
DA:128,0
DA:129,0
DA:132,6
DA:133,6
DA:136,17
DA:137,17
DA:144,0
DA:145,0
DA:153,0
DA:154,0
DA:185,0
DA:186,0
DA:187,0
DA:189,0
DA:192,0
DA:237,0
LF:92
LH:49
BRDA:23,0,0,0
BRDA:36,1,0,0
BRDA:36,1,1,6
BRDA:47,2,0,0
BRDA:47,2,1,2
BRDA:55,3,0,0
BRDA:55,3,1,4
BRDA:62,4,0,0
BRDA:62,4,1,6
BRDA:63,5,0,6
BRDA:63,5,1,0
BRDA:80,6,0,0
BRDA:80,6,1,0
BRDA:80,6,2,0
BRDA:80,6,3,0
BRDA:91,7,0,0
BRDA:91,7,1,0
BRDA:113,8,0,0
BRDA:113,8,1,0
BRDA:121,9,0,0
BRDA:121,9,1,0
BRDA:122,10,0,0
BRDA:122,10,1,0
BRDA:128,11,0,0
BRDA:128,11,1,0
BRDA:128,12,0,0
BRDA:128,12,1,0
BRDA:152,13,0,0
BRDA:152,13,1,17
BRDA:152,14,0,0
BRDA:152,14,1,17
BRDA:159,15,0,17
BRDA:159,15,1,17
BRDA:161,16,0,0
BRDA:161,16,1,0
BRDA:162,17,0,0
BRDA:162,17,1,0
BRDA:170,18,0,17
BRDA:179,19,0,0
BRDA:179,19,1,0
BRDA:181,20,0,0
BRDA:194,21,0,0
BRDA:194,21,1,0
BRDA:195,22,0,0
BRDA:195,22,1,0
BRDA:199,23,0,0
BRDA:201,24,0,0
BRDA:218,25,0,0
BRDA:218,25,1,0
BRDA:219,26,0,0
BRDA:219,26,1,0
BRDA:224,27,0,0
BRDA:224,27,1,0
BRDA:228,28,0,0
BRDA:239,29,0,0
BRDA:239,29,1,0
BRDA:242,30,0,0
BRDA:242,30,1,0
BRDA:248,31,0,0
BRF:59
BRH:10
end_of_record
TN:
SF:app/components/CryptoChart.tsx
FN:20,(anonymous_1)
FN:46,CryptoChart
FN:50,(anonymous_3)
FN:54,(anonymous_4)
FN:55,(anonymous_5)
FN:82,(anonymous_6)
FN:86,(anonymous_7)
FN:89,(anonymous_8)
FN:90,(anonymous_9)
FN:132,(anonymous_10)
FNF:10
FNH:0
FNDA:0,(anonymous_1)
FNDA:0,CryptoChart
FNDA:0,(anonymous_3)
FNDA:0,(anonymous_4)
FNDA:0,(anonymous_5)
FNDA:0,(anonymous_6)
FNDA:0,(anonymous_7)
FNDA:0,(anonymous_8)
FNDA:0,(anonymous_9)
FNDA:0,(anonymous_10)
DA:3,0
DA:4,0
DA:20,0
DA:21,0
DA:22,0
DA:43,0
DA:46,0
DA:47,0
DA:48,0
DA:50,0
DA:51,0
DA:54,0
DA:55,0
DA:56,0
DA:57,0
DA:58,0
DA:59,0
DA:61,0
DA:62,0
DA:63,0
DA:64,0
DA:65,0
DA:67,0
DA:77,0
DA:80,0
DA:82,0
DA:83,0
DA:86,0
DA:89,0
DA:90,0
DA:93,0
DA:101,0
DA:133,0
LF:33
LH:0
BRDA:21,0,0,0
BRDA:21,0,1,0
BRDA:21,1,0,0
BRDA:21,1,1,0
BRDA:21,1,2,0
BRDA:30,2,0,0
BRDA:30,2,1,0
BRDA:36,3,0,0
BRDA:36,3,1,0
BRDA:57,4,0,0
BRDA:57,4,1,0
BRDA:57,5,0,0
BRDA:57,5,1,0
BRDA:89,6,0,0
BRDA:89,6,1,0
BRDA:90,7,0,0
BRDA:90,7,1,0
BRDA:93,8,0,0
BRDA:93,8,1,0
BRDA:101,9,0,0
BRDA:101,9,1,0
BRDA:130,10,0,0
BRDA:130,10,1,0
BRDA:130,11,0,0
BRDA:130,11,1,0
BRDA:136,12,0,0
BRDA:136,12,1,0
BRF:27
BRH:0
end_of_record
TN:
SF:app/components/EntryLevels.tsx
FN:41,SentimentMetricCard
FN:115,getSentimentInterpretation
FN:170,EntryLevels
FN:180,(anonymous_4)
FN:199,(anonymous_5)
FN:204,(anonymous_6)
FN:221,(anonymous_7)
FN:264,(anonymous_8)
FN:351,(anonymous_9)
FN:415,(anonymous_10)
FN:441,(anonymous_11)
FNF:11
FNH:11
FNDA:9,SentimentMetricCard
FNDA:9,getSentimentInterpretation
FNDA:19,EntryLevels
FNDA:42,(anonymous_4)
FNDA:45,(anonymous_5)
FNDA:45,(anonymous_6)
FNDA:54,(anonymous_7)
FNDA:64,(anonymous_8)
FNDA:45,(anonymous_9)
FNDA:45,(anonymous_10)
FNDA:45,(anonymous_11)
DA:3,2
DA:4,2
DA:10,2
DA:11,2
DA:12,2
DA:57,9
DA:64,9
DA:71,9
DA:77,9
DA:119,9
DA:120,3
DA:121,0
DA:125,3
DA:126,0
DA:130,3
DA:136,6
DA:137,3
DA:138,0
DA:142,3
DA:143,0
DA:147,3
DA:154,3
DA:155,0
DA:159,3
DA:160,0
DA:164,3
DA:170,19
DA:171,19
DA:172,19
DA:181,42
DA:188,12
DA:190,12
DA:199,9
DA:200,45
DA:204,9
DA:205,45
DA:206,30
DA:207,9
DA:211,9
DA:212,9
DA:215,9
DA:216,9
DA:217,9
DA:218,9
DA:221,9
DA:222,54
DA:225,9
DA:228,9
DA:264,64
DA:267,9
DA:270,9
DA:273,9
DA:352,45
DA:353,45
DA:354,45
DA:355,45
DA:357,45
DA:416,45
DA:417,45
DA:418,5
DA:419,5
DA:420,0
DA:442,45
DA:443,45
DA:444,40
DA:445,5
DA:446,5
DA:447,0
LF:68
LH:60
BRDA:57,0,0,0
BRDA:57,0,1,9
BRDA:59,1,0,0
BRDA:59,1,1,9
BRDA:64,2,0,0
BRDA:64,2,1,9
BRDA:66,3,0,0
BRDA:66,3,1,9
BRDA:71,4,0,0
BRDA:71,4,1,9
BRDA:73,5,0,0
BRDA:73,5,1,9
BRDA:77,6,0,0
BRDA:77,6,1,9
BRDA:119,7,0,3
BRDA:119,7,1,6
BRDA:120,8,0,0
BRDA:120,8,1,3
BRDA:125,9,0,0
BRDA:125,9,1,3
BRDA:136,10,0,3
BRDA:136,10,1,3
BRDA:137,11,0,0
BRDA:137,11,1,3
BRDA:142,12,0,0
BRDA:142,12,1,3
BRDA:154,13,0,0
BRDA:154,13,1,3
BRDA:159,14,0,0
BRDA:159,14,1,3
BRDA:172,15,0,7
BRDA:172,15,1,12
BRDA:188,16,0,12
BRDA:188,16,1,3
BRDA:190,17,0,3
BRDA:190,17,1,9
BRDA:205,18,0,15
BRDA:205,18,1,30
BRDA:206,19,0,21
BRDA:206,19,1,9
BRDA:211,20,0,6
BRDA:211,20,1,3
BRDA:212,21,0,0
BRDA:212,21,1,9
BRDA:267,22,0,3
BRDA:267,22,1,6
BRDA:270,23,0,3
BRDA:270,23,1,6
BRDA:273,24,0,3
BRDA:273,24,1,6
BRDA:314,25,0,9
BRDA:320,26,0,3
BRDA:320,26,1,0
BRDA:321,27,0,3
BRDA:321,27,1,0
BRDA:328,28,0,3
BRDA:328,28,1,0
BRDA:329,29,0,3
BRDA:329,29,1,0
BRDA:336,30,0,0
BRDA:336,30,1,3
BRDA:338,31,0,0
BRDA:338,31,1,3
BRDA:342,32,0,3
BRDA:342,32,1,0
BRDA:343,33,0,3
BRDA:343,33,1,0
BRDA:417,34,0,40
BRDA:417,34,1,5
BRDA:418,35,0,0
BRDA:418,35,1,5
BRDA:419,36,0,5
BRDA:419,36,1,0
BRDA:427,37,0,17
BRDA:427,37,1,28
BRDA:433,38,0,15
BRDA:433,38,1,30
BRDA:433,39,0,21
BRDA:433,39,1,9
BRDA:443,40,0,40
BRDA:443,40,1,5
BRDA:445,41,0,0
BRDA:445,41,1,5
BRDA:446,42,0,5
BRDA:446,42,1,0
BRDA:452,43,0,17
BRDA:452,43,1,28
BRF:87
BRH:61
end_of_record
TN:
SF:app/components/Footer.tsx
FN:6,Footer
FNF:1
FNH:0
FNDA:0,Footer
DA:3,0
DA:4,0
DA:6,0
DA:7,0
LF:4
LH:0
BRF:0
BRH:0
end_of_record
TN:
SF:app/components/FundamentalsCard.tsx
FN:49,getMVRVInterpretation
FN:56,getNUPLInterpretation
FN:64,getFundingInterpretation
FN:70,ZoneCard
FN:105,ZoneBar
FN:117,(anonymous_6)
FN:132,(anonymous_7)
FN:141,FundamentalsCard
FN:146,(anonymous_9)
FN:147,(anonymous_10)
FN:215,(anonymous_11)
FN:221,(anonymous_12)
FN:227,(anonymous_13)
FNF:13
FNH:13
FNDA:1,getMVRVInterpretation
FNDA:1,getNUPLInterpretation
FNDA:3,getFundingInterpretation
FNDA:6,ZoneCard
FNDA:6,ZoneBar
FNDA:22,(anonymous_6)
FNDA:22,(anonymous_7)
FNDA:20,FundamentalsCard
FNDA:11,(anonymous_9)
FNDA:11,(anonymous_10)
FNDA:6,(anonymous_11)
FNDA:3,(anonymous_12)
FNDA:3,(anonymous_13)
DA:3,2
DA:4,2
DA:5,2
DA:6,2
DA:7,2
DA:8,2
DA:10,2
DA:42,2
DA:50,1
DA:51,1
DA:52,0
DA:53,0
DA:57,1
DA:58,1
DA:59,1
DA:60,1
DA:61,0
DA:65,3
DA:66,3
DA:67,1
DA:118,22
DA:133,22
DA:141,16
DA:142,20
DA:143,20
DA:144,20
DA:146,20
DA:147,11
DA:148,11
DA:149,11
DA:150,11
DA:156,11
DA:157,10
DA:158,10
DA:160,10
DA:162,1
DA:164,11
DA:168,11
DA:171,20
DA:173,20
DA:191,9
DA:193,9
DA:212,3
DA:213,3
DA:215,3
DA:216,6
DA:217,4
DA:218,4
DA:221,3
DA:222,3
DA:223,2
DA:224,2
DA:227,3
DA:228,3
DA:229,2
DA:230,2
DA:233,3
LF:57
LH:54
BRDA:50,0,0,0
BRDA:50,0,1,1
BRDA:51,1,0,1
BRDA:51,1,1,0
BRDA:52,2,0,0
BRDA:52,2,1,0
BRDA:57,3,0,0
BRDA:57,3,1,1
BRDA:58,4,0,0
BRDA:58,4,1,1
BRDA:59,5,0,0
BRDA:59,5,1,1
BRDA:60,6,0,1
BRDA:60,6,1,0
BRDA:65,7,0,0
BRDA:65,7,1,3
BRDA:66,8,0,2
BRDA:66,8,1,1
BRDA:120,9,0,22
BRDA:120,9,1,16
BRDA:130,10,0,6
BRDA:156,11,0,1
BRDA:156,11,1,9
BRDA:156,12,0,11
BRDA:156,12,1,9
BRDA:157,13,0,1
BRDA:157,13,1,9
BRDA:157,14,0,10
BRDA:157,14,1,8
BRDA:158,15,0,3
BRDA:158,15,1,7
BRDA:158,16,0,10
BRDA:158,16,1,8
BRDA:171,17,0,20
BRDA:171,17,1,13
BRDA:173,18,0,11
BRDA:173,18,1,9
BRDA:191,19,0,9
BRDA:191,19,1,8
BRDA:191,19,2,8
BRDA:193,20,0,6
BRDA:193,20,1,3
BRDA:212,21,0,3
BRDA:212,21,1,0
BRDA:213,22,0,3
BRDA:213,22,1,0
BRDA:216,23,0,2
BRDA:216,23,1,4
BRDA:217,24,0,0
BRDA:217,24,1,4
BRDA:222,25,0,1
BRDA:222,25,1,2
BRDA:223,26,0,0
BRDA:223,26,1,2
BRDA:228,27,0,1
BRDA:228,27,1,2
BRDA:229,28,0,0
BRDA:229,28,1,2
BRDA:233,29,0,3
BRDA:233,29,1,0
BRDA:262,30,0,2
BRDA:262,30,1,1
BRDA:269,31,0,3
BRDA:296,32,0,3
BRDA:304,33,0,1
BRDA:304,33,1,0
BRDA:324,34,0,3
BRDA:324,34,1,1
BRDA:334,35,0,0
BRDA:334,35,1,1
BRDA:336,36,0,0
BRDA:336,36,1,1
BRDA:357,37,0,3
BRDA:383,38,0,3
BRDA:387,39,0,1
BRDA:387,39,1,2
BRDA:387,40,0,2
BRDA:387,40,1,0
BRDA:393,41,0,3
BRDA:397,42,0,1
BRDA:397,42,1,1
BRDA:402,43,0,3
BRDA:406,44,0,2
BRDA:406,44,1,0
BRDA:411,45,0,3
BRDA:415,46,0,3
BRDA:415,46,1,0
BRDA:420,47,0,3
BRDA:424,48,0,1
BRDA:424,48,1,0
BRF:90
BRH:68
end_of_record
TN:
SF:app/components/HeatmapMatrix.tsx
FN:19,(anonymous_4)
FN:31,(anonymous_5)
FN:42,HeatmapMatrix
FN:47,(anonymous_7)
FN:53,(anonymous_8)
FN:62,(anonymous_9)
FN:65,(anonymous_10)
FN:80,(anonymous_11)
FN:115,(anonymous_12)
FNF:9
FNH:0
FNDA:0,(anonymous_4)
FNDA:0,(anonymous_5)
FNDA:0,HeatmapMatrix
FNDA:0,(anonymous_7)
FNDA:0,(anonymous_8)
FNDA:0,(anonymous_9)
FNDA:0,(anonymous_10)
FNDA:0,(anonymous_11)
FNDA:0,(anonymous_12)
DA:3,0
DA:4,0
DA:19,0
DA:20,0
DA:21,0
DA:22,0
DA:23,0
DA:24,0
DA:25,0
DA:26,0
DA:27,0
DA:28,0
DA:31,0
DA:33,0
DA:34,0
DA:37,0
DA:42,0
DA:43,0
DA:44,0
DA:47,0
DA:48,0
DA:49,0
DA:50,0
DA:53,0
DA:63,0
DA:65,0
DA:81,0
DA:82,0
DA:83,0
DA:85,0
DA:116,0
LF:31
LH:0
BRDA:20,0,0,0
BRDA:20,0,1,0
BRDA:21,1,0,0
BRDA:21,1,1,0
BRDA:22,2,0,0
BRDA:22,2,1,0
BRDA:23,3,0,0
BRDA:23,3,1,0
BRDA:24,4,0,0
BRDA:24,4,1,0
BRDA:25,5,0,0
BRDA:25,5,1,0
BRDA:26,6,0,0
BRDA:26,6,1,0
BRDA:27,7,0,0
BRDA:27,7,1,0
BRDA:33,8,0,0
BRDA:33,8,1,0
BRDA:33,9,0,0
BRDA:33,9,1,0
BRDA:48,10,0,0
BRDA:48,10,1,0
BRDA:49,11,0,0
BRDA:49,11,1,0
BRDA:53,12,0,0
BRDA:53,12,1,0
BRDA:67,13,0,0
BRDA:67,13,1,0
BRDA:81,14,0,0
BRDA:81,14,1,0
BRDA:82,15,0,0
BRDA:82,15,1,0
BRDA:93,16,0,0
BRDA:93,16,1,0
BRDA:100,17,0,0
BRDA:100,17,1,0
BRDA:102,18,0,0
BRDA:102,18,1,0
BRF:38
BRH:0
end_of_record
TN:
SF:app/components/LanguageDropdown.tsx
FN:6,LanguageDropdown
FN:11,(anonymous_2)
FN:14,(anonymous_3)
FNF:3
FNH:2
FNDA:16,LanguageDropdown
FNDA:64,(anonymous_2)
FNDA:0,(anonymous_3)
DA:3,2
DA:4,2
DA:6,16
DA:7,16
DA:12,64
DA:14,0
LF:6
LH:5
BRDA:17,0,0,16
BRDA:17,0,1,48
BRF:2
BRH:2
end_of_record
TN:
SF:app/components/LanguageSwitcher.tsx
FN:7,LanguageSwitcher
FN:12,(anonymous_2)
FN:13,handleClickOutside
FN:20,(anonymous_4)
FN:28,(anonymous_5)
FN:28,(anonymous_6)
FN:61,(anonymous_7)
FN:65,(anonymous_8)
FNF:8
FNH:0
FNDA:0,LanguageSwitcher
FNDA:0,(anonymous_2)
FNDA:0,handleClickOutside
FNDA:0,(anonymous_4)
FNDA:0,(anonymous_5)
FNDA:0,(anonymous_6)
FNDA:0,(anonymous_7)
FNDA:0,(anonymous_8)
DA:3,0
DA:4,0
DA:5,0
DA:7,0
DA:8,0
DA:9,0
DA:10,0
DA:12,0
DA:14,0
DA:15,0
DA:18,0
DA:19,0
DA:20,0
DA:28,0
DA:62,0
DA:66,0
DA:67,0
LF:17
LH:0
BRDA:14,0,0,0
BRDA:14,0,1,0
BRDA:14,1,0,0
BRDA:14,1,1,0
BRDA:18,2,0,0
BRDA:18,2,1,0
BRDA:33,3,0,0
BRDA:33,3,1,0
BRDA:41,4,0,0
BRDA:41,4,1,0
BRDA:52,5,0,0
BRDA:72,6,0,0
BRDA:72,6,1,0
BRDA:79,7,0,0
BRF:14
BRH:0
end_of_record
TN:
SF:app/components/LiquidationMap.tsx
FN:33,LiquidationMap
FN:43,(anonymous_2)
FN:50,(anonymous_3)
FN:60,(anonymous_4)
FN:73,(anonymous_5)
FN:125,(anonymous_6)
FNF:6
FNH:6
FNDA:8,LiquidationMap
FNDA:25,(anonymous_2)
FNDA:65,(anonymous_3)
FNDA:8,(anonymous_4)
FNDA:12,(anonymous_5)
FNDA:25,(anonymous_6)
DA:3,1
DA:4,1
DA:5,1
DA:6,1
DA:33,8
DA:39,8
DA:40,8
DA:41,8
DA:43,8
DA:44,25
DA:45,0
DA:46,0
DA:47,0
DA:50,8
DA:51,65
DA:52,65
DA:53,65
DA:54,20
DA:57,8
DA:60,8
DA:61,8
DA:62,5
DA:65,8
DA:74,12
DA:81,7
DA:126,25
DA:127,25
DA:128,25
DA:131,25
DA:132,25
DA:134,25
LF:31
LH:28
BRDA:40,0,0,8
BRDA:40,0,1,2
BRDA:44,1,0,25
BRDA:44,1,1,0
BRDA:45,2,0,0
BRDA:45,2,1,0
BRDA:46,3,0,0
BRDA:46,3,1,0
BRDA:51,4,0,0
BRDA:51,4,1,65
BRDA:52,5,0,0
BRDA:52,5,1,65
BRDA:53,6,0,45
BRDA:53,6,1,20
BRDA:57,7,0,8
BRDA:57,7,1,3
BRDA:61,8,0,3
BRDA:61,8,1,5
BRDA:61,9,0,8
BRDA:61,9,1,8
BRDA:65,10,0,1
BRDA:65,10,1,7
BRDA:81,11,0,2
BRDA:81,11,1,5
BRDA:107,12,0,5
BRDA:112,13,0,5
BRDA:112,13,1,0
BRDA:126,14,0,25
BRDA:126,14,1,0
BRDA:127,15,0,25
BRDA:127,15,1,0
BRDA:128,16,0,25
BRDA:128,16,1,0
BRDA:131,17,0,25
BRDA:131,17,1,0
BRDA:132,18,0,25
BRDA:132,18,1,0
BRDA:142,19,0,5
BRDA:142,19,1,20
BRDA:161,20,0,5
BRDA:161,20,1,20
BRDA:185,21,0,5
BRDA:185,21,1,0
BRDA:189,22,0,5
BRDA:189,22,1,0
BRDA:193,23,0,5
BRDA:193,23,1,0
BRF:47
BRH:31
end_of_record
TN:
SF:app/components/Logo.tsx
FN:10,Logo
FN:46,LogoIcon
FNF:2
FNH:2
FNDA:20,Logo
FNDA:7,LogoIcon
DA:3,3
DA:10,20
DA:11,20
DA:46,7
LF:4
LH:4
BRDA:10,0,0,1
BRDA:11,1,0,2
BRDA:11,1,1,18
BRF:3
BRH:3
end_of_record
TN:
SF:app/components/NewsletterPopup.tsx
FN:13,NewsletterPopup
FN:23,(anonymous_2)
FN:28,(anonymous_3)
FN:33,(anonymous_4)
FN:36,(anonymous_5)
FN:40,(anonymous_6)
FN:62,(anonymous_7)
FN:67,(anonymous_8)
FN:119,(anonymous_9)
FN:138,(anonymous_10)
FNF:10
FNH:0
FNDA:0,NewsletterPopup
FNDA:0,(anonymous_2)
FNDA:0,(anonymous_3)
FNDA:0,(anonymous_4)
FNDA:0,(anonymous_5)
FNDA:0,(anonymous_6)
FNDA:0,(anonymous_7)
FNDA:0,(anonymous_8)
FNDA:0,(anonymous_9)
FNDA:0,(anonymous_10)
DA:3,0
DA:4,0
DA:5,0
DA:6,0
DA:7,0
DA:8,0
DA:10,0
DA:11,0
DA:13,0
DA:14,0
DA:15,0
DA:16,0
DA:17,0
DA:18,0
DA:19,0
DA:20,0
DA:21,0
DA:23,0
DA:24,0
DA:25,0
DA:26,0
DA:28,0
DA:29,0
DA:30,0
DA:33,0
DA:36,0
DA:37,0
DA:40,0
DA:41,0
DA:42,0
DA:44,0
DA:45,0
DA:46,0
DA:48,0
DA:49,0
DA:50,0
DA:53,0
DA:54,0
DA:55,0
DA:61,0
DA:62,0
DA:63,0
DA:66,0
DA:67,0
DA:69,0
DA:71,0
DA:75,0
DA:119,0
DA:138,0
LF:49
LH:0
BRDA:11,0,0,0
BRDA:11,0,1,0
BRDA:24,1,0,0
BRDA:24,1,1,0
BRDA:25,2,0,0
BRDA:25,2,1,0
BRDA:26,3,0,0
BRDA:26,3,1,0
BRDA:44,4,0,0
BRDA:44,4,1,0
BRDA:48,5,0,0
BRDA:48,5,1,0
BRDA:61,6,0,0
BRDA:61,6,1,0
BRDA:63,7,0,0
BRDA:63,7,1,0
BRDA:69,8,0,0
BRDA:69,8,1,0
BRDA:75,9,0,0
BRDA:75,9,1,0
BRDA:94,10,0,0
BRDA:125,11,0,0
BRDA:149,12,0,0
BRF:23
BRH:0
end_of_record
TN:
SF:app/components/OITerminal.tsx
FN:33,OITerminal
FN:46,(anonymous_2)
FN:55,(anonymous_3)
FN:86,(anonymous_4)
FN:92,(anonymous_5)
FN:103,(anonymous_6)
FN:119,(anonymous_7)
FNF:7
FNH:7
FNDA:18,OITerminal
FNDA:21,(anonymous_2)
FNDA:33,(anonymous_3)
FNDA:15,(anonymous_4)
FNDA:86,(anonymous_5)
FNDA:15,(anonymous_6)
FNDA:15,(anonymous_7)
DA:3,2
DA:4,2
DA:5,2
DA:6,2
DA:27,2
DA:33,18
DA:34,18
DA:35,18
DA:47,21
DA:55,11
DA:56,33
DA:57,15
DA:58,15
DA:59,5
DA:60,2
DA:61,2
DA:62,1
DA:63,1
DA:65,10
DA:66,5
DA:67,3
DA:68,2
DA:69,2
DA:70,1
DA:72,5
DA:73,5
DA:74,3
DA:75,3
DA:76,3
DA:77,2
DA:79,0
DA:82,11
DA:83,11
DA:84,11
DA:86,11
DA:87,15
DA:88,7
DA:89,4
DA:92,11
DA:93,86
DA:94,38
DA:95,20
DA:98,11
DA:99,11
DA:100,11
DA:101,11
DA:103,11
DA:104,15
DA:105,15
DA:119,11
DA:120,15
DA:121,15
DA:122,14
LF:53
LH:52
BRDA:35,0,0,7
BRDA:35,0,1,11
BRDA:56,1,0,18
BRDA:56,1,1,15
BRDA:58,2,0,5
BRDA:58,2,1,10
BRDA:59,3,0,3
BRDA:59,3,1,2
BRDA:59,4,0,5
BRDA:59,4,1,2
BRDA:59,4,2,2
BRDA:59,4,3,2
BRDA:60,5,0,0
BRDA:60,5,1,2
BRDA:60,6,0,2
BRDA:60,6,1,2
BRDA:60,6,2,2
BRDA:60,6,3,2
BRDA:61,7,0,1
BRDA:61,7,1,1
BRDA:61,8,0,2
BRDA:61,8,1,2
BRDA:62,9,0,0
BRDA:62,9,1,1
BRDA:62,10,0,1
BRDA:62,10,1,1
BRDA:65,11,0,5
BRDA:65,11,1,5
BRDA:66,12,0,2
BRDA:66,12,1,3
BRDA:66,13,0,5
BRDA:66,13,1,3
BRDA:66,13,2,3
BRDA:66,13,3,3
BRDA:67,14,0,1
BRDA:67,14,1,2
BRDA:67,15,0,3
BRDA:67,15,1,2
BRDA:67,15,2,2
BRDA:67,15,3,2
BRDA:68,16,0,0
BRDA:68,16,1,2
BRDA:68,17,0,2
BRDA:68,17,1,2
BRDA:69,18,0,1
BRDA:69,18,1,1
BRDA:69,19,0,2
BRDA:69,19,1,2
BRDA:72,20,0,5
BRDA:72,20,1,0
BRDA:73,21,0,2
BRDA:73,21,1,3
BRDA:73,22,0,5
BRDA:73,22,1,3
BRDA:73,22,2,3
BRDA:73,22,3,3
BRDA:74,23,0,0
BRDA:74,23,1,3
BRDA:74,24,0,3
BRDA:74,24,1,3
BRDA:74,24,2,3
BRDA:75,25,0,0
BRDA:75,25,1,3
BRDA:75,26,0,3
BRDA:75,26,1,2
BRDA:76,27,0,1
BRDA:76,27,1,2
BRDA:76,28,0,3
BRDA:76,28,1,2
BRDA:87,29,0,8
BRDA:87,29,1,7
BRDA:88,30,0,3
BRDA:88,30,1,4
BRDA:93,31,0,48
BRDA:93,31,1,38
BRDA:94,32,0,18
BRDA:94,32,1,20
BRDA:98,33,0,11
BRDA:98,33,1,6
BRDA:99,34,0,11
BRDA:99,34,1,8
BRDA:100,35,0,11
BRDA:100,35,1,10
BRDA:101,36,0,11
BRDA:101,36,1,8
BRDA:105,37,0,8
BRDA:105,37,1,7
BRDA:105,38,0,3
BRDA:105,38,1,4
BRDA:120,39,0,0
BRDA:120,39,1,15
BRDA:120,40,0,15
BRDA:120,40,1,15
BRDA:121,41,0,1
BRDA:121,41,1,14
BRDA:122,42,0,10
BRDA:122,42,1,4
BRDA:133,43,0,7
BRDA:133,43,1,4
BRDA:143,44,0,5
BRDA:147,45,0,4
BRDA:147,45,1,1
BRDA:163,46,0,4
BRDA:163,46,1,1
BRDA:180,47,0,3
BRDA:180,47,1,2
BRDA:202,48,0,1
BRDA:202,48,1,4
BRDA:205,49,0,3
BRDA:205,49,1,2
BRDA:205,50,0,1
BRDA:205,50,1,1
BRDA:209,51,0,5
BRDA:217,52,0,1
BRDA:217,52,1,4
BRDA:218,53,0,1
BRDA:218,53,1,4
BRDA:219,54,0,1
BRDA:219,54,1,4
BRDA:221,55,0,4
BRDA:221,55,1,1
BRDA:230,56,0,5
BRDA:230,56,1,0
BRF:123
BRH:115
end_of_record
TN:
SF:app/components/OrderBook.tsx
FN:29,padLevels
FN:52,aggregateLevels
FN:60,(anonymous_6)
FN:63,(anonymous_7)
FN:73,(anonymous_8)
FN:74,(anonymous_9)
FN:77,(anonymous_10)
FN:83,OrderBook
FN:100,(anonymous_12)
FN:100,(anonymous_13)
FN:103,(anonymous_14)
FN:110,(anonymous_15)
FN:112,(anonymous_16)
FN:116,(anonymous_17)
FN:134,(anonymous_18)
FN:135,(anonymous_19)
FN:150,(anonymous_20)
FN:152,(anonymous_21)
FN:162,(anonymous_22)
FN:167,(anonymous_23)
FN:171,(anonymous_24)
FN:173,(anonymous_25)
FN:174,(anonymous_26)
FN:179,(anonymous_27)
FN:210,(anonymous_28)
FN:219,(anonymous_29)
FN:223,(anonymous_30)
FN:242,(anonymous_31)
FN:246,(anonymous_32)
FN:250,(anonymous_33)
FN:259,(anonymous_34)
FN:267,(anonymous_35)
FN:286,(anonymous_36)
FN:287,(anonymous_37)
FN:304,(anonymous_38)
FN:321,(anonymous_39)
FN:327,(anonymous_40)
FN:335,(anonymous_41)
FN:352,(anonymous_42)
FN:355,(anonymous_43)
FN:355,(anonymous_44)
FN:373,(anonymous_45)
FN:383,(anonymous_46)
FN:399,(anonymous_47)
FN:425,(anonymous_48)
FN:441,(anonymous_49)
FNF:46
FNH:39
FNDA:12,padLevels
FNDA:8,aggregateLevels
FNDA:0,(anonymous_6)
FNDA:16,(anonymous_7)
FNDA:4,(anonymous_8)
FNDA:4,(anonymous_9)
FNDA:16,(anonymous_10)
FNDA:17,OrderBook
FNDA:68,(anonymous_12)
FNDA:68,(anonymous_13)
FNDA:34,(anonymous_14)
FNDA:6,(anonymous_15)
FNDA:6,(anonymous_16)
FNDA:6,(anonymous_17)
FNDA:1,(anonymous_18)
FNDA:2,(anonymous_19)
FNDA:1,(anonymous_20)
FNDA:0,(anonymous_21)
FNDA:6,(anonymous_22)
FNDA:5,(anonymous_23)
FNDA:5,(anonymous_24)
FNDA:10,(anonymous_25)
FNDA:10,(anonymous_26)
FNDA:0,(anonymous_27)
FNDA:1,(anonymous_28)
FNDA:6,(anonymous_29)
FNDA:1,(anonymous_30)
FNDA:0,(anonymous_31)
FNDA:6,(anonymous_32)
FNDA:0,(anonymous_33)
FNDA:6,(anonymous_34)
FNDA:10,(anonymous_35)
FNDA:120,(anonymous_36)
FNDA:120,(anonymous_37)
FNDA:360,(anonymous_38)
FNDA:244,(anonymous_39)
FNDA:24,(anonymous_40)
FNDA:20,(anonymous_41)
FNDA:16,(anonymous_42)
FNDA:0,(anonymous_43)
FNDA:0,(anonymous_44)
FNDA:20,(anonymous_45)
FNDA:120,(anonymous_46)
FNDA:360,(anonymous_47)
FNDA:120,(anonymous_48)
FNDA:360,(anonymous_49)
DA:3,1
DA:4,1
DA:5,1
DA:6,1
DA:7,1
DA:24,1
DA:25,1
DA:26,1
DA:27,1
DA:29,4
DA:35,12
DA:36,12
DA:37,11
DA:38,232
DA:39,232
DA:42,232
DA:49,11
DA:59,8
DA:60,0
DA:62,8
DA:63,8
DA:64,16
DA:67,16
DA:69,8
DA:72,8
DA:73,4
DA:74,4
DA:76,8
DA:77,8
DA:78,16
DA:79,16
DA:83,6
DA:84,17
DA:85,17
DA:86,17
DA:87,17
DA:88,17
DA:89,17
DA:91,17
DA:93,17
DA:94,3
DA:95,0
DA:96,0
DA:97,0
DA:98,0
DA:100,68
DA:101,17
DA:102,17
DA:103,34
DA:106,17
DA:107,17
DA:108,17
DA:110,17
DA:111,6
DA:112,6
DA:116,17
DA:117,6
DA:119,6
DA:120,6
DA:121,6
DA:123,6
DA:124,6
DA:125,6
DA:126,6
DA:127,6
DA:128,6
DA:129,6
DA:130,6
DA:131,6
DA:132,6
DA:134,6
DA:135,1
DA:136,2
DA:137,1
DA:138,1
DA:139,1
DA:140,0
DA:142,1
DA:146,1
DA:147,1
DA:150,6
DA:151,1
DA:152,1
DA:153,0
DA:154,0
DA:158,0
DA:162,6
DA:163,6
DA:166,6
DA:168,5
DA:169,5
DA:172,5
DA:173,10
DA:174,10
DA:175,5
DA:178,5
DA:179,0
DA:182,5
DA:183,5
DA:184,0
DA:185,0
DA:186,0
DA:187,0
DA:188,0
DA:189,0
DA:190,0
DA:191,0
DA:196,5
DA:197,5
DA:199,5
DA:203,5
DA:206,0
DA:207,0
DA:211,1
DA:212,1
DA:213,1
DA:217,6
DA:219,6
DA:220,6
DA:223,6
DA:224,1
DA:225,1
DA:226,0
DA:227,0
DA:228,0
DA:231,1
DA:232,0
DA:233,0
DA:234,0
DA:237,1
DA:238,1
DA:239,1
DA:242,6
DA:243,0
DA:246,6
DA:247,6
DA:248,6
DA:249,6
DA:250,0
DA:251,0
DA:257,6
DA:259,6
DA:260,6
DA:261,6
DA:262,6
DA:263,6
DA:267,17
DA:268,10
DA:269,6
DA:272,4
DA:273,4
DA:275,4
DA:276,4
DA:277,4
DA:279,4
DA:280,4
DA:282,4
DA:283,4
DA:285,4
DA:286,120
DA:287,120
DA:291,4
DA:294,17
DA:296,17
DA:305,360
DA:312,5
DA:321,4
DA:322,244
DA:323,0
DA:324,0
DA:327,4
DA:328,24
DA:329,24
DA:330,24
DA:331,8
DA:332,4
DA:335,4
DA:336,20
DA:353,16
DA:355,0
DA:374,20
DA:384,120
DA:385,120
DA:400,360
DA:426,120
DA:427,120
DA:442,360
LF:187
LH:155
BRDA:36,0,0,1
BRDA:36,0,1,11
BRDA:39,1,0,116
BRDA:39,1,1,116
BRDA:40,2,0,116
BRDA:40,2,1,0
BRDA:41,3,0,116
BRDA:41,3,1,0
BRDA:45,4,0,232
BRDA:45,4,1,0
BRDA:59,5,0,0
BRDA:59,5,1,8
BRDA:64,6,0,8
BRDA:64,6,1,8
BRDA:67,7,0,16
BRDA:67,7,1,16
BRDA:72,8,0,4
BRDA:72,8,1,4
BRDA:79,9,0,8
BRDA:79,9,1,8
BRDA:83,10,0,17
BRDA:91,11,0,0
BRDA:91,11,1,17
BRDA:91,12,0,14
BRDA:91,12,1,3
BRDA:91,13,0,3
BRDA:91,13,1,0
BRDA:93,14,0,14
BRDA:93,14,1,3
BRDA:94,15,0,3
BRDA:94,15,1,0
BRDA:95,16,0,0
BRDA:95,16,1,0
BRDA:96,17,0,0
BRDA:96,17,1,0
BRDA:97,18,0,0
BRDA:97,18,1,0
BRDA:102,19,0,17
BRDA:102,19,1,0
BRDA:103,20,0,34
BRDA:103,20,1,0
BRDA:108,21,0,17
BRDA:108,21,1,17
BRDA:117,22,0,0
BRDA:117,22,1,6
BRDA:139,23,0,0
BRDA:139,23,1,1
BRDA:146,24,0,1
BRDA:146,24,1,0
BRDA:147,25,0,1
BRDA:147,25,1,0
BRDA:151,26,0,0
BRDA:151,26,1,1
BRDA:153,27,0,0
BRDA:153,27,1,0
BRDA:163,28,0,0
BRDA:163,28,1,6
BRDA:168,29,0,0
BRDA:168,29,1,5
BRDA:172,30,0,0
BRDA:172,30,1,5
BRDA:179,31,0,0
BRDA:179,31,1,0
BRDA:182,32,0,5
BRDA:182,32,1,0
BRDA:182,33,0,5
BRDA:182,33,1,0
BRDA:183,34,0,0
BRDA:183,34,1,5
BRDA:186,35,0,0
BRDA:186,35,1,0
BRDA:189,36,0,0
BRDA:189,36,1,0
BRDA:211,37,0,0
BRDA:211,37,1,1
BRDA:225,38,0,0
BRDA:225,38,1,1
BRDA:227,39,0,0
BRDA:227,39,1,0
BRDA:231,40,0,0
BRDA:231,40,1,1
BRDA:249,41,0,0
BRDA:249,41,1,6
BRDA:251,42,0,0
BRDA:251,42,1,0
BRDA:262,43,0,1
BRDA:262,43,1,5
BRDA:263,44,0,0
BRDA:263,44,1,6
BRDA:268,45,0,6
BRDA:268,45,1,4
BRDA:275,46,0,4
BRDA:275,46,1,0
BRDA:276,47,0,4
BRDA:276,47,1,0
BRDA:294,48,0,17
BRDA:294,48,1,15
BRDA:296,49,0,12
BRDA:296,49,1,5
BRDA:312,50,0,1
BRDA:312,50,1,4
BRDA:312,51,0,5
BRDA:312,51,1,4
BRDA:316,52,0,1
BRDA:316,52,1,0
BRDA:322,53,0,244
BRDA:322,53,1,0
BRDA:323,54,0,0
BRDA:323,54,1,0
BRDA:328,55,0,0
BRDA:328,55,1,24
BRDA:329,56,0,0
BRDA:329,56,1,24
BRDA:330,57,0,16
BRDA:330,57,1,8
BRDA:331,58,0,4
BRDA:331,58,1,4
BRDA:355,59,0,0
BRDA:355,59,1,0
BRDA:358,60,0,4
BRDA:358,60,1,12
BRDA:374,61,0,20
BRDA:374,61,1,4
BRDA:374,62,0,20
BRDA:374,62,1,4
BRDA:419,63,0,4
BRDA:419,63,1,0
BRF:127
BRH:73
end_of_record
TN:
SF:app/components/ProBlurOverlay.tsx
FN:14,ProBlurOverlay
FN:35,(anonymous_2)
FN:43,(anonymous_3)
FNF:3
FNH:1
FNDA:22,ProBlurOverlay
FNDA:0,(anonymous_2)
FNDA:0,(anonymous_3)
DA:3,1
DA:4,1
DA:5,1
DA:6,1
DA:14,22
DA:15,22
DA:16,22
DA:18,22
DA:35,0
DA:43,0
LF:10
LH:8
BRDA:18,0,0,0
BRDA:18,0,1,22
BRDA:29,1,0,22
BRDA:29,1,1,0
BRDA:30,2,0,22
BRDA:32,3,0,22
BRF:6
BRH:4
end_of_record
TN:
SF:app/components/ProtectedRoute.tsx
FN:7,ProtectedRoute
FN:11,(anonymous_2)
FNF:2
FNH:2
FNDA:3,ProtectedRoute
FNDA:3,(anonymous_2)
DA:3,1
DA:4,1
DA:5,1
DA:7,3
DA:8,3
DA:9,3
DA:11,3
DA:12,3
DA:13,1
DA:17,3
DA:25,2
DA:26,1
LF:12
LH:12
BRDA:12,0,0,1
BRDA:12,0,1,2
BRDA:12,1,0,3
BRDA:12,1,1,2
BRDA:17,2,0,1
BRDA:17,2,1,2
BRDA:25,3,0,1
BRDA:25,3,1,1
BRF:8
BRH:8
end_of_record
TN:
SF:app/components/RiskReturnBubbles.tsx
FN:38,(anonymous_2)
FN:48,(anonymous_3)
FN:61,RiskReturnBubbles
FN:63,(anonymous_5)
FN:112,(anonymous_6)
FN:124,(anonymous_7)
FNF:6
FNH:0
FNDA:0,(anonymous_2)
FNDA:0,(anonymous_3)
FNDA:0,RiskReturnBubbles
FNDA:0,(anonymous_5)
FNDA:0,(anonymous_6)
FNDA:0,(anonymous_7)
DA:3,0
DA:4,0
DA:5,0
DA:21,0
DA:29,0
DA:38,0
DA:39,0
DA:40,0
DA:45,0
DA:48,0
DA:49,0
DA:61,0
DA:62,0
DA:63,0
DA:64,0
DA:65,0
DA:67,0
DA:69,0
DA:113,0
DA:125,0
LF:20
LH:0
BRDA:39,0,0,0
BRDA:39,0,1,0
BRDA:39,1,0,0
BRDA:39,1,1,0
BRDA:39,1,2,0
BRDA:54,2,0,0
BRDA:54,2,1,0
BRDA:54,3,0,0
BRDA:54,3,1,0
BRDA:55,4,0,0
BRDA:55,4,1,0
BRDA:55,5,0,0
BRDA:55,5,1,0
BRDA:56,6,0,0
BRDA:56,6,1,0
BRDA:56,7,0,0
BRDA:56,7,1,0
BRDA:65,8,0,0
BRDA:65,8,1,0
BRDA:79,9,0,0
BRDA:79,9,1,0
BRDA:79,10,0,0
BRDA:79,10,1,0
BRDA:79,11,0,0
BRDA:79,11,1,0
BRDA:79,12,0,0
BRDA:79,12,1,0
BRF:27
BRH:0
end_of_record
TN:
SF:app/components/TacticalWheel.tsx
FN:18,TacticalWheel
FN:21,(anonymous_3)
FN:29,(anonymous_4)
FN:30,(anonymous_5)
FN:33,(anonymous_6)
FNF:5
FNH:0
FNDA:0,TacticalWheel
FNDA:0,(anonymous_3)
FNDA:0,(anonymous_4)
FNDA:0,(anonymous_5)
FNDA:0,(anonymous_6)
DA:3,0
DA:4,0
DA:18,0
DA:19,0
DA:20,0
DA:21,0
DA:22,0
DA:26,0
DA:27,0
DA:29,0
DA:30,0
DA:33,0
DA:34,0
DA:35,0
DA:38,0
DA:39,0
DA:41,0
DA:47,0
LF:18
LH:0
BRDA:29,0,0,0
BRDA:29,0,1,0
BRDA:30,1,0,0
BRDA:30,1,1,0
BRDA:47,2,0,0
BRDA:47,2,1,0
BRDA:76,3,0,0
BRDA:76,3,1,0
BRDA:84,4,0,0
BRDA:84,4,1,0
BRDA:109,5,0,0
BRDA:109,5,1,0
BRDA:110,6,0,0
BRDA:110,6,1,0
BRDA:115,7,0,0
BRDA:115,7,1,0
BRDA:116,8,0,0
BRDA:116,8,1,0
BRF:18
BRH:0
end_of_record
TN:
SF:app/components/ThemeToggle.tsx
FN:8,ThemeToggle
FN:13,(anonymous_2)
FN:26,(anonymous_3)
FNF:3
FNH:2
FNDA:17,ThemeToggle
FNDA:6,(anonymous_2)
FNDA:0,(anonymous_3)
DA:3,1
DA:4,1
DA:5,1
DA:6,1
DA:8,11
DA:9,17
DA:10,17
DA:13,17
DA:14,6
DA:17,17
DA:26,11
DA:27,0
LF:12
LH:11
BRDA:17,0,0,6
BRDA:17,0,1,11
BRDA:27,1,0,0
BRDA:27,1,1,0
BRF:4
BRH:2
end_of_record
TN:
SF:app/components/TradingViewChart.tsx
FN:22,TradingViewChart
FN:28,(anonymous_2)
FN:32,(anonymous_3)
FN:36,(anonymous_4)
FNF:4
FNH:4
FNDA:17,TradingViewChart
FNDA:10,(anonymous_2)
FNDA:12,(anonymous_3)
FNDA:12,(anonymous_4)
DA:3,2
DA:15,2
DA:22,17
DA:28,17
DA:29,10
DA:32,17
DA:33,12
DA:36,17
DA:37,12
DA:61,12
LF:10
LH:10
BRDA:24,0,0,0
BRDA:25,1,0,6
BRDA:33,2,0,12
BRDA:33,2,1,0
BRDA:43,3,0,6
BRDA:43,3,1,6
BRF:6
BRH:4
end_of_record
TN:
SF:app/components/UserMenu.tsx
FN:32,UserMenu
FN:39,(anonymous_3)
FN:40,handleClickOutside
FN:47,(anonymous_5)
FN:51,(anonymous_6)
FN:73,(anonymous_7)
FN:73,(anonymous_8)
FN:116,(anonymous_9)
FN:120,(anonymous_10)
FN:130,(anonymous_11)
FN:134,(anonymous_12)
FNF:11
FNH:2
FNDA:11,UserMenu
FNDA:6,(anonymous_3)
FNDA:0,handleClickOutside
FNDA:0,(anonymous_5)
FNDA:0,(anonymous_6)
FNDA:0,(anonymous_7)
FNDA:0,(anonymous_8)
FNDA:0,(anonymous_9)
FNDA:0,(anonymous_10)
FNDA:0,(anonymous_11)
FNDA:0,(anonymous_12)
DA:3,1
DA:4,1
DA:15,1
DA:16,1
DA:17,1
DA:18,1
DA:19,1
DA:20,1
DA:26,1
DA:32,11
DA:33,11
DA:34,11
DA:35,11
DA:36,11
DA:37,11
DA:39,11
DA:41,0
DA:42,0
DA:45,6
DA:46,0
DA:47,0
DA:51,11
DA:52,0
DA:53,0
DA:54,0
DA:55,0
DA:58,11
DA:67,0
DA:73,0
DA:116,0
DA:120,0
DA:130,0
DA:134,0
LF:33
LH:19
BRDA:41,0,0,0
BRDA:41,0,1,0
BRDA:41,1,0,0
BRDA:41,1,1,0
BRDA:45,2,0,0
BRDA:45,2,1,6
BRDA:58,3,0,11
BRDA:58,3,1,0
BRDA:67,4,0,0
BRDA:67,4,1,0
BRDA:78,5,0,0
BRDA:78,5,1,0
BRDA:80,6,0,0
BRDA:80,6,1,0
BRDA:84,7,0,0
BRDA:84,7,1,0
BRDA:87,8,0,0
BRDA:92,9,0,0
BRDA:92,9,1,0
BRDA:94,10,0,0
BRDA:94,10,1,0
BRDA:100,11,0,0
BRDA:100,11,1,0
BRDA:144,12,0,0
BRDA:144,12,1,0
BRF:25
BRH:2
end_of_record
TN:
SF:app/components/theme-provider.tsx
FN:6,ThemeProvider
FNF:1
FNH:0
FNDA:0,ThemeProvider
DA:3,0
DA:4,0
DA:6,0
LF:3
LH:0
BRF:0
BRH:0
end_of_record
TN:
SF:app/components/admin/AdminLayout.tsx
FN:13,AdminLayout
FNF:1
FNH:0
FNDA:0,AdminLayout
DA:3,0
DA:4,0
DA:5,0
DA:6,0
DA:7,0
DA:13,0
DA:14,0
LF:7
LH:0
BRDA:25,0,0,0
BRDA:25,0,1,0
BRF:2
BRH:0
end_of_record
TN:
SF:app/components/admin/Header.tsx
FN:8,Header
FN:12,(anonymous_5)
FN:22,(anonymous_6)
FNF:3
FNH:0
FNDA:0,Header
FNDA:0,(anonymous_5)
FNDA:0,(anonymous_6)
DA:3,0
DA:4,0
DA:5,0
DA:6,0
DA:8,0
DA:9,0
DA:10,0
DA:12,0
DA:13,0
DA:22,0
LF:10
LH:0
BRDA:22,0,0,0
BRDA:22,0,1,0
BRDA:26,1,0,0
BRF:3
BRH:0
end_of_record
TN:
SF:app/components/admin/Sidebar.tsx
FN:31,Sidebar
FN:54,(anonymous_6)
FN:64,(anonymous_7)
FN:110,(anonymous_8)
FN:118,(anonymous_9)
FN:158,(anonymous_10)
FN:179,(anonymous_11)
FNF:7
FNH:2
FNDA:17,Sidebar
FNDA:0,(anonymous_6)
FNDA:0,(anonymous_7)
FNDA:102,(anonymous_8)
FNDA:0,(anonymous_9)
FNDA:0,(anonymous_10)
FNDA:0,(anonymous_11)
DA:3,2
DA:4,2
DA:5,2
DA:6,2
DA:18,2
DA:19,2
DA:20,2
DA:21,2
DA:22,2
DA:23,2
DA:24,2
DA:31,17
DA:32,17
DA:33,17
DA:34,17
DA:35,17
DA:36,17
DA:38,17
DA:54,0
DA:64,0
DA:111,102
DA:112,102
DA:114,102
DA:118,0
DA:158,0
DA:180,0
DA:181,0
LF:27
LH:21
BRDA:45,0,0,0
BRDA:45,0,1,17
BRDA:61,1,0,17
BRDA:72,2,0,1
BRDA:72,2,1,16
BRDA:73,3,0,0
BRDA:73,3,1,17
BRDA:80,4,0,1
BRDA:80,4,1,16
BRDA:85,5,0,17
BRDA:96,6,0,17
BRDA:121,7,0,17
BRDA:121,7,1,85
BRDA:124,8,0,102
BRDA:124,8,1,6
BRDA:127,9,0,102
BRDA:127,9,1,17
BRDA:128,10,0,102
BRDA:131,11,0,96
BRDA:146,12,0,1
BRDA:146,12,1,16
BRDA:158,13,0,6
BRDA:161,14,0,6
BRDA:161,14,1,1
BRDA:164,15,0,6
BRDA:164,15,1,6
BRDA:164,16,0,6
BRDA:164,16,1,0
BRDA:166,17,0,6
BRDA:166,17,1,0
BRDA:169,18,0,6
BRDA:171,19,0,5
BRDA:171,19,1,0
BRDA:172,20,0,5
BRDA:172,20,1,0
BRDA:185,21,0,11
BRDA:185,21,1,0
BRDA:193,22,0,11
BRF:38
BRH:31
end_of_record
TN:
SF:app/components/crypto/CryptoChart.tsx
FN:38,calculateYAxisDomain
FN:49,(anonymous_2)
FN:86,(anonymous_3)
FN:87,(anonymous_4)
FN:87,(anonymous_5)
FN:88,(anonymous_6)
FN:88,(anonymous_7)
FN:93,(anonymous_8)
FN:94,(anonymous_9)
FN:96,(anonymous_10)
FN:98,(anonymous_11)
FN:104,(anonymous_12)
FN:148,(anonymous_13)
FN:182,(anonymous_14)
FN:203,(anonymous_15)
FN:209,(anonymous_16)
FN:211,(anonymous_17)
FNF:17
FNH:0
FNDA:0,calculateYAxisDomain
FNDA:0,(anonymous_2)
FNDA:0,(anonymous_3)
FNDA:0,(anonymous_4)
FNDA:0,(anonymous_5)
FNDA:0,(anonymous_6)
FNDA:0,(anonymous_7)
FNDA:0,(anonymous_8)
FNDA:0,(anonymous_9)
FNDA:0,(anonymous_10)
FNDA:0,(anonymous_11)
FNDA:0,(anonymous_12)
FNDA:0,(anonymous_13)
FNDA:0,(anonymous_14)
FNDA:0,(anonymous_15)
FNDA:0,(anonymous_16)
FNDA:0,(anonymous_17)
DA:3,0
DA:4,0
DA:5,0
DA:6,0
DA:7,0
DA:8,0
DA:9,0
DA:32,0
DA:39,0
DA:40,0
DA:42,0
DA:43,0
DA:44,0
DA:45,0
DA:46,0
DA:49,0
DA:50,0
DA:51,0
DA:52,0
DA:83,0
DA:86,0
DA:87,0
DA:88,0
DA:90,0
DA:91,0
DA:93,0
DA:94,0
DA:96,0
DA:97,0
DA:98,0
DA:99,0
DA:104,0
DA:105,0
DA:108,0
DA:109,0
DA:111,0
DA:148,0
DA:182,0
DA:203,0
DA:204,0
DA:205,0
DA:209,0
DA:210,0
DA:211,0
DA:212,0
DA:215,0
LF:46
LH:0
BRDA:39,0,0,0
BRDA:39,0,1,0
BRDA:51,1,0,0
BRDA:51,1,1,0
BRDA:51,2,0,0
BRDA:51,2,1,0
BRDA:51,2,2,0
BRDA:71,3,0,0
BRDA:71,3,1,0
BRDA:86,4,0,0
BRDA:97,5,0,0
BRDA:97,5,1,0
BRDA:97,6,0,0
BRDA:97,6,1,0
BRDA:99,7,0,0
BRDA:99,7,1,0
BRDA:108,8,0,0
BRDA:108,8,1,0
BRDA:109,9,0,0
BRDA:109,9,1,0
BRDA:148,10,0,0
BRDA:148,10,1,0
BRDA:153,11,0,0
BRDA:153,11,1,0
BRDA:154,12,0,0
BRDA:154,12,1,0
BRDA:164,13,0,0
BRDA:164,13,1,0
BRDA:166,14,0,0
BRDA:206,15,0,0
BRDA:206,15,1,0
BRDA:206,16,0,0
BRDA:206,16,1,0
BRF:33
BRH:0
end_of_record
TN:
SF:app/components/dashboard/CVDChart.tsx
FN:16,CVDChart
FN:29,(anonymous_3)
FNF:2
FNH:0
FNDA:0,CVDChart
FNDA:0,(anonymous_3)
DA:3,0
DA:4,0
DA:16,0
DA:17,0
DA:18,0
DA:19,0
DA:20,0
DA:23,0
DA:24,0
DA:25,0
DA:26,0
DA:27,0
DA:29,0
DA:30,0
DA:31,0
DA:32,0
DA:35,0
LF:17
LH:0
BRDA:19,0,0,0
BRDA:19,0,1,0
BRDA:43,1,0,0
BRDA:43,1,1,0
BRDA:47,2,0,0
BRDA:47,2,1,0
BRDA:55,3,0,0
BRDA:55,3,1,0
BRDA:68,4,0,0
BRDA:68,4,1,0
BRDA:70,5,0,0
BRDA:70,5,1,0
BRDA:79,6,0,0
BRDA:79,6,1,0
BRDA:80,7,0,0
BRDA:80,7,1,0
BRDA:87,8,0,0
BRDA:87,8,1,0
BRDA:148,9,0,0
BRDA:148,9,1,0
BRDA:150,10,0,0
BRDA:150,10,1,0
BRF:22
BRH:0
end_of_record
TN:
SF:app/components/dashboard/ClusterMap.tsx
FN:21,ClusterMap
FN:23,(anonymous_3)
FN:28,(anonymous_4)
FN:31,(anonymous_5)
FN:77,(anonymous_6)
FNF:5
FNH:0
FNDA:0,ClusterMap
FNDA:0,(anonymous_3)
FNDA:0,(anonymous_4)
FNDA:0,(anonymous_5)
FNDA:0,(anonymous_6)
DA:3,0
DA:4,0
DA:5,0
DA:21,0
DA:22,0
DA:23,0
DA:24,0
DA:27,0
DA:28,0
DA:31,0
DA:32,0
DA:33,0
DA:35,0
DA:36,0
DA:39,0
DA:40,0
DA:44,0
DA:78,0
DA:79,0
DA:80,0
DA:81,0
DA:82,0
DA:84,0
LF:23
LH:0
BRDA:24,0,0,0
BRDA:24,0,1,0
BRDA:35,1,0,0
BRDA:35,1,1,0
BRDA:36,2,0,0
BRDA:36,2,1,0
BRDA:39,3,0,0
BRDA:39,3,1,0
BRDA:40,4,0,0
BRDA:40,4,1,0
BRDA:44,5,0,0
BRDA:44,5,1,0
BRDA:87,6,0,0
BRDA:87,6,1,0
BRDA:91,7,0,0
BRDA:91,7,1,0
BRDA:92,8,0,0
BRDA:92,8,1,0
BRDA:98,9,0,0
BRDA:98,9,1,0
BRDA:98,10,0,0
BRDA:98,10,1,0
BRDA:102,11,0,0
BRDA:140,12,0,0
BRDA:140,12,1,0
BRDA:142,13,0,0
BRDA:142,13,1,0
BRF:27
BRH:0
end_of_record
TN:
SF:app/components/dashboard/CryptoChart.tsx
FN:31,CryptoChart
FN:35,(anonymous_2)
FN:37,(anonymous_3)
FN:75,(anonymous_4)
FN:112,(anonymous_5)
FN:118,(anonymous_6)
FN:118,(anonymous_7)
FN:121,(anonymous_8)
FN:122,(anonymous_9)
FN:190,(anonymous_10)
FN:200,(anonymous_11)
FN:223,(anonymous_12)
FNF:12
FNH:0
FNDA:0,CryptoChart
FNDA:0,(anonymous_2)
FNDA:0,(anonymous_3)
FNDA:0,(anonymous_4)
FNDA:0,(anonymous_5)
FNDA:0,(anonymous_6)
FNDA:0,(anonymous_7)
FNDA:0,(anonymous_8)
FNDA:0,(anonymous_9)
FNDA:0,(anonymous_10)
FNDA:0,(anonymous_11)
FNDA:0,(anonymous_12)
DA:3,0
DA:14,0
DA:31,0
DA:32,0
DA:33,0
DA:35,0
DA:37,0
DA:38,0
DA:39,0
DA:40,0
DA:42,0
DA:43,0
DA:44,0
DA:46,0
DA:47,0
DA:48,0
DA:49,0
DA:50,0
DA:51,0
DA:52,0
DA:54,0
DA:56,0
DA:66,0
DA:69,0
DA:72,0
DA:75,0
DA:76,0
DA:77,0
DA:108,0
DA:112,0
DA:113,0
DA:114,0
DA:115,0
DA:118,0
DA:119,0
DA:121,0
DA:122,0
DA:123,0
DA:126,0
DA:127,0
DA:128,0
DA:129,0
DA:131,0
DA:132,0
DA:159,0
DA:190,0
DA:200,0
DA:224,0
LF:48
LH:0
BRDA:76,0,0,0
BRDA:76,0,1,0
BRDA:76,1,0,0
BRDA:76,1,1,0
BRDA:76,1,2,0
BRDA:96,2,0,0
BRDA:96,2,1,0
BRDA:115,3,0,0
BRDA:115,3,1,0
BRDA:132,4,0,0
BRDA:132,4,1,0
BRDA:159,5,0,0
BRDA:159,5,1,0
BRDA:226,6,0,0
BRDA:226,6,1,0
BRF:15
BRH:0
end_of_record
TN:
SF:app/components/dashboard/LevelsPanel.tsx
FN:30,LevelsPanel
FN:41,(anonymous_3)
FN:42,(anonymous_4)
FN:48,(anonymous_5)
FN:91,(anonymous_6)
FN:143,(anonymous_7)
FNF:6
FNH:0
FNDA:0,LevelsPanel
FNDA:0,(anonymous_3)
FNDA:0,(anonymous_4)
FNDA:0,(anonymous_5)
FNDA:0,(anonymous_6)
FNDA:0,(anonymous_7)
DA:3,0
DA:4,0
DA:5,0
DA:30,0
DA:31,0
DA:32,0
DA:33,0
DA:34,0
DA:37,0
DA:41,0
DA:42,0
DA:44,0
DA:45,0
DA:46,0
DA:48,0
DA:49,0
DA:92,0
DA:144,0
LF:18
LH:0
BRDA:66,0,0,0
BRDA:66,0,1,0
BRDA:68,1,0,0
BRDA:68,1,1,0
BRDA:97,2,0,0
BRDA:97,2,1,0
BRDA:99,3,0,0
BRDA:99,3,1,0
BRDA:149,4,0,0
BRDA:149,4,1,0
BRDA:151,5,0,0
BRDA:151,5,1,0
BRDA:171,6,0,0
BRDA:171,6,1,0
BRDA:173,7,0,0
BRDA:173,7,1,0
BRDA:183,8,0,0
BRDA:183,8,1,0
BRDA:185,9,0,0
BRDA:185,9,1,0
BRDA:195,10,0,0
BRDA:195,10,1,0
BRDA:196,11,0,0
BRDA:196,11,1,0
BRDA:201,12,0,0
BRDA:212,13,0,0
BRDA:212,13,1,0
BRDA:214,14,0,0
BRDA:214,14,1,0
BRDA:221,15,0,0
BRDA:221,15,1,0
BRDA:222,16,0,0
BRDA:222,16,1,0
BRDA:224,17,0,0
BRDA:224,17,1,0
BRDA:225,18,0,0
BRDA:225,18,1,0
BRDA:226,19,0,0
BRDA:226,19,1,0
BRF:39
BRH:0
end_of_record
TN:
SF:app/components/dashboard/MarketDepth.tsx
FN:17,MarketDepth
FN:22,(anonymous_2)
FN:30,(anonymous_3)
FN:35,(anonymous_4)
FN:78,(anonymous_5)
FN:95,(anonymous_6)
FNF:6
FNH:0
FNDA:0,MarketDepth
FNDA:0,(anonymous_2)
FNDA:0,(anonymous_3)
FNDA:0,(anonymous_4)
FNDA:0,(anonymous_5)
FNDA:0,(anonymous_6)
DA:3,0
DA:17,0
DA:18,0
DA:20,0
DA:22,0
DA:30,0
DA:31,0
DA:36,0
DA:43,0
DA:79,0
DA:96,0
LF:11
LH:0
BRDA:18,0,0,0
BRDA:18,0,1,0
BRDA:31,1,0,0
BRDA:31,1,1,0
BRDA:31,2,0,0
BRDA:31,2,1,0
BRDA:31,2,2,0
BRDA:81,3,0,0
BRDA:81,3,1,0
BRDA:82,4,0,0
BRDA:82,4,1,0
BRDA:98,5,0,0
BRDA:98,5,1,0
BRDA:99,6,0,0
BRDA:99,6,1,0
BRF:15
BRH:0
end_of_record
TN:
SF:app/components/dashboard/OIPanel.tsx
FN:22,OIPanel
FN:27,(anonymous_3)
FN:34,(anonymous_4)
FN:40,(anonymous_5)
FNF:4
FNH:0
FNDA:0,OIPanel
FNDA:0,(anonymous_3)
FNDA:0,(anonymous_4)
FNDA:0,(anonymous_5)
DA:3,0
DA:4,0
DA:22,0
DA:23,0
DA:24,0
DA:25,0
DA:27,0
DA:28,0
DA:29,0
DA:30,0
DA:31,0
DA:34,0
DA:35,0
DA:36,0
DA:37,0
DA:40,0
DA:41,0
DA:42,0
DA:43,0
LF:19
LH:0
BRDA:28,0,0,0
BRDA:28,0,1,0
BRDA:29,1,0,0
BRDA:29,1,1,0
BRDA:30,2,0,0
BRDA:30,2,1,0
BRDA:35,3,0,0
BRDA:35,3,1,0
BRDA:36,4,0,0
BRDA:36,4,1,0
BRDA:41,5,0,0
BRDA:41,5,1,0
BRDA:42,6,0,0
BRDA:42,6,1,0
BRDA:56,7,0,0
BRDA:56,7,1,0
BRDA:76,8,0,0
BRDA:76,8,1,0
BRDA:79,9,0,0
BRDA:83,10,0,0
BRDA:83,10,1,0
BRDA:97,11,0,0
BRDA:97,11,1,0
BRDA:100,12,0,0
BRDA:104,13,0,0
BRDA:104,13,1,0
BRDA:125,14,0,0
BRDA:125,14,1,0
BRDA:127,15,0,0
BRDA:127,15,1,0
BRF:30
BRH:0
end_of_record
TN:
SF:app/components/landing/LandingCTA.tsx
FN:8,LandingCTA
FNF:1
FNH:0
FNDA:0,LandingCTA
DA:3,0
DA:4,0
DA:5,0
DA:6,0
DA:8,0
DA:9,0
LF:6
LH:0
BRF:0
BRH:0
end_of_record
TN:
SF:app/components/landing/LandingFAQ.tsx
FN:20,LandingFAQ
FN:36,(anonymous_3)
FNF:2
FNH:0
FNDA:0,LandingFAQ
FNDA:0,(anonymous_3)
DA:3,0
DA:9,0
DA:10,0
DA:12,0
DA:20,0
DA:21,0
DA:37,0
LF:7
LH:0
BRF:0
BRH:0
end_of_record
TN:
SF:app/components/landing/LandingFeatures.tsx
FN:30,LandingFeatures
FN:54,(anonymous_2)
FN:78,(anonymous_3)
FNF:3
FNH:0
FNDA:0,LandingFeatures
FNDA:0,(anonymous_2)
FNDA:0,(anonymous_3)
DA:12,0
DA:13,0
DA:14,0
DA:16,0
DA:23,0
DA:30,0
DA:31,0
DA:55,0
DA:79,0
LF:9
LH:0
BRF:0
BRH:0
end_of_record
TN:
SF:app/components/landing/LandingHero.tsx
FN:8,LandingHero
FN:67,(anonymous_3)
FNF:2
FNH:0
FNDA:0,LandingHero
FNDA:0,(anonymous_3)
DA:3,0
DA:4,0
DA:5,0
DA:6,0
DA:8,0
DA:9,0
DA:68,0
LF:7
LH:0
BRF:0
BRH:0
end_of_record
TN:
SF:app/components/landing/LandingHowItWorks.tsx
FN:14,LandingHowItWorks
FN:30,(anonymous_2)
FNF:2
FNH:0
FNDA:0,LandingHowItWorks
FNDA:0,(anonymous_2)
DA:3,0
DA:4,0
DA:5,0
DA:7,0
DA:14,0
DA:15,0
DA:31,0
LF:7
LH:0
BRF:0
BRH:0
end_of_record
TN:
SF:app/components/landing/LandingNavbar.tsx
FN:19,LandingNavbar
FN:32,(anonymous_3)
FN:65,(anonymous_4)
FN:69,(anonymous_5)
FN:77,(anonymous_6)
FN:82,(anonymous_7)
FNF:6
FNH:0
FNDA:0,LandingNavbar
FNDA:0,(anonymous_3)
FNDA:0,(anonymous_4)
FNDA:0,(anonymous_5)
FNDA:0,(anonymous_6)
FNDA:0,(anonymous_7)
DA:3,0
DA:4,0
DA:5,0
DA:6,0
DA:7,0
DA:8,0
DA:9,0
DA:10,0
DA:12,0
DA:19,0
DA:20,0
DA:21,0
DA:33,0
DA:66,0
DA:69,0
DA:77,0
DA:82,0
LF:17
LH:0
BRF:0
BRH:0
end_of_record
TN:
SF:app/components/landing/LandingPricing.tsx
FN:17,LandingPricing
FN:40,(anonymous_3)
FN:75,(anonymous_4)
FNF:3
FNH:0
FNDA:0,LandingPricing
FNDA:0,(anonymous_3)
FNDA:0,(anonymous_4)
DA:3,0
DA:4,0
DA:5,0
DA:6,0
DA:14,0
DA:15,0
DA:17,0
DA:18,0
DA:20,0
DA:41,0
DA:76,0
LF:11
LH:0
BRDA:44,0,0,0
BRDA:44,0,1,0
BRDA:52,1,0,0
BRDA:52,1,1,0
BRDA:66,2,0,0
BRDA:66,2,1,0
BRF:6
BRH:0
end_of_record
TN:
SF:app/components/landing/LandingStats.tsx
FN:5,LandingStats
FN:19,(anonymous_2)
FNF:2
FNH:0
FNDA:0,LandingStats
FNDA:0,(anonymous_2)
DA:3,0
DA:5,0
DA:6,0
DA:8,0
DA:20,0
LF:5
LH:0
BRF:0
BRH:0
end_of_record
TN:
SF:app/components/landing/ScrollToTop.tsx
FN:7,ScrollToTop
FN:10,(anonymous_2)
FN:11,(anonymous_3)
FN:15,(anonymous_4)
FN:18,(anonymous_5)
FNF:5
FNH:0
FNDA:0,ScrollToTop
FNDA:0,(anonymous_2)
FNDA:0,(anonymous_3)
FNDA:0,(anonymous_4)
FNDA:0,(anonymous_5)
DA:3,0
DA:4,0
DA:5,0
DA:7,0
DA:8,0
DA:10,0
DA:11,0
DA:12,0
DA:14,0
DA:15,0
DA:18,0
DA:19,0
DA:22,0
LF:13
LH:0
BRDA:22,0,0,0
BRDA:22,0,1,0
BRF:2
BRH:0
end_of_record
TN:
SF:app/contact/page.tsx
FN:23,ContactPage
FNF:1
FNH:0
FNDA:0,ContactPage
DA:2,0
DA:3,0
DA:4,0
DA:5,0
DA:7,0
DA:23,0
LF:6
LH:0
BRF:0
BRH:0
end_of_record
TN:
SF:app/context/AuthContext.tsx
FN:50,(anonymous_3)
FN:52,AuthProvider
FN:58,(anonymous_5)
FN:59,(anonymous_6)
FN:84,(anonymous_7)
FN:86,(anonymous_8)
FN:90,(anonymous_9)
FN:93,(anonymous_10)
FN:108,(anonymous_11)
FN:123,(anonymous_12)
FN:133,(anonymous_13)
FN:149,(anonymous_14)
FN:164,(anonymous_15)
FN:176,(anonymous_16)
FN:186,(anonymous_17)
FN:201,(anonymous_18)
FN:216,(anonymous_19)
FN:230,(anonymous_20)
FN:242,(anonymous_21)
FN:257,(anonymous_22)
FN:258,(anonymous_23)
FN:269,(anonymous_24)
FN:285,useAuth
FNF:23
FNH:16
FNDA:15,(anonymous_3)
FNDA:21,AuthProvider
FNDA:8,(anonymous_5)
FNDA:8,(anonymous_6)
FNDA:15,(anonymous_7)
FNDA:0,(anonymous_8)
FNDA:6,(anonymous_9)
FNDA:1,(anonymous_10)
FNDA:1,(anonymous_11)
FNDA:1,(anonymous_12)
FNDA:2,(anonymous_13)
FNDA:1,(anonymous_14)
FNDA:1,(anonymous_15)
FNDA:0,(anonymous_16)
FNDA:0,(anonymous_17)
FNDA:0,(anonymous_18)
FNDA:0,(anonymous_19)
FNDA:0,(anonymous_20)
FNDA:0,(anonymous_21)
FNDA:8,(anonymous_22)
FNDA:2,(anonymous_23)
FNDA:8,(anonymous_24)
FNDA:21,useAuth
DA:3,1
DA:46,1
DA:48,1
DA:50,15
DA:52,8
DA:53,21
DA:54,21
DA:56,21
DA:58,21
DA:59,8
DA:60,8
DA:61,8
DA:65,8
DA:66,2
DA:67,2
DA:68,6
DA:69,0
DA:70,0
DA:71,0
DA:73,0
DA:79,8
DA:81,8
DA:84,21
DA:85,15
DA:86,6
DA:87,0
DA:88,0
DA:90,6
DA:93,21
DA:94,1
DA:100,1
DA:101,0
DA:102,0
DA:104,1
DA:105,1
DA:108,21
DA:109,1
DA:115,1
DA:116,0
DA:117,0
DA:119,1
DA:120,1
DA:123,21
DA:124,1
DA:125,1
DA:130,1
DA:133,21
DA:134,2
DA:135,2
DA:136,2
DA:137,0
DA:139,2
DA:140,2
DA:141,2
DA:142,2
DA:143,2
DA:144,2
DA:145,2
DA:149,21
DA:150,1
DA:156,1
DA:157,0
DA:158,0
DA:160,1
DA:161,1
DA:164,21
DA:165,1
DA:166,1
DA:171,1
DA:172,1
DA:173,0
DA:176,21
DA:177,0
DA:178,0
DA:182,0
DA:186,21
DA:187,0
DA:188,0
DA:194,0
DA:195,0
DA:196,0
DA:198,0
DA:201,21
DA:202,0
DA:203,0
DA:209,0
DA:210,0
DA:211,0
DA:213,0
DA:216,21
DA:217,0
DA:218,0
DA:224,0
DA:225,0
DA:226,0
DA:230,21
DA:231,0
DA:232,0
DA:236,0
DA:237,0
DA:238,0
DA:242,21
DA:243,0
DA:244,0
DA:250,0
DA:251,0
DA:252,0
DA:254,0
DA:257,21
DA:258,8
DA:259,2
DA:260,1
DA:261,1
DA:262,1
DA:264,1
DA:265,0
DA:268,8
DA:269,8
DA:285,21
DA:286,21
DA:287,21
DA:288,21
LF:122
LH:76
BRDA:65,0,0,2
BRDA:65,0,1,6
BRDA:68,1,0,0
BRDA:68,1,1,6
BRDA:70,2,0,0
BRDA:70,2,1,0
BRDA:85,3,0,9
BRDA:85,3,1,6
BRDA:88,4,0,0
BRDA:88,4,1,0
BRDA:100,5,0,0
BRDA:100,5,1,1
BRDA:102,6,0,0
BRDA:102,6,1,0
BRDA:115,7,0,0
BRDA:115,7,1,1
BRDA:117,8,0,0
BRDA:117,8,1,0
BRDA:136,9,0,0
BRDA:136,9,1,2
BRDA:137,10,0,0
BRDA:137,10,1,0
BRDA:139,11,0,2
BRDA:139,11,1,0
BRDA:141,12,0,2
BRDA:141,12,1,0
BRDA:156,13,0,0
BRDA:156,13,1,1
BRDA:158,14,0,0
BRDA:158,14,1,0
BRDA:171,15,0,0
BRDA:171,15,1,1
BRDA:182,16,0,0
BRDA:182,16,1,0
BRDA:187,17,0,0
BRDA:187,17,1,0
BRDA:194,18,0,0
BRDA:194,18,1,0
BRDA:196,19,0,0
BRDA:196,19,1,0
BRDA:202,20,0,0
BRDA:202,20,1,0
BRDA:209,21,0,0
BRDA:209,21,1,0
BRDA:211,22,0,0
BRDA:211,22,1,0
BRDA:217,23,0,0
BRDA:217,23,1,0
BRDA:224,24,0,0
BRDA:224,24,1,0
BRDA:226,25,0,0
BRDA:226,25,1,0
BRDA:231,26,0,0
BRDA:231,26,1,0
BRDA:236,27,0,0
BRDA:236,27,1,0
BRDA:238,28,0,0
BRDA:238,28,1,0
BRDA:243,29,0,0
BRDA:243,29,1,0
BRDA:250,30,0,0
BRDA:250,30,1,0
BRDA:252,31,0,0
BRDA:252,31,1,0
BRDA:259,32,0,1
BRDA:259,32,1,1
BRDA:260,33,0,1
BRDA:260,33,1,0
BRDA:264,34,0,0
BRDA:264,34,1,1
BRDA:287,35,0,0
BRDA:287,35,1,21
BRF:72
BRH:17
end_of_record
TN:
SF:app/context/LanguageContext.tsx
FN:42,loadTranslations
FN:55,detectBrowserLanguage
FN:64,getCookieLanguage
FN:71,getInitialLanguage
FN:82,(anonymous_7)
FN:83,(anonymous_8)
FN:90,LanguageProvider
FN:94,(anonymous_10)
FN:95,(anonymous_11)
FN:107,(anonymous_12)
FN:118,(anonymous_13)
FN:135,useLanguage
FNF:12
FNH:0
FNDA:0,loadTranslations
FNDA:0,detectBrowserLanguage
FNDA:0,getCookieLanguage
FNDA:0,getInitialLanguage
FNDA:0,(anonymous_7)
FNDA:0,(anonymous_8)
FNDA:0,LanguageProvider
FNDA:0,(anonymous_10)
FNDA:0,(anonymous_11)
FNDA:0,(anonymous_12)
FNDA:0,(anonymous_13)
FNDA:0,useLanguage
DA:3,0
DA:7,0
DA:9,0
DA:11,0
DA:18,0
DA:35,0
DA:43,0
DA:44,0
DA:45,0
DA:46,0
DA:47,0
DA:48,0
DA:50,0
DA:51,0
DA:56,0
DA:57,0
DA:58,0
DA:59,0
DA:60,0
DA:61,0
DA:65,0
DA:66,0
DA:67,0
DA:68,0
DA:72,0
DA:73,0
DA:74,0
DA:75,0
DA:76,0
DA:77,0
DA:80,0
DA:83,0
DA:90,0
DA:91,0
DA:92,0
DA:94,0
DA:95,0
DA:96,0
DA:97,0
DA:98,0
DA:99,0
DA:100,0
DA:101,0
DA:104,0
DA:107,0
DA:108,0
DA:109,0
DA:110,0
DA:111,0
DA:112,0
DA:113,0
DA:117,0
DA:119,0
DA:120,0
DA:121,0
DA:135,0
DA:136,0
LF:57
LH:0
BRDA:43,0,0,0
BRDA:43,0,1,0
BRDA:46,1,0,0
BRDA:46,1,1,0
BRDA:56,2,0,0
BRDA:56,2,1,0
BRDA:57,3,0,0
BRDA:57,3,1,0
BRDA:58,4,0,0
BRDA:58,4,1,0
BRDA:59,5,0,0
BRDA:59,5,1,0
BRDA:60,6,0,0
BRDA:60,6,1,0
BRDA:65,7,0,0
BRDA:65,7,1,0
BRDA:67,8,0,0
BRDA:67,8,1,0
BRDA:68,9,0,0
BRDA:68,9,1,0
BRDA:68,10,0,0
BRDA:68,10,1,0
BRDA:72,11,0,0
BRDA:72,11,1,0
BRDA:74,12,0,0
BRDA:74,12,1,0
BRDA:76,13,0,0
BRDA:76,13,1,0
BRDA:76,14,0,0
BRDA:76,14,1,0
BRDA:100,15,0,0
BRDA:100,15,1,0
BRDA:101,16,0,0
BRDA:101,16,1,0
BRDA:110,17,0,0
BRDA:110,17,1,0
BRDA:113,18,0,0
BRDA:113,18,1,0
BRDA:120,19,0,0
BRDA:120,19,1,0
BRDA:121,20,0,0
BRDA:121,20,1,0
BRF:42
BRH:0
end_of_record
TN:
SF:app/dashboard/page.tsx
FN:15,DashboardPage
FN:23,DashboardContent
FN:33,(anonymous_3)
FN:44,(anonymous_4)
FN:100,(anonymous_5)
FN:100,(anonymous_6)
FN:118,(anonymous_7)
FN:118,(anonymous_8)
FN:140,(anonymous_9)
FN:140,(anonymous_10)
FN:154,(anonymous_11)
FNF:11
FNH:0
FNDA:0,DashboardPage
FNDA:0,DashboardContent
FNDA:0,(anonymous_3)
FNDA:0,(anonymous_4)
FNDA:0,(anonymous_5)
FNDA:0,(anonymous_6)
FNDA:0,(anonymous_7)
FNDA:0,(anonymous_8)
FNDA:0,(anonymous_9)
FNDA:0,(anonymous_10)
FNDA:0,(anonymous_11)
DA:3,0
DA:4,0
DA:5,0
DA:6,0
DA:7,0
DA:8,0
DA:9,0
DA:10,0
DA:11,0
DA:12,0
DA:13,0
DA:15,0
DA:24,0
DA:25,0
DA:26,0
DA:27,0
DA:33,0
DA:34,0
DA:35,0
DA:44,0
DA:100,0
DA:118,0
DA:140,0
DA:155,0
LF:24
LH:0
BRDA:63,0,0,0
BRDA:63,0,1,0
BRDA:67,1,0,0
BRDA:67,1,1,0
BRDA:74,2,0,0
BRDA:74,2,1,0
BRDA:78,3,0,0
BRDA:78,3,1,0
BRDA:154,4,0,0
BRF:9
BRH:0
end_of_record
TN:
SF:app/etf/EtfClient.tsx
FN:64,formatUSD
FN:72,CustomTooltip
FN:77,(anonymous_4)
FN:88,EtfPage
FN:95,(anonymous_6)
FN:96,(anonymous_7)
FN:121,(anonymous_8)
FN:128,(anonymous_9)
FN:183,(anonymous_10)
FN:186,(anonymous_11)
FN:206,(anonymous_12)
FN:239,(anonymous_13)
FN:245,(anonymous_14)
FN:299,(anonymous_15)
FN:369,(anonymous_16)
FN:370,(anonymous_17)
FN:407,(anonymous_18)
FN:424,MetricCard
FNF:18
FNH:0
FNDA:0,formatUSD
FNDA:0,CustomTooltip
FNDA:0,(anonymous_4)
FNDA:0,EtfPage
FNDA:0,(anonymous_6)
FNDA:0,(anonymous_7)
FNDA:0,(anonymous_8)
FNDA:0,(anonymous_9)
FNDA:0,(anonymous_10)
FNDA:0,(anonymous_11)
FNDA:0,(anonymous_12)
FNDA:0,(anonymous_13)
FNDA:0,(anonymous_14)
FNDA:0,(anonymous_15)
FNDA:0,(anonymous_16)
FNDA:0,(anonymous_17)
FNDA:0,(anonymous_18)
FNDA:0,MetricCard
DA:3,0
DA:4,0
DA:5,0
DA:6,0
DA:7,0
DA:8,0
DA:9,0
DA:10,0
DA:11,0
DA:23,0
DA:25,0
DA:65,0
DA:66,0
DA:67,0
DA:68,0
DA:69,0
DA:73,0
DA:78,0
DA:85,0
DA:88,0
DA:89,0
DA:90,0
DA:91,0
DA:92,0
DA:93,0
DA:95,0
DA:96,0
DA:97,0
DA:98,0
DA:102,0
DA:103,0
DA:104,0
DA:105,0
DA:106,0
DA:108,0
DA:110,0
DA:113,0
DA:116,0
DA:117,0
DA:118,0
DA:119,0
DA:121,0
DA:128,0
DA:183,0
DA:186,0
DA:206,0
DA:239,0
DA:245,0
DA:300,0
DA:369,0
DA:371,0
DA:407,0
LF:52
LH:0
BRDA:66,0,0,0
BRDA:66,0,1,0
BRDA:67,1,0,0
BRDA:67,1,1,0
BRDA:68,2,0,0
BRDA:68,2,1,0
BRDA:73,3,0,0
BRDA:73,3,1,0
BRDA:73,4,0,0
BRDA:73,4,1,0
BRDA:73,4,2,0
BRDA:79,5,0,0
BRDA:79,5,1,0
BRDA:102,6,0,0
BRDA:102,6,1,0
BRDA:102,7,0,0
BRDA:102,7,1,0
BRDA:117,8,0,0
BRDA:117,8,1,0
BRDA:118,9,0,0
BRDA:118,9,1,0
BRDA:119,10,0,0
BRDA:119,10,1,0
BRDA:153,11,0,0
BRDA:162,12,0,0
BRDA:162,12,1,0
BRDA:162,13,0,0
BRDA:162,13,1,0
BRDA:163,14,0,0
BRDA:163,14,1,0
BRDA:163,15,0,0
BRDA:163,15,1,0
BRDA:169,16,0,0
BRDA:169,16,1,0
BRDA:169,17,0,0
BRDA:169,17,1,0
BRDA:170,18,0,0
BRDA:170,18,1,0
BRDA:170,19,0,0
BRDA:170,19,1,0
BRDA:171,20,0,0
BRDA:171,20,1,0
BRDA:172,21,0,0
BRDA:172,21,1,0
BRDA:176,22,0,0
BRDA:176,22,1,0
BRDA:176,23,0,0
BRDA:176,23,1,0
BRDA:177,24,0,0
BRDA:177,24,1,0
BRDA:177,25,0,0
BRDA:177,25,1,0
BRDA:183,26,0,0
BRDA:183,26,1,0
BRDA:183,27,0,0
BRDA:183,27,1,0
BRDA:184,28,0,0
BRDA:184,28,1,0
BRDA:184,29,0,0
BRDA:184,29,1,0
BRDA:186,30,0,0
BRDA:186,30,1,0
BRDA:198,31,0,0
BRDA:228,32,0,0
BRDA:292,33,0,0
BRDA:292,33,1,0
BRDA:309,34,0,0
BRDA:309,34,1,0
BRDA:317,35,0,0
BRDA:317,35,1,0
BRDA:322,36,0,0
BRDA:322,36,1,0
BRDA:328,37,0,0
BRDA:328,37,1,0
BRDA:344,38,0,0
BRDA:344,38,1,0
BRDA:361,39,0,0
BRDA:361,39,1,0
BRDA:377,40,0,0
BRDA:377,40,1,0
BRDA:382,41,0,0
BRDA:382,41,1,0
BRDA:385,42,0,0
BRDA:385,42,1,0
BRDA:388,43,0,0
BRDA:388,43,1,0
BRDA:388,44,0,0
BRDA:388,44,1,0
BRDA:389,45,0,0
BRDA:389,45,1,0
BRDA:396,46,0,0
BRDA:396,46,1,0
BRDA:401,47,0,0
BRDA:401,47,1,0
BRDA:407,48,0,0
BRDA:407,48,1,0
BRDA:407,49,0,0
BRDA:407,49,1,0
BRDA:440,50,0,0
BRDA:440,50,1,0
BRDA:441,51,0,0
BRDA:441,51,1,0
BRDA:442,52,0,0
BRDA:442,52,1,0
BRDA:448,53,0,0
BRDA:448,53,1,0
BRDA:449,54,0,0
BRDA:449,54,1,0
BRDA:450,55,0,0
BRDA:450,55,1,0
BRDA:455,56,0,0
BRF:111
BRH:0
end_of_record
TN:
SF:app/etf/page.tsx
FN:25,EtfPage
FNF:1
FNH:0
FNDA:0,EtfPage
DA:2,0
DA:4,0
DA:25,0
DA:26,0
LF:4
LH:0
BRF:0
BRH:0
end_of_record
TN:
SF:app/faq/page.tsx
FN:65,FaqPage
FN:81,(anonymous_5)
FNF:2
FNH:0
FNDA:0,FaqPage
FNDA:0,(anonymous_5)
DA:2,0
DA:3,0
DA:4,0
DA:6,0
DA:22,0
DA:65,0
DA:82,0
LF:7
LH:0
BRF:0
BRH:0
end_of_record
TN:
SF:app/heatmap/HeatmapClient.tsx
FN:49,getColor
FN:56,computeLayout
FN:59,(anonymous_4)
FN:61,(anonymous_5)
FN:62,(anonymous_6)
FN:70,(anonymous_7)
FN:79,HeatmapClient
FN:90,(anonymous_9)
FN:106,(anonymous_10)
FN:109,(anonymous_11)
FN:112,(anonymous_12)
FN:114,(anonymous_13)
FN:117,(anonymous_14)
FN:125,(anonymous_15)
FN:126,(anonymous_16)
FN:129,(anonymous_17)
FN:147,(anonymous_18)
FN:150,(anonymous_19)
FN:167,(anonymous_20)
FN:170,(anonymous_21)
FN:187,(anonymous_22)
FN:226,(anonymous_23)
FN:243,(anonymous_24)
FN:251,(anonymous_25)
FN:273,SectorTreemap
FN:289,(anonymous_27)
FN:293,(anonymous_28)
FN:314,(anonymous_29)
FN:329,(anonymous_30)
FN:330,(anonymous_31)
FN:331,(anonymous_32)
FNF:31
FNH:0
FNDA:0,getColor
FNDA:0,computeLayout
FNDA:0,(anonymous_4)
FNDA:0,(anonymous_5)
FNDA:0,(anonymous_6)
FNDA:0,(anonymous_7)
FNDA:0,HeatmapClient
FNDA:0,(anonymous_9)
FNDA:0,(anonymous_10)
FNDA:0,(anonymous_11)
FNDA:0,(anonymous_12)
FNDA:0,(anonymous_13)
FNDA:0,(anonymous_14)
FNDA:0,(anonymous_15)
FNDA:0,(anonymous_16)
FNDA:0,(anonymous_17)
FNDA:0,(anonymous_18)
FNDA:0,(anonymous_19)
FNDA:0,(anonymous_20)
FNDA:0,(anonymous_21)
FNDA:0,(anonymous_22)
FNDA:0,(anonymous_23)
FNDA:0,(anonymous_24)
FNDA:0,(anonymous_25)
FNDA:0,SectorTreemap
FNDA:0,(anonymous_27)
FNDA:0,(anonymous_28)
FNDA:0,(anonymous_29)
FNDA:0,(anonymous_30)
FNDA:0,(anonymous_31)
FNDA:0,(anonymous_32)
DA:3,0
DA:4,0
DA:5,0
DA:6,0
DA:7,0
DA:8,0
DA:9,0
DA:11,0
DA:13,0
DA:20,0
DA:50,0
DA:51,0
DA:52,0
DA:53,0
DA:57,0
DA:58,0
DA:59,0
DA:61,0
DA:62,0
DA:64,0
DA:70,0
DA:79,0
DA:80,0
DA:81,0
DA:82,0
DA:83,0
DA:84,0
DA:85,0
DA:86,0
DA:87,0
DA:88,0
DA:90,0
DA:91,0
DA:92,0
DA:93,0
DA:94,0
DA:95,0
DA:96,0
DA:97,0
DA:98,0
DA:100,0
DA:102,0
DA:106,0
DA:107,0
DA:108,0
DA:109,0
DA:112,0
DA:113,0
DA:114,0
DA:117,0
DA:118,0
DA:119,0
DA:120,0
DA:121,0
DA:122,0
DA:124,0
DA:125,0
DA:126,0
DA:129,0
DA:131,0
DA:148,0
DA:150,0
DA:167,0
DA:171,0
DA:187,0
DA:226,0
DA:244,0
DA:251,0
DA:288,0
DA:289,0
DA:290,0
DA:293,0
DA:315,0
DA:316,0
DA:317,0
DA:319,0
DA:320,0
DA:321,0
DA:322,0
DA:324,0
DA:329,0
DA:330,0
DA:331,0
LF:83
LH:0
BRDA:50,0,0,0
BRDA:50,0,1,0
BRDA:51,1,0,0
BRDA:51,1,1,0
BRDA:52,2,0,0
BRDA:52,2,1,0
BRDA:57,3,0,0
BRDA:57,3,1,0
BRDA:57,4,0,0
BRDA:57,4,1,0
BRDA:57,4,2,0
BRDA:59,5,0,0
BRDA:59,5,1,0
BRDA:61,6,0,0
BRDA:61,6,1,0
BRDA:62,7,0,0
BRDA:62,7,1,0
BRDA:62,8,0,0
BRDA:62,8,1,0
BRDA:96,9,0,0
BRDA:96,9,1,0
BRDA:98,10,0,0
BRDA:98,10,1,0
BRDA:113,11,0,0
BRDA:113,11,1,0
BRDA:120,12,0,0
BRDA:120,12,1,0
BRDA:121,13,0,0
BRDA:121,13,1,0
BRDA:129,14,0,0
BRDA:129,14,1,0
BRDA:136,15,0,0
BRDA:136,15,1,0
BRDA:153,16,0,0
BRDA:153,16,1,0
BRDA:206,17,0,0
BRDA:212,18,0,0
BRDA:212,18,1,0
BRDA:218,19,0,0
BRDA:218,19,1,0
BRDA:218,19,2,0
BRDA:224,20,0,0
BRDA:234,21,0,0
BRDA:257,22,0,0
BRDA:260,23,0,0
BRDA:260,23,1,0
BRDA:261,24,0,0
BRDA:261,24,1,0
BRDA:262,25,0,0
BRDA:262,25,1,0
BRDA:263,26,0,0
BRDA:263,26,1,0
BRDA:263,27,0,0
BRDA:263,27,1,0
BRDA:290,28,0,0
BRDA:290,28,1,0
BRDA:300,29,0,0
BRDA:300,29,1,0
BRDA:309,30,0,0
BRDA:315,31,0,0
BRDA:315,31,1,0
BRDA:317,32,0,0
BRDA:317,32,1,0
BRDA:317,33,0,0
BRDA:317,33,1,0
BRDA:333,34,0,0
BRDA:345,35,0,0
BRDA:345,35,1,0
BRF:68
BRH:0
end_of_record
TN:
SF:app/heatmap/page.tsx
FN:27,getHeatmapData
FN:41,HeatmapPage
FNF:2
FNH:0
FNDA:0,getHeatmapData
FNDA:0,HeatmapPage
DA:2,0
DA:4,0
DA:25,0
DA:28,0
DA:29,0
DA:33,0
DA:34,0
DA:35,0
DA:37,0
DA:41,0
DA:42,0
LF:11
LH:0
BRDA:33,0,0,0
BRDA:33,0,1,0
BRDA:35,1,0,0
BRDA:35,1,1,0
BRF:4
BRH:0
end_of_record
TN:
SF:app/help/HelpClient.tsx
FN:7,HelpPage
FNF:1
FNH:0
FNDA:0,HelpPage
DA:3,0
DA:4,0
DA:5,0
DA:7,0
LF:4
LH:0
BRF:0
BRH:0
end_of_record
TN:
SF:app/help/page.tsx
FN:25,HelpPage
FNF:1
FNH:0
FNDA:0,HelpPage
DA:2,0
DA:4,0
DA:25,0
DA:26,0
LF:4
LH:0
BRF:0
BRH:0
end_of_record
TN:
SF:app/learn/page.tsx
FN:66,LearnPage
FN:89,(anonymous_5)
FNF:2
FNH:0
FNDA:0,LearnPage
FNDA:0,(anonymous_5)
DA:2,0
DA:3,0
DA:4,0
DA:5,0
DA:7,0
DA:23,0
DA:66,0
DA:90,0
LF:8
LH:0
BRF:0
BRH:0
end_of_record
TN:
SF:app/learn/bitcoin-etf-flows/page.tsx
FN:13,ArticlePage
FNF:1
FNH:0
FNDA:0,ArticlePage
DA:2,0
DA:4,0
DA:13,0
LF:3
LH:0
BRF:0
BRH:0
end_of_record
TN:
SF:app/learn/btc-spx-correlation/page.tsx
FN:13,ArticlePage
FNF:1
FNH:0
FNDA:0,ArticlePage
DA:2,0
DA:4,0
DA:13,0
LF:3
LH:0
BRF:0
BRH:0
end_of_record
TN:
SF:app/learn/components/ArticleClient.tsx
FN:26,ArticleClient
FN:31,(anonymous_3)
FN:34,(anonymous_4)
FN:35,(anonymous_5)
FN:39,(anonymous_6)
FN:78,(anonymous_7)
FNF:6
FNH:0
FNDA:0,ArticleClient
FNDA:0,(anonymous_3)
FNDA:0,(anonymous_4)
FNDA:0,(anonymous_5)
FNDA:0,(anonymous_6)
FNDA:0,(anonymous_7)
DA:3,0
DA:4,0
DA:5,0
DA:6,0
DA:7,0
DA:26,0
DA:27,0
DA:28,0
DA:29,0
DA:31,0
DA:32,0
DA:33,0
DA:34,0
DA:36,0
DA:37,0
DA:40,0
DA:41,0
DA:45,0
DA:53,0
DA:79,0
LF:20
LH:0
BRDA:36,0,0,0
BRDA:36,0,1,0
BRDA:45,1,0,0
BRDA:45,1,1,0
BRDA:53,2,0,0
BRDA:53,2,1,0
BRF:6
BRH:0
end_of_record
TN:
SF:app/learn/market-regimes/page.tsx
FN:13,ArticlePage
FNF:1
FNH:0
FNDA:0,ArticlePage
DA:2,0
DA:4,0
DA:13,0
LF:3
LH:0
BRF:0
BRH:0
end_of_record
TN:
SF:app/learn/on-chain-metrics/page.tsx
FN:13,ArticlePage
FNF:1
FNH:0
FNDA:0,ArticlePage
DA:2,0
DA:4,0
DA:13,0
LF:3
LH:0
BRF:0
BRH:0
end_of_record
TN:
SF:app/learn/open-interest-trading/page.tsx
FN:13,ArticlePage
FNF:1
FNH:0
FNDA:0,ArticlePage
DA:2,0
DA:4,0
DA:13,0
LF:3
LH:0
BRF:0
BRH:0
end_of_record
TN:
SF:app/learn/vix-and-crypto/page.tsx
FN:13,ArticlePage
FNF:1
FNH:0
FNDA:0,ArticlePage
DA:2,0
DA:4,0
DA:13,0
LF:3
LH:0
BRF:0
BRH:0
end_of_record
TN:
SF:app/learn/what-is-mvrv/page.tsx
FN:13,ArticlePage
FNF:1
FNH:0
FNDA:0,ArticlePage
DA:2,0
DA:4,0
DA:13,0
LF:3
LH:0
BRF:0
BRH:0
end_of_record
TN:
SF:app/learn/yield-curve-explained/page.tsx
FN:13,ArticlePage
FNF:1
FNH:0
FNDA:0,ArticlePage
DA:2,0
DA:4,0
DA:13,0
LF:3
LH:0
BRF:0
BRH:0
end_of_record
TN:
SF:app/lib/api.ts
FNF:0
FNH:0
DA:5,4
DA:6,90
LF:2
LH:2
BRDA:5,0,0,4
BRDA:5,0,1,4
BRF:2
BRH:2
end_of_record
TN:
SF:app/lib/market-utils.ts
FN:4,(anonymous_6)
FN:35,(anonymous_7)
FN:68,(anonymous_8)
FN:106,(anonymous_9)
FN:142,(anonymous_10)
FNF:5
FNH:5
FNDA:16,(anonymous_6)
FNDA:15,(anonymous_7)
FNDA:16,(anonymous_8)
FNDA:22,(anonymous_9)
FNDA:11,(anonymous_10)
DA:4,16
DA:5,16
DA:11,16
DA:12,16
DA:14,16
DA:15,2
DA:21,14
DA:22,1
DA:28,13
DA:35,15
DA:36,15
DA:37,15
DA:38,15
DA:40,15
DA:41,4
DA:47,11
DA:48,9
DA:54,2
DA:55,1
DA:61,1
DA:68,16
DA:69,16
DA:71,16
DA:72,1
DA:78,15
DA:79,1
DA:85,14
DA:86,1
DA:92,13
DA:93,1
DA:99,12
DA:106,22
DA:107,22
DA:108,14
DA:114,8
DA:115,0
DA:121,8
DA:122,0
DA:128,8
DA:129,0
DA:135,8
DA:142,11
DA:143,11
DA:145,11
DA:146,0
DA:152,11
DA:153,3
DA:159,8
DA:160,0
DA:166,8
DA:167,0
DA:173,8
LF:52
LH:46
BRDA:11,0,0,16
BRDA:11,0,1,0
BRDA:12,1,0,1
BRDA:12,1,1,15
BRDA:12,2,0,15
BRDA:12,2,1,0
BRDA:12,3,0,0
BRDA:12,3,1,0
BRDA:14,4,0,2
BRDA:14,4,1,14
BRDA:18,5,0,0
BRDA:18,5,1,2
BRDA:18,6,0,0
BRDA:18,6,1,2
BRDA:21,7,0,1
BRDA:21,7,1,13
BRDA:25,8,0,0
BRDA:25,8,1,1
BRDA:25,9,0,0
BRDA:25,9,1,1
BRDA:31,10,0,1
BRDA:31,10,1,12
BRDA:31,11,0,0
BRDA:31,11,1,12
BRDA:38,12,0,0
BRDA:38,12,1,15
BRDA:38,13,0,15
BRDA:38,13,1,0
BRDA:38,14,0,0
BRDA:38,14,1,0
BRDA:40,15,0,4
BRDA:40,15,1,11
BRDA:40,16,0,15
BRDA:40,16,1,5
BRDA:44,17,0,0
BRDA:44,17,1,4
BRDA:44,18,0,0
BRDA:44,18,1,4
BRDA:47,19,0,9
BRDA:47,19,1,2
BRDA:47,20,0,11
BRDA:47,20,1,10
BRDA:51,21,0,0
BRDA:51,21,1,9
BRDA:51,22,0,0
BRDA:51,22,1,9
BRDA:54,23,0,1
BRDA:54,23,1,1
BRDA:54,24,0,2
BRDA:54,24,1,1
BRDA:58,25,0,0
BRDA:58,25,1,1
BRDA:58,26,0,0
BRDA:58,26,1,1
BRDA:64,27,0,0
BRDA:64,27,1,1
BRDA:64,28,0,0
BRDA:64,28,1,1
BRDA:69,29,0,0
BRDA:69,29,1,16
BRDA:69,30,0,16
BRDA:69,30,1,0
BRDA:69,31,0,0
BRDA:69,31,1,0
BRDA:71,32,0,1
BRDA:71,32,1,15
BRDA:75,33,0,0
BRDA:75,33,1,1
BRDA:75,34,0,0
BRDA:75,34,1,1
BRDA:78,35,0,1
BRDA:78,35,1,14
BRDA:82,36,0,0
BRDA:82,36,1,1
BRDA:82,37,0,0
BRDA:82,37,1,1
BRDA:85,38,0,1
BRDA:85,38,1,13
BRDA:89,39,0,0
BRDA:89,39,1,1
BRDA:89,40,0,0
BRDA:89,40,1,1
BRDA:92,41,0,1
BRDA:92,41,1,12
BRDA:96,42,0,0
BRDA:96,42,1,1
BRDA:96,43,0,0
BRDA:96,43,1,1
BRDA:107,44,0,14
BRDA:107,44,1,8
BRDA:114,45,0,0
BRDA:114,45,1,8
BRDA:121,46,0,0
BRDA:121,46,1,8
BRDA:128,47,0,0
BRDA:128,47,1,8
BRDA:143,48,0,0
BRDA:143,48,1,11
BRDA:143,49,0,11
BRDA:143,49,1,0
BRDA:143,50,0,0
BRDA:143,50,1,0
BRDA:145,51,0,0
BRDA:145,51,1,11
BRDA:152,52,0,3
BRDA:152,52,1,8
BRDA:159,53,0,0
BRDA:159,53,1,8
BRDA:166,54,0,0
BRDA:166,54,1,8
BRF:110
BRH:67
end_of_record
TN:
SF:app/macro/MacroClient.tsx
FN:41,MacroClient
FN:51,(anonymous_3)
FN:70,(anonymous_4)
FN:78,(anonymous_5)
FN:82,(anonymous_6)
FN:93,(anonymous_7)
FN:102,(anonymous_8)
FN:109,(anonymous_9)
FN:245,(anonymous_10)
FN:246,(anonymous_11)
FN:247,(anonymous_12)
FN:313,(anonymous_13)
FN:315,(anonymous_14)
FNF:13
FNH:0
FNDA:0,MacroClient
FNDA:0,(anonymous_3)
FNDA:0,(anonymous_4)
FNDA:0,(anonymous_5)
FNDA:0,(anonymous_6)
FNDA:0,(anonymous_7)
FNDA:0,(anonymous_8)
FNDA:0,(anonymous_9)
FNDA:0,(anonymous_10)
FNDA:0,(anonymous_11)
FNDA:0,(anonymous_12)
FNDA:0,(anonymous_13)
FNDA:0,(anonymous_14)
DA:3,0
DA:4,0
DA:5,0
DA:6,0
DA:19,0
DA:20,0
DA:21,0
DA:22,0
DA:24,0
DA:41,0
DA:42,0
DA:43,0
DA:44,0
DA:45,0
DA:46,0
DA:47,0
DA:48,0
DA:49,0
DA:51,0
DA:52,0
DA:53,0
DA:59,0
DA:60,0
DA:61,0
DA:62,0
DA:64,0
DA:66,0
DA:70,0
DA:71,0
DA:74,0
DA:75,0
DA:78,0
DA:79,0
DA:80,0
DA:81,0
DA:82,0
DA:89,0
DA:90,0
DA:93,0
DA:99,0
DA:102,0
DA:109,0
DA:110,0
DA:111,0
DA:112,0
DA:113,0
DA:114,0
DA:245,0
DA:246,0
DA:247,0
DA:313,0
DA:315,0
LF:52
LH:0
BRDA:49,0,0,0
BRDA:49,0,1,0
BRDA:59,1,0,0
BRDA:59,1,1,0
BRDA:60,2,0,0
BRDA:60,2,1,0
BRDA:61,3,0,0
BRDA:61,3,1,0
BRDA:62,4,0,0
BRDA:62,4,1,0
BRDA:75,5,0,0
BRDA:75,5,1,0
BRDA:79,6,0,0
BRDA:79,6,1,0
BRDA:80,7,0,0
BRDA:80,7,1,0
BRDA:96,8,0,0
BRDA:96,8,1,0
BRDA:104,9,0,0
BRDA:104,9,1,0
BRDA:105,10,0,0
BRDA:105,10,1,0
BRDA:106,11,0,0
BRDA:106,11,1,0
BRDA:110,12,0,0
BRDA:110,12,1,0
BRDA:112,13,0,0
BRDA:112,13,1,0
BRDA:113,14,0,0
BRDA:113,14,1,0
BRDA:120,15,0,0
BRDA:120,15,1,0
BRDA:133,16,0,0
BRDA:143,17,0,0
BRDA:143,17,1,0
BRDA:154,18,0,0
BRDA:154,18,1,0
BRDA:165,19,0,0
BRDA:165,19,1,0
BRDA:174,20,0,0
BRDA:174,20,1,0
BRDA:188,21,0,0
BRDA:188,21,1,0
BRDA:191,22,0,0
BRDA:191,22,1,0
BRDA:191,23,0,0
BRDA:191,23,1,0
BRDA:193,24,0,0
BRDA:193,24,1,0
BRDA:193,25,0,0
BRDA:193,25,1,0
BRDA:205,26,0,0
BRDA:205,26,1,0
BRDA:208,27,0,0
BRDA:208,27,1,0
BRDA:208,28,0,0
BRDA:208,28,1,0
BRDA:210,29,0,0
BRDA:210,29,1,0
BRDA:210,30,0,0
BRDA:210,30,1,0
BRDA:221,31,0,0
BRDA:221,31,1,0
BRDA:221,32,0,0
BRDA:221,32,1,0
BRDA:222,33,0,0
BRDA:222,33,1,0
BRDA:225,34,0,0
BRDA:225,34,1,0
BRDA:225,35,0,0
BRDA:225,35,1,0
BRDA:227,36,0,0
BRDA:227,36,1,0
BRDA:227,37,0,0
BRDA:227,37,1,0
BRDA:242,38,0,0
BRDA:300,39,0,0
BRF:77
BRH:0
end_of_record
TN:
SF:app/macro/page.tsx
FN:25,MacroPage
FNF:1
FNH:0
FNDA:0,MacroPage
DA:2,0
DA:4,0
DA:25,0
LF:3
LH:0
BRF:0
BRH:0
end_of_record
TN:
SF:app/portfolio/PortfolioClient.tsx
FN:132,PortfolioClient
FN:139,(anonymous_3)
FN:188,(anonymous_4)
FN:201,(anonymous_5)
FN:211,(anonymous_6)
FN:220,(anonymous_7)
FN:234,(anonymous_8)
FN:244,(anonymous_9)
FN:254,(anonymous_10)
FN:263,(anonymous_11)
FN:281,(anonymous_12)
FN:305,(anonymous_13)
FN:312,(anonymous_14)
FN:339,(anonymous_15)
FN:350,(anonymous_16)
FN:362,(anonymous_17)
FN:364,(anonymous_18)
FN:365,(anonymous_19)
FN:381,(anonymous_20)
FN:381,(anonymous_21)
FN:392,(anonymous_22)
FN:413,(anonymous_23)
FN:430,(anonymous_24)
FN:469,(anonymous_25)
FN:475,(anonymous_26)
FN:486,(anonymous_27)
FN:495,(anonymous_28)
FN:541,(anonymous_29)
FN:550,(anonymous_30)
FN:589,(anonymous_31)
FN:592,(anonymous_32)
FN:631,(anonymous_33)
FN:639,(anonymous_34)
FN:648,(anonymous_35)
FN:691,(anonymous_36)
FN:763,(anonymous_37)
FN:765,(anonymous_38)
FN:769,(anonymous_39)
FN:781,(anonymous_40)
FN:817,(anonymous_41)
FN:818,(anonymous_42)
FN:833,(anonymous_43)
FN:834,(anonymous_44)
FN:853,(anonymous_45)
FN:859,(anonymous_46)
FN:881,(anonymous_47)
FN:893,(anonymous_48)
FN:904,(anonymous_49)
FN:920,(anonymous_50)
FN:971,(anonymous_51)
FN:972,(anonymous_52)
FN:981,(anonymous_53)
FN:1037,(anonymous_54)
FN:1045,(anonymous_55)
FN:1053,(anonymous_56)
FN:1056,(anonymous_57)
FN:1065,(anonymous_58)
FN:1067,(anonymous_59)
FNF:58
FNH:0
FNDA:0,PortfolioClient
FNDA:0,(anonymous_3)
FNDA:0,(anonymous_4)
FNDA:0,(anonymous_5)
FNDA:0,(anonymous_6)
FNDA:0,(anonymous_7)
FNDA:0,(anonymous_8)
FNDA:0,(anonymous_9)
FNDA:0,(anonymous_10)
FNDA:0,(anonymous_11)
FNDA:0,(anonymous_12)
FNDA:0,(anonymous_13)
FNDA:0,(anonymous_14)
FNDA:0,(anonymous_15)
FNDA:0,(anonymous_16)
FNDA:0,(anonymous_17)
FNDA:0,(anonymous_18)
FNDA:0,(anonymous_19)
FNDA:0,(anonymous_20)
FNDA:0,(anonymous_21)
FNDA:0,(anonymous_22)
FNDA:0,(anonymous_23)
FNDA:0,(anonymous_24)
FNDA:0,(anonymous_25)
FNDA:0,(anonymous_26)
FNDA:0,(anonymous_27)
FNDA:0,(anonymous_28)
FNDA:0,(anonymous_29)
FNDA:0,(anonymous_30)
FNDA:0,(anonymous_31)
FNDA:0,(anonymous_32)
FNDA:0,(anonymous_33)
FNDA:0,(anonymous_34)
FNDA:0,(anonymous_35)
FNDA:0,(anonymous_36)
FNDA:0,(anonymous_37)
FNDA:0,(anonymous_38)
FNDA:0,(anonymous_39)
FNDA:0,(anonymous_40)
FNDA:0,(anonymous_41)
FNDA:0,(anonymous_42)
FNDA:0,(anonymous_43)
FNDA:0,(anonymous_44)
FNDA:0,(anonymous_45)
FNDA:0,(anonymous_46)
FNDA:0,(anonymous_47)
FNDA:0,(anonymous_48)
FNDA:0,(anonymous_49)
FNDA:0,(anonymous_50)
FNDA:0,(anonymous_51)
FNDA:0,(anonymous_52)
FNDA:0,(anonymous_53)
FNDA:0,(anonymous_54)
FNDA:0,(anonymous_55)
FNDA:0,(anonymous_56)
FNDA:0,(anonymous_57)
FNDA:0,(anonymous_58)
FNDA:0,(anonymous_59)
DA:3,0
DA:4,0
DA:5,0
DA:6,0
DA:7,0
DA:28,0
DA:29,0
DA:30,0
DA:31,0
DA:41,0
DA:48,0
DA:56,0
DA:71,0
DA:72,0
DA:73,0
DA:75,0
DA:77,0
DA:132,0
DA:133,0
DA:134,0
DA:135,0
DA:136,0
DA:137,0
DA:139,0
DA:140,0
DA:142,0
DA:143,0
DA:144,0
DA:145,0
DA:146,0
DA:147,0
DA:148,0
DA:149,0
DA:150,0
DA:151,0
DA:152,0
DA:153,0
DA:154,0
DA:155,0
DA:156,0
DA:157,0
DA:158,0
DA:159,0
DA:160,0
DA:161,0
DA:162,0
DA:165,0
DA:166,0
DA:167,0
DA:168,0
DA:184,0
DA:188,0
DA:189,0
DA:190,0
DA:191,0
DA:192,0
DA:193,0
DA:194,0
DA:197,0
DA:201,0
DA:202,0
DA:203,0
DA:204,0
DA:205,0
DA:207,0
DA:211,0
DA:212,0
DA:213,0
DA:214,0
DA:216,0
DA:220,0
DA:221,0
DA:222,0
DA:223,0
DA:224,0
DA:225,0
DA:226,0
DA:227,0
DA:234,0
DA:235,0
DA:236,0
DA:237,0
DA:238,0
DA:240,0
DA:244,0
DA:245,0
DA:246,0
DA:247,0
DA:248,0
DA:250,0
DA:254,0
DA:255,0
DA:256,0
DA:257,0
DA:258,0
DA:259,0
DA:260,0
DA:263,0
DA:264,0
DA:265,0
DA:266,0
DA:267,0
DA:272,0
DA:273,0
DA:274,0
DA:277,0
DA:281,0
DA:282,0
DA:283,0
DA:284,0
DA:285,0
DA:291,0
DA:292,0
DA:293,0
DA:294,0
DA:295,0
DA:297,0
DA:298,0
DA:301,0
DA:305,0
DA:306,0
DA:307,0
DA:308,0
DA:309,0
DA:312,0
DA:313,0
DA:314,0
DA:315,0
DA:316,0
DA:327,0
DA:328,0
DA:329,0
DA:330,0
DA:331,0
DA:332,0
DA:335,0
DA:339,0
DA:340,0
DA:341,0
DA:342,0
DA:347,0
DA:350,0
DA:351,0
DA:352,0
DA:358,0
DA:359,0
DA:362,0
DA:363,0
DA:364,0
DA:365,0
DA:366,0
DA:367,0
DA:368,0
DA:370,0
DA:371,0
DA:377,0
DA:378,0
DA:379,0
DA:380,0
DA:381,0
DA:382,0
DA:384,0
DA:385,0
DA:388,0
DA:392,0
DA:393,0
DA:394,0
DA:395,0
DA:396,0
DA:401,0
DA:402,0
DA:403,0
DA:404,0
DA:405,0
DA:409,0
DA:413,0
DA:414,0
DA:415,0
DA:416,0
DA:417,0
DA:418,0
DA:419,0
DA:420,0
DA:422,0
DA:425,0
DA:429,0
DA:430,0
DA:436,0
DA:437,0
DA:439,0
DA:469,0
DA:475,0
DA:487,0
DA:496,0
DA:497,0
DA:541,0
DA:550,0
DA:590,0
DA:592,0
DA:631,0
DA:639,0
DA:648,0
DA:692,0
DA:763,0
DA:766,0
DA:769,0
DA:782,0
DA:817,0
DA:818,0
DA:833,0
DA:834,0
DA:853,0
DA:860,0
DA:861,0
DA:862,0
DA:882,0
DA:883,0
DA:894,0
DA:904,0
DA:921,0
DA:972,0
DA:973,0
DA:982,0
DA:983,0
DA:984,0
DA:989,0
DA:1037,0
DA:1045,0
DA:1053,0
DA:1057,0
DA:1066,0
DA:1067,0
DA:1068,0
DA:1069,0
DA:1070,0
LF:235
LH:0
BRDA:189,0,0,0
BRDA:189,0,1,0
BRDA:192,1,0,0
BRDA:192,1,1,0
BRDA:202,2,0,0
BRDA:202,2,1,0
BRDA:205,3,0,0
BRDA:205,3,1,0
BRDA:214,4,0,0
BRDA:214,4,1,0
BRDA:221,5,0,0
BRDA:221,5,1,0
BRDA:224,6,0,0
BRDA:224,6,1,0
BRDA:235,7,0,0
BRDA:235,7,1,0
BRDA:238,8,0,0
BRDA:238,8,1,0
BRDA:245,9,0,0
BRDA:245,9,1,0
BRDA:248,10,0,0
BRDA:248,10,1,0
BRDA:264,11,0,0
BRDA:264,11,1,0
BRDA:272,12,0,0
BRDA:272,12,1,0
BRDA:282,13,0,0
BRDA:282,13,1,0
BRDA:282,14,0,0
BRDA:282,14,1,0
BRDA:282,14,2,0
BRDA:291,15,0,0
BRDA:291,15,1,0
BRDA:298,16,0,0
BRDA:298,16,1,0
BRDA:306,17,0,0
BRDA:306,17,1,0
BRDA:307,18,0,0
BRDA:307,18,1,0
BRDA:313,19,0,0
BRDA:313,19,1,0
BRDA:313,20,0,0
BRDA:313,20,1,0
BRDA:313,20,2,0
BRDA:313,20,3,0
BRDA:327,21,0,0
BRDA:327,21,1,0
BRDA:340,22,0,0
BRDA:340,22,1,0
BRDA:341,23,0,0
BRDA:341,23,1,0
BRDA:351,24,0,0
BRDA:351,24,1,0
BRDA:363,25,0,0
BRDA:363,25,1,0
BRDA:366,26,0,0
BRDA:366,26,1,0
BRDA:366,27,0,0
BRDA:366,27,1,0
BRDA:377,28,0,0
BRDA:377,28,1,0
BRDA:385,29,0,0
BRDA:385,29,1,0
BRDA:393,30,0,0
BRDA:393,30,1,0
BRDA:394,31,0,0
BRDA:394,31,1,0
BRDA:401,32,0,0
BRDA:401,32,1,0
BRDA:403,33,0,0
BRDA:403,33,1,0
BRDA:414,34,0,0
BRDA:414,34,1,0
BRDA:414,35,0,0
BRDA:414,35,1,0
BRDA:418,36,0,0
BRDA:418,36,1,0
BRDA:420,37,0,0
BRDA:420,37,1,0
BRDA:429,38,0,0
BRDA:429,38,1,0
BRDA:436,39,0,0
BRDA:436,39,1,0
BRDA:439,40,0,0
BRDA:439,40,1,0
BRDA:453,41,0,0
BRDA:453,41,1,0
BRDA:469,42,0,0
BRDA:485,43,0,0
BRDA:487,44,0,0
BRDA:487,44,1,0
BRDA:506,45,0,0
BRDA:506,45,1,0
BRDA:507,46,0,0
BRDA:507,46,1,0
BRDA:556,47,0,0
BRDA:556,47,1,0
BRDA:556,47,2,0
BRDA:557,48,0,0
BRDA:557,48,1,0
BRDA:570,49,0,0
BRDA:570,49,1,0
BRDA:575,50,0,0
BRDA:575,50,1,0
BRDA:576,51,0,0
BRDA:577,52,0,0
BRDA:577,52,1,0
BRDA:583,53,0,0
BRDA:583,53,1,0
BRDA:595,54,0,0
BRDA:595,54,1,0
BRDA:600,55,0,0
BRDA:600,55,1,0
BRDA:601,56,0,0
BRDA:601,56,1,0
BRDA:602,57,0,0
BRDA:602,57,1,0
BRDA:603,58,0,0
BRDA:603,58,1,0
BRDA:609,59,0,0
BRDA:668,60,0,0
BRDA:668,60,1,0
BRDA:676,61,0,0
BRDA:675,62,0,0
BRDA:675,62,1,0
BRDA:697,63,0,0
BRDA:697,63,1,0
BRDA:697,63,2,0
BRDA:705,64,0,0
BRDA:705,64,1,0
BRDA:706,65,0,0
BRDA:706,65,1,0
BRDA:709,66,0,0
BRDA:709,66,1,0
BRDA:718,67,0,0
BRDA:718,67,1,0
BRDA:724,68,0,0
BRDA:746,69,0,0
BRDA:754,70,0,0
BRDA:781,71,0,0
BRDA:781,71,1,0
BRDA:812,72,0,0
BRDA:817,73,0,0
BRDA:817,73,1,0
BRDA:818,74,0,0
BRDA:818,74,1,0
BRDA:823,75,0,0
BRDA:833,76,0,0
BRDA:833,76,1,0
BRDA:834,77,0,0
BRDA:834,77,1,0
BRDA:849,78,0,0
BRDA:861,79,0,0
BRDA:861,79,1,0
BRDA:867,80,0,0
BRDA:867,80,1,0
BRDA:875,81,0,0
BRDA:876,82,0,0
BRDA:893,83,0,0
BRDA:893,83,1,0
BRDA:895,84,0,0
BRDA:895,84,1,0
BRDA:895,84,2,0
BRDA:894,85,0,0
BRDA:894,85,1,0
BRDA:902,86,0,0
BRDA:902,86,1,0
BRDA:906,87,0,0
BRDA:906,87,1,0
BRDA:913,88,0,0
BRDA:913,88,1,0
BRDA:922,89,0,0
BRDA:922,89,1,0
BRDA:929,90,0,0
BRDA:929,90,1,0
BRDA:929,91,0,0
BRDA:929,91,1,0
BRDA:944,92,0,0
BRDA:944,92,1,0
BRDA:944,93,0,0
BRDA:944,93,1,0
BRDA:946,94,0,0
BRDA:946,94,1,0
BRDA:948,95,0,0
BRDA:951,96,0,0
BRDA:951,96,1,0
BRDA:921,97,0,0
BRDA:921,97,1,0
BRDA:980,98,0,0
BRDA:980,98,1,0
BRDA:983,99,0,0
BRDA:983,99,1,0
BRDA:1012,100,0,0
BRF:193
BRH:0
end_of_record
TN:
SF:app/portfolio/page.tsx
FN:9,PortfolioPage
FNF:1
FNH:0
FNDA:0,PortfolioPage
DA:2,0
DA:4,0
DA:9,0
DA:10,0
LF:4
LH:0
BRF:0
BRH:0
end_of_record
TN:
SF:app/pricing/PricingClient.tsx
FN:40,PricingClient
FN:51,(anonymous_3)
FN:61,(anonymous_4)
FN:94,(anonymous_5)
FN:146,(anonymous_6)
FN:179,(anonymous_7)
FN:188,(anonymous_8)
FN:207,(anonymous_9)
FNF:8
FNH:0
FNDA:0,PricingClient
FNDA:0,(anonymous_3)
FNDA:0,(anonymous_4)
FNDA:0,(anonymous_5)
FNDA:0,(anonymous_6)
FNDA:0,(anonymous_7)
FNDA:0,(anonymous_8)
FNDA:0,(anonymous_9)
DA:3,0
DA:4,0
DA:5,0
DA:6,0
DA:7,0
DA:8,0
DA:9,0
DA:10,0
DA:11,0
DA:12,0
DA:13,0
DA:15,0
DA:17,0
DA:28,0
DA:40,0
DA:41,0
DA:42,0
DA:43,0
DA:44,0
DA:45,0
DA:46,0
DA:47,0
DA:49,0
DA:51,0
DA:52,0
DA:53,0
DA:54,0
DA:55,0
DA:59,0
DA:61,0
DA:62,0
DA:63,0
DA:64,0
DA:66,0
DA:67,0
DA:68,0
DA:69,0
DA:70,0
DA:78,0
DA:79,0
DA:80,0
DA:82,0
DA:83,0
DA:85,0
DA:88,0
DA:90,0
DA:94,0
DA:95,0
DA:96,0
DA:97,0
DA:99,0
DA:147,0
DA:179,0
DA:188,0
DA:208,0
LF:55
LH:0
BRDA:52,0,0,0
BRDA:52,0,1,0
BRDA:54,1,0,0
BRDA:54,1,1,0
BRDA:59,2,0,0
BRDA:59,2,1,0
BRDA:62,3,0,0
BRDA:62,3,1,0
BRDA:66,4,0,0
BRDA:66,4,1,0
BRDA:79,5,0,0
BRDA:79,5,1,0
BRDA:80,6,0,0
BRDA:80,6,1,0
BRDA:82,7,0,0
BRDA:82,7,1,0
BRDA:95,8,0,0
BRDA:95,8,1,0
BRDA:105,9,0,0
BRDA:105,9,1,0
BRDA:116,10,0,0
BRDA:123,11,0,0
BRDA:124,12,0,0
BRDA:124,12,1,0
BRDA:182,13,0,0
BRDA:182,13,1,0
BRDA:191,14,0,0
BRDA:191,14,1,0
BRDA:199,15,0,0
BRDA:199,15,1,0
BRDA:201,16,0,0
BRDA:209,17,0,0
BRDA:209,17,1,0
BRDA:217,18,0,0
BRDA:217,18,1,0
BRDA:220,19,0,0
BRDA:222,20,0,0
BRF:37
BRH:0
end_of_record
TN:
SF:app/pricing/page.tsx
FN:26,PricingPage
FNF:1
FNH:0
FNDA:0,PricingPage
DA:2,0
DA:3,0
DA:5,0
DA:26,0
LF:4
LH:0
BRF:0
BRH:0
end_of_record
TN:
SF:app/privacy/page.tsx
FN:14,PrivacyPage
FNF:1
FNH:0
FNDA:0,PrivacyPage
DA:2,0
DA:3,0
DA:4,0
DA:6,0
DA:14,0
LF:5
LH:0
BRF:0
BRH:0
end_of_record
TN:
SF:app/profile/page.tsx
FN:45,ProfilePage
FN:64,(anonymous_3)
FN:67,(anonymous_4)
FN:70,(anonymous_5)
FN:82,(anonymous_6)
FN:103,(anonymous_7)
FN:112,(anonymous_8)
FN:114,(anonymous_9)
FN:117,(anonymous_10)
FN:119,(anonymous_11)
FN:122,(anonymous_12)
FN:135,(anonymous_13)
FN:150,(anonymous_14)
FN:165,(anonymous_15)
FN:176,(anonymous_16)
FN:189,(anonymous_17)
FN:207,(anonymous_18)
FN:262,(anonymous_19)
FN:268,(anonymous_20)
FN:336,(anonymous_21)
FN:354,(anonymous_22)
FN:358,(anonymous_23)
FN:371,(anonymous_24)
FN:420,(anonymous_25)
FN:424,(anonymous_26)
FN:428,(anonymous_27)
FN:446,(anonymous_28)
FN:447,(anonymous_29)
FN:459,(anonymous_30)
FN:460,(anonymous_31)
FN:479,(anonymous_32)
FN:500,(anonymous_33)
FN:507,(anonymous_34)
FN:514,(anonymous_35)
FNF:34
FNH:6
FNDA:5,ProfilePage
FNDA:1,(anonymous_3)
FNDA:0,(anonymous_4)
FNDA:1,(anonymous_5)
FNDA:0,(anonymous_6)
FNDA:0,(anonymous_7)
FNDA:0,(anonymous_8)
FNDA:0,(anonymous_9)
FNDA:0,(anonymous_10)
FNDA:0,(anonymous_11)
FNDA:0,(anonymous_12)
FNDA:0,(anonymous_13)
FNDA:0,(anonymous_14)
FNDA:0,(anonymous_15)
FNDA:0,(anonymous_16)
FNDA:0,(anonymous_17)
FNDA:0,(anonymous_18)
FNDA:20,(anonymous_19)
FNDA:0,(anonymous_20)
FNDA:0,(anonymous_21)
FNDA:1,(anonymous_22)
FNDA:0,(anonymous_23)
FNDA:5,(anonymous_24)
FNDA:0,(anonymous_25)
FNDA:0,(anonymous_26)
FNDA:0,(anonymous_27)
FNDA:0,(anonymous_28)
FNDA:0,(anonymous_29)
FNDA:0,(anonymous_30)
FNDA:0,(anonymous_31)
FNDA:0,(anonymous_32)
FNDA:0,(anonymous_33)
FNDA:0,(anonymous_34)
FNDA:0,(anonymous_35)
DA:3,1
DA:4,1
DA:5,1
DA:6,1
DA:7,1
DA:8,1
DA:9,1
DA:10,1
DA:11,1
DA:12,1
DA:13,1
DA:14,1
DA:15,1
DA:32,1
DA:36,1
DA:43,1
DA:45,2
DA:46,5
DA:47,5
DA:48,5
DA:50,5
DA:51,5
DA:52,5
DA:53,5
DA:55,5
DA:56,5
DA:57,5
DA:58,5
DA:59,5
DA:60,5
DA:61,5
DA:62,5
DA:64,5
DA:65,1
DA:66,0
DA:67,1
DA:70,5
DA:71,1
DA:72,1
DA:73,1
DA:74,1
DA:76,0
DA:78,1
DA:82,5
DA:83,0
DA:84,0
DA:85,0
DA:87,0
DA:88,0
DA:89,0
DA:91,0
DA:92,0
DA:93,0
DA:94,0
DA:95,0
DA:97,0
DA:99,0
DA:103,5
DA:104,0
DA:105,0
DA:106,0
DA:108,0
DA:112,5
DA:113,0
DA:114,0
DA:117,5
DA:118,0
DA:119,0
DA:122,5
DA:123,0
DA:124,0
DA:125,0
DA:126,0
DA:127,0
DA:129,0
DA:131,0
DA:135,5
DA:136,0
DA:137,0
DA:138,0
DA:141,0
DA:142,0
DA:144,0
DA:146,0
DA:150,5
DA:151,0
DA:152,0
DA:153,0
DA:156,0
DA:157,0
DA:159,0
DA:161,0
DA:165,5
DA:166,0
DA:167,0
DA:168,0
DA:169,0
DA:170,0
DA:172,0
DA:176,5
DA:177,0
DA:178,0
DA:179,0
DA:180,0
DA:181,0
DA:183,0
DA:185,0
DA:189,5
DA:190,0
DA:191,0
DA:192,0
DA:194,0
DA:195,0
DA:196,0
DA:197,0
DA:198,0
DA:199,0
DA:201,0
DA:203,0
DA:207,5
DA:208,0
DA:209,0
DA:212,5
DA:220,5
DA:263,20
DA:264,20
DA:265,20
DA:268,0
DA:336,0
DA:354,1
DA:358,0
DA:372,5
DA:420,0
DA:424,0
DA:428,0
DA:447,0
DA:459,0
DA:460,0
DA:479,0
DA:500,0
DA:507,0
DA:514,0
LF:142
LH:59
BRDA:55,0,0,5
BRDA:55,0,1,0
BRDA:56,1,0,5
BRDA:56,1,1,5
BRDA:65,2,0,1
BRDA:65,2,1,0
BRDA:73,3,0,1
BRDA:73,3,1,1
BRDA:76,4,0,0
BRDA:76,4,1,0
BRDA:83,5,0,0
BRDA:83,5,1,0
BRDA:87,6,0,0
BRDA:87,6,1,0
BRDA:97,7,0,0
BRDA:97,7,1,0
BRDA:108,8,0,0
BRDA:108,8,1,0
BRDA:129,9,0,0
BRDA:129,9,1,0
BRDA:141,10,0,0
BRDA:141,10,1,0
BRDA:141,11,0,0
BRDA:141,11,1,0
BRDA:144,12,0,0
BRDA:144,12,1,0
BRDA:156,13,0,0
BRDA:156,13,1,0
BRDA:156,14,0,0
BRDA:156,14,1,0
BRDA:159,15,0,0
BRDA:159,15,1,0
BRDA:168,16,0,0
BRDA:168,16,1,0
BRDA:168,17,0,0
BRDA:168,17,1,0
BRDA:172,18,0,0
BRDA:172,18,1,0
BRDA:183,19,0,0
BRDA:183,19,1,0
BRDA:190,20,0,0
BRDA:190,20,1,0
BRDA:190,21,0,0
BRDA:190,21,1,0
BRDA:201,22,0,0
BRDA:201,22,1,0
BRDA:212,23,0,0
BRDA:212,23,1,5
BRDA:220,24,0,0
BRDA:220,24,1,5
BRDA:249,25,0,5
BRDA:249,25,1,5
BRDA:250,26,0,0
BRDA:250,26,1,1
BRDA:251,27,0,0
BRDA:252,28,0,1
BRDA:252,28,1,1
BRDA:271,29,0,5
BRDA:271,29,1,15
BRDA:297,30,0,5
BRDA:307,31,0,5
BRDA:307,31,1,5
BRDA:309,32,0,5
BRDA:309,32,1,0
BRDA:314,33,0,5
BRDA:314,33,1,0
BRDA:317,34,0,5
BRDA:321,35,0,0
BRDA:321,35,1,5
BRDA:321,36,0,0
BRDA:321,36,1,5
BRDA:322,37,0,5
BRDA:322,37,1,0
BRDA:325,38,0,0
BRDA:326,39,0,0
BRDA:340,40,0,0
BRDA:363,41,0,5
BRDA:367,42,0,5
BRDA:367,42,1,5
BRDA:389,43,0,0
BRDA:389,43,1,5
BRDA:392,44,0,0
BRDA:395,45,0,5
BRDA:403,46,0,0
BRDA:403,46,1,5
BRDA:403,47,0,0
BRDA:403,47,1,5
BRDA:404,48,0,0
BRDA:404,48,1,5
BRDA:404,49,0,0
BRDA:404,49,1,5
BRDA:411,50,0,5
BRDA:431,51,0,0
BRDA:438,52,0,5
BRDA:447,53,0,0
BRDA:447,53,1,0
BRDA:459,54,0,0
BRDA:459,54,1,0
BRDA:460,55,0,0
BRDA:460,55,1,0
BRDA:478,56,0,0
BRDA:478,56,1,0
BRDA:487,57,0,5
BRDA:500,58,0,0
BRDA:500,58,1,0
BRDA:507,59,0,0
BRDA:507,59,1,0
BRDA:514,60,0,0
BRDA:514,60,1,0
BRDA:529,61,0,0
BRDA:529,61,1,0
BRDA:533,62,0,0
BRDA:533,62,1,0
BRDA:539,63,0,0
BRDA:548,64,0,0
BRDA:551,65,0,0
BRDA:551,65,1,0
BRDA:552,66,0,0
BRF:118
BRH:36
end_of_record
TN:
SF:app/signals/SignalsClient.tsx
FN:44,SignalsClient
FN:61,(anonymous_3)
FN:77,(anonymous_4)
FN:89,(anonymous_5)
FN:101,(anonymous_6)
FN:113,(anonymous_7)
FN:130,(anonymous_8)
FN:151,(anonymous_9)
FN:155,(anonymous_10)
FN:159,(anonymous_11)
FN:162,(anonymous_12)
FN:178,(anonymous_14)
FN:198,(anonymous_15)
FN:288,(anonymous_16)
FN:329,(anonymous_17)
FN:360,(anonymous_18)
FN:362,(anonymous_19)
FN:376,(anonymous_20)
FN:378,(anonymous_21)
FN:391,(anonymous_22)
FN:393,(anonymous_23)
FN:426,(anonymous_24)
FN:428,(anonymous_25)
FN:454,(anonymous_26)
FNF:24
FNH:0
FNDA:0,SignalsClient
FNDA:0,(anonymous_3)
FNDA:0,(anonymous_4)
FNDA:0,(anonymous_5)
FNDA:0,(anonymous_6)
FNDA:0,(anonymous_7)
FNDA:0,(anonymous_8)
FNDA:0,(anonymous_9)
FNDA:0,(anonymous_10)
FNDA:0,(anonymous_11)
FNDA:0,(anonymous_12)
FNDA:0,(anonymous_14)
FNDA:0,(anonymous_15)
FNDA:0,(anonymous_16)
FNDA:0,(anonymous_17)
FNDA:0,(anonymous_18)
FNDA:0,(anonymous_19)
FNDA:0,(anonymous_20)
FNDA:0,(anonymous_21)
FNDA:0,(anonymous_22)
FNDA:0,(anonymous_23)
FNDA:0,(anonymous_24)
FNDA:0,(anonymous_25)
FNDA:0,(anonymous_26)
DA:3,0
DA:4,0
DA:5,0
DA:6,0
DA:7,0
DA:8,0
DA:9,0
DA:10,0
DA:17,0
DA:18,0
DA:19,0
DA:20,0
DA:21,0
DA:22,0
DA:23,0
DA:42,0
DA:44,0
DA:45,0
DA:46,0
DA:47,0
DA:48,0
DA:49,0
DA:51,0
DA:52,0
DA:53,0
DA:54,0
DA:55,0
DA:56,0
DA:57,0
DA:58,0
DA:59,0
DA:61,0
DA:62,0
DA:63,0
DA:64,0
DA:65,0
DA:66,0
DA:67,0
DA:68,0
DA:69,0
DA:70,0
DA:71,0
DA:73,0
DA:76,0
DA:77,0
DA:78,0
DA:80,0
DA:81,0
DA:83,0
DA:85,0
DA:89,0
DA:90,0
DA:91,0
DA:92,0
DA:95,0
DA:97,0
DA:101,0
DA:102,0
DA:103,0
DA:104,0
DA:107,0
DA:109,0
DA:113,0
DA:114,0
DA:115,0
DA:116,0
DA:122,0
DA:123,0
DA:126,0
DA:130,0
DA:131,0
DA:132,0
DA:133,0
DA:134,0
DA:138,0
DA:139,0
DA:140,0
DA:141,0
DA:142,0
DA:145,0
DA:147,0
DA:151,0
DA:152,0
DA:153,0
DA:154,0
DA:155,0
DA:156,0
DA:157,0
DA:159,0
DA:162,0
DA:163,0
DA:164,0
DA:165,0
DA:166,0
DA:167,0
DA:168,0
DA:178,0
DA:198,0
DA:288,0
DA:330,0
DA:361,0
DA:362,0
DA:363,0
DA:377,0
DA:378,0
DA:379,0
DA:392,0
DA:393,0
DA:394,0
DA:427,0
DA:429,0
DA:455,0
LF:112
LH:0
BRDA:62,0,0,0
BRDA:62,0,1,0
BRDA:69,1,0,0
BRDA:69,1,1,0
BRDA:70,2,0,0
BRDA:70,2,1,0
BRDA:71,3,0,0
BRDA:71,3,1,0
BRDA:76,4,0,0
BRDA:76,4,1,0
BRDA:78,5,0,0
BRDA:78,5,1,0
BRDA:81,6,0,0
BRDA:81,6,1,0
BRDA:83,7,0,0
BRDA:83,7,1,0
BRDA:90,8,0,0
BRDA:90,8,1,0
BRDA:95,9,0,0
BRDA:95,9,1,0
BRDA:102,10,0,0
BRDA:102,10,1,0
BRDA:107,11,0,0
BRDA:107,11,1,0
BRDA:114,12,0,0
BRDA:114,12,1,0
BRDA:122,13,0,0
BRDA:122,13,1,0
BRDA:131,14,0,0
BRDA:131,14,1,0
BRDA:138,15,0,0
BRDA:138,15,1,0
BRDA:145,16,0,0
BRDA:145,16,1,0
BRDA:165,17,0,0
BRDA:165,17,1,0
BRDA:166,18,0,0
BRDA:166,18,1,0
BRDA:173,19,0,0
BRDA:203,20,0,0
BRDA:203,20,1,0
BRDA:215,21,0,0
BRDA:215,21,1,0
BRDA:221,22,0,0
BRDA:233,23,0,0
BRDA:241,24,0,0
BRDA:241,24,1,0
BRDA:242,25,0,0
BRDA:242,25,1,0
BRDA:252,26,0,0
BRDA:252,26,1,0
BRDA:260,27,0,0
BRDA:353,28,0,0
BRDA:353,28,1,0
BRDA:359,29,0,0
BRDA:359,29,1,0
BRDA:375,30,0,0
BRDA:375,30,1,0
BRDA:390,31,0,0
BRDA:390,31,1,0
BRDA:406,32,0,0
BRDA:426,33,0,0
BRDA:425,34,0,0
BRDA:425,34,1,0
BRDA:436,35,0,0
BRDA:443,36,0,0
BRDA:482,37,0,0
BRDA:482,37,1,0
BRDA:500,38,0,0
BRDA:500,38,1,0
BRDA:502,39,0,0
BRDA:502,39,1,0
BRDA:507,40,0,0
BRDA:507,40,1,0
BRDA:514,41,0,0
BRDA:514,41,1,0
BRDA:519,42,0,0
BRDA:519,42,1,0
BRF:78
BRH:0
end_of_record
TN:
SF:app/signals/page.tsx
FN:25,SignalsPage
FNF:1
FNH:0
FNDA:0,SignalsPage
DA:2,0
DA:4,0
DA:25,0
LF:3
LH:0
BRF:0
BRH:0
end_of_record
TN:
SF:app/terms/page.tsx
FN:14,TermsPage
FNF:1
FNH:0
FNDA:0,TermsPage
DA:2,0
DA:3,0
DA:4,0
DA:6,0
DA:14,0
LF:5
LH:0
BRF:0
BRH:0
end_of_record
TN:
SF:app/trades/page.tsx
FN:8,TradesPage
FNF:1
FNH:0
FNDA:0,TradesPage
DA:3,0
DA:4,0
DA:5,0
DA:6,0
DA:8,0
DA:9,0
LF:6
LH:0
BRF:0
BRH:0
end_of_record
TN:
SF:app/yield-curve/YieldCurveClient.tsx
FN:126,YieldCurveClient
FN:134,(anonymous_3)
FN:136,(anonymous_4)
FN:142,(anonymous_5)
FN:156,(anonymous_6)
FN:160,(anonymous_7)
FN:170,(anonymous_8)
FN:181,(anonymous_9)
FN:190,(anonymous_10)
FN:200,(anonymous_11)
FN:215,(anonymous_12)
FN:228,(anonymous_13)
FN:384,(anonymous_14)
FN:387,(anonymous_15)
FN:411,(anonymous_16)
FN:481,(anonymous_17)
FN:482,(anonymous_18)
FN:585,(anonymous_19)
FN:610,(anonymous_20)
FNF:19
FNH:0
FNDA:0,YieldCurveClient
FNDA:0,(anonymous_3)
FNDA:0,(anonymous_4)
FNDA:0,(anonymous_5)
FNDA:0,(anonymous_6)
FNDA:0,(anonymous_7)
FNDA:0,(anonymous_8)
FNDA:0,(anonymous_9)
FNDA:0,(anonymous_10)
FNDA:0,(anonymous_11)
FNDA:0,(anonymous_12)
FNDA:0,(anonymous_13)
FNDA:0,(anonymous_14)
FNDA:0,(anonymous_15)
FNDA:0,(anonymous_16)
FNDA:0,(anonymous_17)
FNDA:0,(anonymous_18)
FNDA:0,(anonymous_19)
FNDA:0,(anonymous_20)
DA:3,0
DA:4,0
DA:5,0
DA:6,0
DA:7,0
DA:8,0
DA:9,0
DA:10,0
DA:11,0
DA:12,0
DA:13,0
DA:14,0
DA:24,0
DA:26,0
DA:126,0
DA:127,0
DA:128,0
DA:129,0
DA:130,0
DA:131,0
DA:132,0
DA:134,0
DA:135,0
DA:136,0
DA:137,0
DA:139,0
DA:142,0
DA:143,0
DA:144,0
DA:145,0
DA:146,0
DA:147,0
DA:148,0
DA:150,0
DA:152,0
DA:156,0
DA:157,0
DA:160,0
DA:161,0
DA:162,0
DA:163,0
DA:164,0
DA:165,0
DA:166,0
DA:170,0
DA:171,0
DA:172,0
DA:173,0
DA:174,0
DA:175,0
DA:176,0
DA:177,0
DA:181,0
DA:182,0
DA:183,0
DA:184,0
DA:185,0
DA:186,0
DA:190,0
DA:191,0
DA:192,0
DA:193,0
DA:194,0
DA:195,0
DA:196,0
DA:200,0
DA:201,0
DA:202,0
DA:203,0
DA:204,0
DA:207,0
DA:215,0
DA:218,0
DA:228,0
DA:229,0
DA:230,0
DA:231,0
DA:232,0
DA:233,0
DA:234,0
DA:235,0
DA:236,0
DA:237,0
DA:238,0
DA:385,0
DA:387,0
DA:412,0
DA:413,0
DA:414,0
DA:481,0
DA:482,0
DA:586,0
DA:611,0
LF:93
LH:0
BRDA:134,0,0,0
BRDA:145,1,0,0
BRDA:145,1,1,0
BRDA:161,2,0,0
BRDA:161,2,1,0
BRDA:161,2,2,0
BRDA:161,2,3,0
BRDA:161,2,4,0
BRDA:171,3,0,0
BRDA:171,3,1,0
BRDA:171,3,2,0
BRDA:171,3,3,0
BRDA:171,3,4,0
BRDA:171,3,5,0
BRDA:182,4,0,0
BRDA:182,4,1,0
BRDA:182,4,2,0
BRDA:182,4,3,0
BRDA:191,5,0,0
BRDA:191,5,1,0
BRDA:191,5,2,0
BRDA:191,5,3,0
BRDA:191,5,4,0
BRDA:201,6,0,0
BRDA:201,6,1,0
BRDA:202,7,0,0
BRDA:202,7,1,0
BRDA:203,8,0,0
BRDA:203,8,1,0
BRDA:207,9,0,0
BRDA:207,9,1,0
BRDA:228,10,0,0
BRDA:228,10,1,0
BRDA:229,11,0,0
BRDA:229,11,1,0
BRDA:230,12,0,0
BRDA:230,12,1,0
BRDA:234,13,0,0
BRDA:234,13,1,0
BRDA:235,14,0,0
BRDA:235,14,1,0
BRDA:236,15,0,0
BRDA:236,15,1,0
BRDA:240,16,0,0
BRDA:240,16,1,0
BRDA:252,17,0,0
BRDA:252,17,1,0
BRDA:264,18,0,0
BRDA:264,18,1,0
BRDA:269,19,0,0
BRDA:269,19,1,0
BRDA:273,20,0,0
BRDA:273,20,1,0
BRDA:285,21,0,0
BRDA:298,22,0,0
BRDA:298,22,1,0
BRDA:299,23,0,0
BRDA:299,23,1,0
BRDA:309,24,0,0
BRDA:309,24,1,0
BRDA:310,25,0,0
BRDA:310,25,1,0
BRDA:321,26,0,0
BRDA:321,26,1,0
BRDA:329,27,0,0
BRDA:333,28,0,0
BRDA:333,28,1,0
BRDA:334,29,0,0
BRDA:334,29,1,0
BRDA:335,30,0,0
BRDA:335,30,1,0
BRDA:336,31,0,0
BRDA:336,31,1,0
BRDA:337,32,0,0
BRDA:337,32,1,0
BRDA:343,33,0,0
BRDA:343,33,1,0
BRDA:344,34,0,0
BRDA:344,34,1,0
BRDA:345,35,0,0
BRDA:345,35,1,0
BRDA:346,36,0,0
BRDA:346,36,1,0
BRDA:347,37,0,0
BRDA:347,37,1,0
BRDA:354,38,0,0
BRDA:354,38,1,0
BRDA:355,39,0,0
BRDA:355,39,1,0
BRDA:356,40,0,0
BRDA:356,40,1,0
BRDA:357,41,0,0
BRDA:357,41,1,0
BRDA:369,42,0,0
BRDA:390,43,0,0
BRDA:390,43,1,0
BRDA:397,44,0,0
BRDA:397,44,1,0
BRDA:398,45,0,0
BRDA:398,45,1,0
BRDA:399,46,0,0
BRDA:399,46,1,0
BRDA:400,47,0,0
BRDA:400,47,1,0
BRDA:401,48,0,0
BRDA:401,48,1,0
BRDA:402,49,0,0
BRDA:402,49,1,0
BRDA:413,50,0,0
BRDA:413,50,1,0
BRDA:434,51,0,0
BRDA:434,51,1,0
BRDA:435,52,0,0
BRDA:435,52,1,0
BRDA:436,53,0,0
BRDA:436,53,1,0
BRDA:437,54,0,0
BRDA:437,54,1,0
BRDA:438,55,0,0
BRDA:438,55,1,0
BRDA:439,56,0,0
BRDA:439,56,1,0
BRDA:445,57,0,0
BRDA:445,57,1,0
BRDA:446,58,0,0
BRDA:446,58,1,0
BRDA:447,59,0,0
BRDA:447,59,1,0
BRDA:448,60,0,0
BRDA:448,60,1,0
BRDA:449,61,0,0
BRDA:449,61,1,0
BRDA:450,62,0,0
BRDA:450,62,1,0
BRDA:452,63,0,0
BRDA:477,64,0,0
BRDA:501,65,0,0
BRDA:505,66,0,0
BRDA:505,66,1,0
BRDA:556,67,0,0
BRDA:562,68,0,0
BRDA:576,69,0,0
BRDA:590,70,0,0
BRDA:590,70,1,0
BRDA:618,71,0,0
BRDA:628,72,0,0
BRF:146
BRH:0
end_of_record
TN:
SF:app/yield-curve/page.tsx
FN:25,YieldCurvePage
FNF:1
FNH:0
FNDA:0,YieldCurvePage
DA:2,0
DA:4,0
DA:25,0
DA:26,0
LF:4
LH:0
BRF:0
BRH:0
end_of_record
